Drill Listing
=============
Drill: .004  Tool: 1  Feed: 0  Speed: 0
X -36387  Y 14400
X -36387  Y 24000
X -41187  Y 24000
X -43545  Y 27627
X -36387  Y 28800
X -41187  Y 28800
X -41187  Y 33600
X -36387  Y 33600
X -45987  Y 38400
X -35800  Y 38600
X -41187  Y 43200
X -45987  Y 43200
X -34800  Y 44200
X -37800  Y 45000
X -48324  Y 45478
X -45987  Y 48000
X -34070  Y 49181
X -37600  Y 50000
X -40400  Y 51600
X -45987  Y 52800
X -34070  Y 53981
X -34156  Y 59031
X -47400  Y 60000
X -47400  Y 61200
X -47400  Y 62400
X -47400  Y 63600
X -47400  Y 64800
X -47400  Y 66000
X -47400  Y 67200
X -47400  Y 68400
X -47400  Y 69600
X -47400  Y 70800
X -47400  Y 72000
X -47400  Y 73200
X -47400  Y 74400
X -47400  Y 75600
X -47400  Y 76800
X -47400  Y 78000
X -33400  Y 78200
X -47400  Y 79200
X -47400  Y 80400
X -47400  Y 81600
X -47400  Y 82800
X -47600  Y 84000
X -46400  Y 84000
X -47600  Y 85200
X -46400  Y 85200
X -47600  Y 86400
X -47600  Y 87600
X -47600  Y 88800
X -47600  Y 90000
X -34400  Y 91000
X -47600  Y 91200
X -47600  Y 92400
X -47600  Y 93600
X -47600  Y 94800
X -47600  Y 96000
X -34400  Y 97200
X -47600  Y 97200
X -47600  Y 98400
X -47600  Y 99600
X -47600  Y 100800
X -47600  Y 102000
X -47600  Y 103200
X -47600  Y 104400
X -47600  Y 105600
X -34400  Y 105800
X -47600  Y 106800
X -47600  Y 108000
X -47600  Y 109200
X -47600  Y 110400
X -47600  Y 111600
X -47600  Y 112800
X -47600  Y 114000
X -34400  Y 115200
X -47600  Y 115200
X -47600  Y 116400
X -47600  Y 117600
X -47600  Y 118800
X -47600  Y 120000
X -47600  Y 121200
X -47600  Y 122400
X -47600  Y 123600
X -47600  Y 124800
X -34400  Y 125800
X -47600  Y 126000
X -47600  Y 127200
X -47600  Y 128400
X -47600  Y 129600
X -49400  Y 130000
X -47600  Y 130800
X -49400  Y 131200
X -51000  Y 131800
X -47600  Y 132000
X -49400  Y 132400
X -51000  Y 133000
X -51000  Y 134200
X -57400  Y 135400
X -45200  Y 136800
X -57400  Y 137600
X -46600  Y 138200
X -48200  Y 139800
X -48400  Y 142200
X -46800  Y 143400
X -57600  Y 145000
X -57600  Y 148200
X -46000  Y 151200
X -57600  Y 151800
X -57600  Y 155000
X -57600  Y 158200
X -48800  Y 167400
X -48800  Y 170600
X -48800  Y 174200
X -48800  Y 177400
X -48800  Y 180600
X -49000  Y 184800
X -49000  Y 188000
X -49000  Y 191600
X -49000  Y 194800
X -33400  Y 194800
X -49000  Y 198000
X -49000  Y 202600
X -49000  Y 205800
X -49000  Y 209400
X -49000  Y 212600
X -49000  Y 215800
X -50800  Y 219800
X -50800  Y 223000
X -50800  Y 226600
X -50800  Y 229800
X -50800  Y 233000
X -50800  Y 237000
X -37000  Y 237400
X -50800  Y 240200
X -50800  Y 243800
X -35000  Y 245400
X -50800  Y 247000
X -37400  Y 249200
X -50800  Y 250200
X -35000  Y 254200
X -50800  Y 257200
X -48800  Y 257600
X -48800  Y 261200
X -48800  Y 264400
X -48800  Y 267600
X -48800  Y 271800
X -35400  Y 271800
X -35400  Y 273000
X -48800  Y 275000
X -35400  Y 275400
X -35800  Y 277800
X -48800  Y 278600
X -35800  Y 280200
X -48800  Y 281800
X -35800  Y 282600
X -48800  Y 285000
X -49400  Y 291800
X -49400  Y 295000
X -49400  Y 298600
X -49400  Y 301800
X -49400  Y 305000
X -35800  Y 306400
X -46800  Y 308400
X -41000  Y 308600
X -35800  Y 310000
X -46800  Y 312000
X -41000  Y 312200
X -35800  Y 313600
X -46800  Y 315200
X -41000  Y 315400
X -35800  Y 316800
X -37771  Y 322386
X -34800  Y 329200
X -36144  Y 330488
X -34361  Y 332006
X -32671  Y 333178
X -42672  Y 333571
X -41637  Y 334888
X -38167  Y 334888
X -37596  Y 336240
X -40693  Y 337447
X -9029  Y 359671
X -29660  Y 355804
X -26579  Y 354142
X -30742  Y 353925
X -31902  Y 351911
X -22421  Y 351527
X -8650  Y 350970
X -25573  Y 349844
X -25604  Y 348344
X -30600  Y 347800
X -10320  Y 342860
X -17861  Y 341407
X -12079  Y 341162
X -20676  Y 339037
X -31114  Y 335253
X -25200  Y 334800
X -16508  Y 333869
X -32400  Y 327400
X -32400  Y 324200
X -10200  Y 323800
X -10200  Y 320600
X -10200  Y 317400
X -29800  Y 316800
X -24600  Y 316800
X -20200  Y 316800
X -16200  Y 316600
X -29800  Y 313600
X -24600  Y 313600
X -20200  Y 313600
X -16200  Y 313400
X -11200  Y 313000
X -29800  Y 310000
X -24600  Y 310000
X -20200  Y 310000
X -16200  Y 309800
X -11200  Y 309400
X -15600  Y 289000
X -20600  Y 289000
X -20600  Y 284200
X -15600  Y 284200
X -25600  Y 284000
X -29400  Y 283200
X -20600  Y 279400
X -24100  Y 278300
X -19400  Y 275600
X -22600  Y 275000
X -26400  Y 275000
X -15200  Y 274400
X -12400  Y 271800
X -18200  Y 270800
X -22400  Y 270800
X -26000  Y 269200
X -22200  Y 267600
X -15200  Y 267600
X -11400  Y 264000
X -24400  Y 263800
X -19000  Y 263400
X -19000  Y 260200
X -15200  Y 260200
X -10000  Y 259800
X -21400  Y 258600
X -23800  Y 254400
X -16800  Y 253000
X -17800  Y 251400
X -22000  Y 250600
X -14400  Y 250600
X -20200  Y 249400
X -24800  Y 249000
X -10600  Y 246000
X -17600  Y 244800
X -23200  Y 242800
X -18200  Y 241600
X -14600  Y 240200
X -25200  Y 240200
X -7800  Y 239400
X -18200  Y 238400
X -22000  Y 238400
X -14600  Y 237000
X -10800  Y 237000
X -10800  Y 233800
X -10800  Y 230600
X -21140  Y 230315
X -25158  Y 227914
X -10800  Y 226800
X -10800  Y 223600
X -25600  Y 222400
X -10800  Y 220400
X -23622  Y 220210
X -10800  Y 216800
X -28000  Y 214600
X -10800  Y 213600
X -10800  Y 210400
X -28600  Y 209000
X -10800  Y 206600
X -27913  Y 204550
X -10800  Y 203400
X -28166  Y 202756
X -10800  Y 200200
X -24452  Y 192735
X -10836  Y 189766
X -27922  Y 185426
X -10950  Y 184716
X -26270  Y 180680
X -10950  Y 179916
X -16360  Y 178932
X -25800  Y 176000
X -18000  Y 175200
X -10950  Y 175116
X -16360  Y 174132
X -18000  Y 172800
X -25800  Y 171300
X -11116  Y 170075
X -16360  Y 169332
X -24579  Y 169011
X -13200  Y 166800
X -11116  Y 165275
X -16526  Y 165038
X -13200  Y 164400
X -21032  Y 163979
X -12000  Y 161000
X -16526  Y 160238
X -21032  Y 159179
X -16800  Y 156600
X -11230  Y 155425
X -21032  Y 154379
X -8000  Y 152400
X -11230  Y 150625
X -18040  Y 150388
X -21146  Y 149329
X -8200  Y 147200
X -11230  Y 145825
X -18040  Y 145588
X -21146  Y 144529
X -8200  Y 140600
X -18200  Y 140400
X -21146  Y 139729
X -8200  Y 136000
X -12387  Y 134400
X -27200  Y 134400
X -8504  Y 131091
X -12387  Y 129600
X -18200  Y 129600
X -14387  Y 129400
X -8618  Y 126041
X -21987  Y 124800
X -18179  Y 122641
X -12328  Y 122548
X -14612  Y 122126
X -8618  Y 121241
X -21987  Y 120000
X -18179  Y 117841
X -12328  Y 117748
X -14787  Y 116800
X -21106  Y 116542
X -8618  Y 116441
X -27200  Y 115800
X -18179  Y 113041
X -12328  Y 112948
X -14787  Y 112000
X -21441  Y 110517
X -18187  Y 110400
X -12387  Y 110400
X -28400  Y 108800
X -12442  Y 107898
X -18200  Y 107800
X -12442  Y 103098
X -18200  Y 102800
X -21692  Y 101646
X -19600  Y 98400
X -12442  Y 98298
X -28800  Y 97000
X -28200  Y 95000
X -12558  Y 94866
X -28200  Y 93400
X -17187  Y 91200
X -28186  Y 88737
X -11002  Y 87475
X -28200  Y 86200
X -28186  Y 83937
X -12387  Y 81600
X -15600  Y 81600
X -28800  Y 81400
X -17200  Y 80000
X -14000  Y 80000
X -28300  Y 78887
X -17200  Y 78400
X -14000  Y 78400
X -10800  Y 78400
X -9187  Y 76800
X -10800  Y 76800
X -12387  Y 76800
X -15600  Y 76800
X -14000  Y 76800
X -10800  Y 75200
X -17200  Y 75200
X -14000  Y 75200
X -28300  Y 74087
X -17200  Y 73600
X -10800  Y 73600
X -14000  Y 73600
X -9187  Y 72000
X -10800  Y 72000
X -12387  Y 72000
X -17200  Y 72000
X -14000  Y 72000
X -10800  Y 70400
X -17200  Y 70400
X -30200  Y 70400
X -14000  Y 70400
X -28300  Y 69287
X -10800  Y 68800
X -17200  Y 68800
X -14000  Y 68800
X -9187  Y 67200
X -10800  Y 67200
X -12400  Y 67200
X -17200  Y 67200
X -14000  Y 67200
X -17200  Y 65600
X -10800  Y 65600
X -14000  Y 65600
X -32000  Y 65200
X -28093  Y 64806
X -10800  Y 64000
X -17200  Y 64000
X -14000  Y 64000
X -12400  Y 64000
X -17200  Y 62400
X -9187  Y 62400
X -10800  Y 62400
X -14000  Y 62400
X -17200  Y 60800
X -10800  Y 60800
X -12400  Y 60800
X -14000  Y 60800
X -28093  Y 60006
X -17200  Y 59200
X -10812  Y 59200
X -7612  Y 59200
X -14012  Y 59200
X -17200  Y 57600
X -15600  Y 57600
X -12387  Y 57600
X -10800  Y 57600
X -9187  Y 57600
X -14000  Y 57600
X -17200  Y 56000
X -10812  Y 56000
X -14012  Y 56000
X -7612  Y 56000
X -28093  Y 55206
X -10800  Y 54400
X -14012  Y 54400
X -17187  Y 52800
X -12387  Y 52800
X -10787  Y 52800
X -9187  Y 52800
X -14000  Y 52800
X -10800  Y 51200
X -14012  Y 51200
X -28207  Y 50156
X -10800  Y 49600
X -14012  Y 49600
X -9187  Y 48000
X -14000  Y 48000
X -12387  Y 48000
X -10787  Y 48000
X -10800  Y 46400
X -14012  Y 46400
X -28207  Y 45356
X -14012  Y 44800
X -10787  Y 44800
X -14000  Y 43200
X -9187  Y 43200
X -17187  Y 43200
X -10800  Y 43200
X -12387  Y 43200
X -14012  Y 41600
X -10800  Y 41600
X -28207  Y 40556
X -10787  Y 40000
X -14012  Y 40000
X -30200  Y 39000
X -10800  Y 38400
X -12387  Y 38400
X -17187  Y 38400
X -14000  Y 38400
X -31587  Y 33600
X -12502  Y 30065
X -31587  Y 28800
X -26787  Y 28800
X -26787  Y 24000
X -21987  Y 24000
X -9400  Y 22000
X -26787  Y 19200
X -22200  Y 19200
X -17200  Y 16600
X -26787  Y 14400
X -31587  Y 14400
X -17187  Y 14400
X -21987  Y 14400
X -12387  Y 14400
X -26787  Y 9600
X -31587  Y 9600
X -17187  Y 9600
X -12387  Y 9600
X -21987  Y 9600
X -30363  Y 6371
X -11468  Y 6371
X -23882  Y 6316
X -16357  Y 6316
X -7239  Y 6371
X -7587  Y 9600
X -2787  Y 9600
X 8460  Y 11116
X 14399  Y 11281
X 2246  Y 11281
X 6812  Y 14400
X 16412  Y 14400
X 11612  Y 14400
X 2012  Y 14400
X -2787  Y 14400
X 15912  Y 17300
X 15912  Y 20600
X 16432  Y 23428
X -7600  Y 23600
X -5800  Y 25400
X 11612  Y 33600
X -7587  Y 33600
X -7600  Y 36800
X -1200  Y 36800
X -6000  Y 38400
X -1200  Y 38400
X 3612  Y 38400
X 2012  Y 38400
X 11612  Y 38400
X 6812  Y 38400
X -2787  Y 38400
X -7587  Y 38400
X -1200  Y 40000
X -2812  Y 40000
X -4412  Y 40000
X -6000  Y 40000
X -7600  Y 40000
X 2000  Y 40000
X 3600  Y 40000
X -1200  Y 41600
X -4412  Y 41600
X -7600  Y 41600
X 1987  Y 41600
X 5200  Y 41600
X 2000  Y 43200
X -4412  Y 43200
X -5987  Y 43200
X -7600  Y 43200
X -1212  Y 43200
X 16412  Y 43200
X -2787  Y 43200
X 11612  Y 43200
X 3600  Y 43200
X 5212  Y 43200
X 6812  Y 43200
X 412  Y 43200
X -1187  Y 44800
X -4400  Y 44800
X -7587  Y 44800
X 2000  Y 44800
X 8412  Y 44800
X 5212  Y 44800
X -1200  Y 46400
X -4412  Y 46400
X 1987  Y 46400
X -7600  Y 46400
X 8400  Y 46400
X 5200  Y 46400
X -4400  Y 48000
X -5987  Y 48000
X -7587  Y 48000
X 8400  Y 48000
X 2000  Y 48000
X 6812  Y 48000
X -1200  Y 48000
X 412  Y 48000
X -2787  Y 48000
X 5200  Y 48000
X 3600  Y 48000
X 10000  Y 48000
X 5200  Y 49600
X -4412  Y 49600
X -7600  Y 49600
X 2012  Y 49600
X 11612  Y 49600
X 8400  Y 49600
X -1187  Y 49600
X -4412  Y 51200
X -7600  Y 51200
X 5200  Y 51200
X 11612  Y 51200
X 8400  Y 51200
X -1187  Y 51200
X 2012  Y 51200
X -4400  Y 52800
X -5987  Y 52800
X -7587  Y 52800
X 13200  Y 52800
X 11612  Y 52800
X 8400  Y 52800
X 6812  Y 52800
X 10000  Y 52800
X 2000  Y 52800
X -1200  Y 52800
X 5200  Y 52800
X -2787  Y 52800
X 3600  Y 52800
X 412  Y 52800
X -4400  Y 54400
X -7600  Y 54400
X -1200  Y 54400
X 2000  Y 54400
X 11612  Y 54400
X 8400  Y 54400
X 5200  Y 54400
X -1212  Y 56000
X -4412  Y 56000
X 1987  Y 56000
X 11600  Y 56000
X 5187  Y 56000
X 8387  Y 56000
X -1200  Y 57600
X -4400  Y 57600
X -5987  Y 57600
X -7600  Y 57600
X 5225  Y 57600
X 8425  Y 57600
X 2012  Y 57600
X 6825  Y 57600
X 412  Y 57600
X -2787  Y 57600
X 3612  Y 57600
X 10000  Y 57600
X -4412  Y 59200
X 1987  Y 59200
X -1212  Y 59200
X 5200  Y 59200
X 8400  Y 59200
X 14200  Y 60000
X -4400  Y 60800
X -1200  Y 60800
X -7600  Y 60800
X 5212  Y 60800
X 2000  Y 60800
X -4400  Y 62400
X 3600  Y 62400
X -7600  Y 62400
X -5987  Y 62400
X -1200  Y 62400
X 412  Y 62400
X 1987  Y 62400
X 5200  Y 62400
X -2787  Y 62400
X 6800  Y 62400
X 1987  Y 64000
X -4400  Y 64000
X -7600  Y 64000
X -1200  Y 64000
X 9800  Y 64400
X -7600  Y 65600
X -4400  Y 65600
X -1200  Y 65600
X 1987  Y 65600
X -5987  Y 67200
X -7600  Y 67200
X -4400  Y 67200
X 412  Y 67200
X -1200  Y 67200
X -2787  Y 67200
X -7600  Y 68800
X -4400  Y 68800
X -1200  Y 68800
X 5200  Y 69000
X -7600  Y 70400
X -4400  Y 70400
X -2800  Y 72000
X -5987  Y 72000
X -7600  Y 72000
X -4400  Y 72000
X 1400  Y 72800
X -7600  Y 73600
X -7600  Y 75200
X -1200  Y 75400
X 13364  Y 77980
X 2600  Y 78400
X -3611  Y 78674
X 2600  Y 79800
X 35  Y 81397
X 2600  Y 84000
X -5897  Y 84411
X 181  Y 84655
X 2800  Y 87800
X 181  Y 88058
X 13137  Y 89425
X -6432  Y 91024
X 14800  Y 91471
X 2028  Y 91656
X 5335  Y 93504
X 15033  Y 94641
X -889  Y 94720
X -4730  Y 94866
X 5400  Y 97600
X 15033  Y 99638
X -3952  Y 101576
X 5600  Y 104600
X 15033  Y 104695
X 2952  Y 105222
X -6383  Y 105320
X 15003  Y 110197
X -7587  Y 110400
X -2787  Y 115200
X 15003  Y 116146
X 5500  Y 119800
X 2012  Y 120000
X -612  Y 123612
X 15003  Y 123761
X 4712  Y 123761
X 13000  Y 128800
X 2600  Y 128996
X -3557  Y 129025
X 5600  Y 131700
X 15033  Y 131702
X -5166  Y 132859
X 2012  Y 134400
X 6812  Y 134400
X -2787  Y 134400
X 13000  Y 134900
X -5166  Y 137659
X 2012  Y 139200
X 6812  Y 139200
X 14350  Y 140125
X -5166  Y 142459
X 2012  Y 144000
X 9546  Y 145708
X 14285  Y 146746
X -5052  Y 147509
X 2534  Y 151438
X -5052  Y 152309
X 15000  Y 153000
X 15800  Y 156400
X -5052  Y 157109
X 4375  Y 157965
X 11997  Y 159165
X -7600  Y 159200
X 150  Y 160471
X 6773  Y 161776
X -7600  Y 165000
X 6773  Y 166576
X 2200  Y 166600
X -1600  Y 166600
X -6000  Y 168000
X 11997  Y 168765
X -3600  Y 169200
X 150  Y 170071
X 6773  Y 171376
X -5166  Y 173343
X 12111  Y 173815
X 264  Y 175121
X 6887  Y 176426
X -5166  Y 178143
X 12111  Y 178615
X 264  Y 179921
X 6887  Y 181226
X -5166  Y 182943
X 12111  Y 183415
X 264  Y 184721
X 6887  Y 186026
X -5052  Y 187993
X 57  Y 190134
X 16628  Y 191327
X 7053  Y 192746
X -5052  Y 192793
X 12453  Y 194089
X 57  Y 194934
X 16628  Y 196127
X 7053  Y 197546
X -5052  Y 197593
X 57  Y 199734
X -7600  Y 200200
X 7053  Y 202346
X -7600  Y 203400
X 171  Y 204784
X -7600  Y 206600
X 16443  Y 206991
X -3800  Y 207000
X -600  Y 207000
X 7167  Y 207396
X -600  Y 210200
X -3800  Y 210200
X -7600  Y 210400
X 16628  Y 210527
X 11828  Y 210527
X 7167  Y 212196
X -7600  Y 213600
X -600  Y 213800
X 3200  Y 213800
X 6400  Y 213800
X -3800  Y 213800
X 11828  Y 215327
X -7600  Y 216800
X -600  Y 217000
X 3200  Y 217000
X 6400  Y 217000
X -3800  Y 217000
X 12000  Y 220000
X 15200  Y 220000
X -3800  Y 220400
X -7600  Y 220400
X -600  Y 220400
X 6400  Y 220600
X 3200  Y 220600
X 15200  Y 223200
X -600  Y 223600
X -3800  Y 223600
X -7600  Y 223600
X 6400  Y 223800
X 3200  Y 223800
X -3800  Y 226800
X -600  Y 226800
X -7600  Y 226800
X 6400  Y 227000
X 3200  Y 227000
X -600  Y 230600
X -7600  Y 230600
X -3800  Y 230600
X 3200  Y 230800
X 10600  Y 230800
X 6400  Y 230800
X 13800  Y 230800
X -7600  Y 233800
X -3800  Y 233800
X -600  Y 233800
X 3200  Y 234000
X 6400  Y 234000
X 10600  Y 234000
X 13800  Y 234000
X 13800  Y 239600
X 10600  Y 239600
X 6800  Y 239600
X 2600  Y 240000
X -3800  Y 240000
X -600  Y 240000
X -600  Y 242600
X 13800  Y 243000
X 10600  Y 243000
X 8800  Y 247200
X 4000  Y 247200
X -3400  Y 247400
X -5200  Y 249000
X -6800  Y 250800
X 0  Y 251600
X 4000  Y 252200
X -6800  Y 253200
X -6800  Y 254800
X 0  Y 254800
X 4000  Y 255400
X 15600  Y 256200
X 10400  Y 256200
X -7600  Y 257400
X 15600  Y 259400
X 10400  Y 259400
X 6800  Y 259800
X 6800  Y 263000
X 15600  Y 263000
X 15600  Y 266200
X -6510  Y 267013
X 6800  Y 269800
X 11000  Y 269800
X -4000  Y 269800
X 1600  Y 269800
X 15600  Y 269800
X -7000  Y 281200
X -3000  Y 284200
X 3400  Y 284400
X 8800  Y 284400
X 13600  Y 284400
X 2200  Y 286600
X -3000  Y 286600
X -6400  Y 287400
X 13600  Y 288400
X -7200  Y 309400
X -3200  Y 309400
X 1200  Y 309400
X 14400  Y 310000
X 1200  Y 313000
X -3200  Y 313000
X -7200  Y 313000
X 14400  Y 313200
X 14400  Y 316800
X -6400  Y 317400
X 1200  Y 317600
X 7400  Y 319400
X 14400  Y 320000
X -3200  Y 320400
X -6400  Y 320600
X 7400  Y 322600
X 14400  Y 323200
X -6400  Y 323800
X 1200  Y 324000
X 7400  Y 325800
X -640  Y 336417
X -2494  Y 337122
X -1311  Y 338305
X -3132  Y 349493
X 8800  Y 351800
X 2300  Y 353200
X -1100  Y 357100
X -7100  Y 357700
X -3200  Y 358800
X 5400  Y 365000
X 2200  Y 365000
X -1000  Y 366200
X 3800  Y 366200
X 2200  Y 368200
X 5400  Y 368200
X -1600  Y 368200
X -1600  Y 372000
X 5400  Y 372000
X 2200  Y 372000
X 38600  Y 367000
X 35400  Y 367000
X 31000  Y 366800
X 27000  Y 366600
X 35400  Y 363800
X 38600  Y 363800
X 31000  Y 363600
X 27000  Y 363400
X 38600  Y 360600
X 35400  Y 360600
X 31000  Y 360400
X 27000  Y 360200
X 35400  Y 356800
X 38600  Y 356800
X 31000  Y 356600
X 27000  Y 356400
X 38600  Y 353600
X 31200  Y 353400
X 29200  Y 353400
X 26400  Y 340200
X 17400  Y 339200
X 19000  Y 323200
X 24600  Y 323200
X 39200  Y 323200
X 29800  Y 323200
X 34000  Y 323200
X 24600  Y 319600
X 19000  Y 319600
X 39200  Y 319600
X 34000  Y 319600
X 29800  Y 319600
X 36400  Y 293200
X 41600  Y 293200
X 18800  Y 288400
X 24000  Y 288400
X 29200  Y 288400
X 36400  Y 288400
X 41600  Y 288400
X 18800  Y 284400
X 21200  Y 269800
X 26400  Y 269800
X 30600  Y 269800
X 21200  Y 266200
X 26400  Y 266200
X 30600  Y 266200
X 35000  Y 266200
X 21200  Y 263000
X 26400  Y 263000
X 30600  Y 263000
X 35000  Y 263000
X 21200  Y 259400
X 26400  Y 259400
X 30600  Y 259400
X 35000  Y 259400
X 21200  Y 256200
X 26400  Y 256200
X 30600  Y 256200
X 35000  Y 256200
X 22000  Y 252400
X 34400  Y 252400
X 28000  Y 242800
X 37600  Y 242800
X 32800  Y 242800
X 17600  Y 239600
X 20800  Y 239600
X 24800  Y 237200
X 28000  Y 237200
X 31200  Y 237200
X 34400  Y 237200
X 37600  Y 237200
X 40800  Y 237200
X 21600  Y 232800
X 24800  Y 232800
X 40800  Y 232800
X 34400  Y 232800
X 31200  Y 232800
X 37600  Y 232800
X 28000  Y 232800
X 18400  Y 229600
X 24800  Y 229600
X 40800  Y 229600
X 37600  Y 229600
X 32800  Y 229600
X 34400  Y 229600
X 21600  Y 229600
X 28000  Y 229600
X 32800  Y 228000
X 26400  Y 228000
X 34400  Y 226400
X 21600  Y 226400
X 37600  Y 226400
X 40800  Y 226400
X 28000  Y 226400
X 18400  Y 226400
X 24800  Y 226400
X 32800  Y 224800
X 34400  Y 223200
X 18400  Y 223200
X 21600  Y 223200
X 40800  Y 223200
X 37600  Y 223200
X 28000  Y 223200
X 24800  Y 223200
X 32800  Y 221600
X 37600  Y 220000
X 40800  Y 220000
X 24800  Y 220000
X 21600  Y 220000
X 28000  Y 220000
X 31200  Y 220000
X 34400  Y 220000
X 18400  Y 220000
X 20000  Y 216800
X 38400  Y 214800
X 36000  Y 214800
X 23400  Y 214200
X 29068  Y 213777
X 36000  Y 212400
X 38400  Y 212400
X 24238  Y 211772
X 33359  Y 210699
X 21428  Y 210527
X 29068  Y 208977
X 39848  Y 208692
X 24238  Y 206972
X 33359  Y 205899
X 39978  Y 203865
X 28995  Y 203470
X 24238  Y 202172
X 18734  Y 201558
X 34268  Y 201473
X 39978  Y 199103
X 28995  Y 198670
X 24124  Y 197122
X 34438  Y 196890
X 21428  Y 196127
X 40174  Y 193819
X 33249  Y 190948
X 28881  Y 188820
X 39978  Y 188665
X 24124  Y 187522
X 28881  Y 184020
X 17716  Y 183988
X 24145  Y 182482
X 40109  Y 182468
X 33249  Y 181017
X 28881  Y 179220
X 24145  Y 177682
X 17801  Y 176418
X 40239  Y 175879
X 33334  Y 174820
X 24145  Y 172882
X 17801  Y 171618
X 28581  Y 170831
X 40435  Y 169747
X 24031  Y 167832
X 33165  Y 167266
X 17801  Y 166818
X 40370  Y 163223
X 24031  Y 163032
X 17687  Y 161768
X 37494  Y 161324
X 24031  Y 158232
X 37833  Y 155977
X 24282  Y 154212
X 40694  Y 148081
X 24600  Y 147200
X 20712  Y 147071
X 20714  Y 144314
X 40506  Y 142702
X 27673  Y 141727
X 25840  Y 141099
X 20744  Y 139287
X 33192  Y 137638
X 27127  Y 136889
X 39529  Y 135866
X 20803  Y 133606
X 33533  Y 132528
X 39052  Y 131846
X 27604  Y 130483
X 20714  Y 126735
X 27196  Y 125713
X 31761  Y 123874
X 38916  Y 122851
X 20803  Y 120578
X 27196  Y 119785
X 25443  Y 113469
X 20684  Y 113350
X 40412  Y 110400
X 25473  Y 107342
X 20744  Y 106301
X 30812  Y 105600
X 40412  Y 105600
X 20744  Y 101542
X 25414  Y 100828
X 40412  Y 96000
X 35612  Y 96000
X 20744  Y 95296
X 25414  Y 94909
X 20002  Y 90960
X 25443  Y 89317
X 19473  Y 87651
X 30812  Y 86400
X 35612  Y 86400
X 25424  Y 83166
X 18636  Y 81985
X 40412  Y 81600
X 25089  Y 76722
X 30660  Y 75178
X 22139  Y 75014
X 35561  Y 74708
X 39924  Y 72694
X 18800  Y 72200
X 25290  Y 69874
X 36994  Y 69691
X 35029  Y 69401
X 21800  Y 69200
X 35600  Y 60600
X 32200  Y 59200
X 28800  Y 59200
X 22000  Y 59200
X 39200  Y 59200
X 26400  Y 59200
X 34600  Y 57800
X 27600  Y 56800
X 22400  Y 56800
X 41800  Y 55200
X 37400  Y 55200
X 31800  Y 53800
X 26400  Y 53800
X 34084  Y 49026
X 25400  Y 49000
X 41133  Y 48896
X 19047  Y 48561
X 40412  Y 43200
X 21212  Y 43200
X 26012  Y 43200
X 21212  Y 38400
X 35612  Y 38400
X 30812  Y 38400
X 26012  Y 38400
X 40412  Y 38400
X 28800  Y 33600
X 23000  Y 33600
X 30600  Y 27000
X 42200  Y 27000
X 20800  Y 27000
X 32600  Y 23600
X 42200  Y 23600
X 22400  Y 23600
X 38612  Y 20600
X 25112  Y 19000
X 22800  Y 13800
X 32800  Y 13600
X 27212  Y 11226
X 19073  Y 11116
X 49352  Y 10896
X 63658  Y 11006
X 57495  Y 11006
X 42749  Y 11061
X 42400  Y 13600
X 64412  Y 14400
X 45212  Y 14400
X 55112  Y 19600
X 45079  Y 22816
X 47200  Y 27000
X 57300  Y 27200
X 53100  Y 27200
X 54800  Y 30300
X 59300  Y 30900
X 52700  Y 31400
X 56000  Y 31600
X 52400  Y 38200
X 45212  Y 38400
X 50012  Y 38400
X 54812  Y 38400
X 59543  Y 41524
X 54812  Y 43200
X 50012  Y 43200
X 45212  Y 43200
X 65098  Y 43257
X 55566  Y 48762
X 62413  Y 48829
X 48249  Y 48829
X 47000  Y 55200
X 51600  Y 55200
X 53200  Y 59200
X 43800  Y 59200
X 49200  Y 59200
X 63759  Y 62162
X 54812  Y 62400
X 50012  Y 62400
X 42744  Y 63765
X 64024  Y 67189
X 55901  Y 67256
X 48249  Y 69539
X 54492  Y 75782
X 59929  Y 81085
X 45212  Y 81600
X 45212  Y 86400
X 64412  Y 86400
X 50012  Y 91200
X 67045  Y 93840
X 45212  Y 96000
X 66911  Y 98337
X 58700  Y 100700
X 45212  Y 105600
X 64800  Y 110400
X 45212  Y 110400
X 64800  Y 122400
X 53226  Y 122988
X 45117  Y 122988
X 43481  Y 127076
X 64158  Y 127312
X 65385  Y 127447
X 66344  Y 128119
X 58400  Y 128600
X 67268  Y 128943
X 64024  Y 129413
X 54812  Y 129600
X 64898  Y 130254
X 46752  Y 130279
X 51318  Y 130620
X 65923  Y 130910
X 66932  Y 131548
X 67285  Y 133667
X 67184  Y 134860
X 42593  Y 134868
X 51522  Y 136412
X 58800  Y 136600
X 45935  Y 136616
X 64000  Y 139000
X 67000  Y 139600
X 65400  Y 140800
X 67250  Y 141969
X 45323  Y 143577
X 51766  Y 143953
X 58000  Y 145200
X 62750  Y 146569
X 61650  Y 147869
X 65350  Y 148169
X 45212  Y 148800
X 62650  Y 148969
X 66450  Y 149469
X 63750  Y 149969
X 57896  Y 151209
X 64950  Y 151369
X 66750  Y 151369
X 67350  Y 153669
X 66150  Y 154069
X 65050  Y 154769
X 64150  Y 155669
X 52829  Y 155776
X 48019  Y 155807
X 65750  Y 155869
X 63550  Y 157169
X 66250  Y 157269
X 57834  Y 157527
X 66650  Y 158669
X 63250  Y 158969
X 66950  Y 160169
X 63450  Y 160469
X 47934  Y 160730
X 43605  Y 161154
X 64050  Y 161869
X 64950  Y 162769
X 65950  Y 163569
X 67150  Y 164069
X 57896  Y 164408
X 52569  Y 165963
X 45784  Y 166159
X 63650  Y 166369
X 66050  Y 166369
X 67250  Y 166369
X 64850  Y 166369
X 63650  Y 167569
X 63650  Y 168769
X 63650  Y 169969
X 57834  Y 170851
X 63650  Y 171169
X 52504  Y 172161
X 63650  Y 172369
X 63650  Y 173569
X 65750  Y 173669
X 66950  Y 173669
X 45719  Y 173791
X 63650  Y 174769
X 64850  Y 175969
X 67250  Y 175969
X 66050  Y 175969
X 63650  Y 175969
X 58021  Y 177670
X 52569  Y 179989
X 65153  Y 180422
X 45915  Y 181163
X 52108  Y 184631
X 67200  Y 184800
X 64965  Y 185739
X 45859  Y 187336
X 66555  Y 189240
X 52108  Y 189431
X 45859  Y 192136
X 65090  Y 192370
X 52108  Y 194231
X 58147  Y 195498
X 45859  Y 196936
X 52222  Y 199281
X 45973  Y 201986
X 61717  Y 204475
X 64527  Y 206757
X 45973  Y 206786
X 67243  Y 208708
X 52222  Y 208881
X 58272  Y 210573
X 45973  Y 211586
X 62657  Y 211647
X 52388  Y 214667
X 64400  Y 214800
X 43000  Y 214800
X 64800  Y 218400
X 60000  Y 220000
X 47200  Y 220000
X 44000  Y 220000
X 50400  Y 220000
X 63200  Y 220000
X 56800  Y 220000
X 66400  Y 220000
X 53600  Y 220000
X 47200  Y 223200
X 55200  Y 223200
X 63200  Y 223200
X 60000  Y 223200
X 66400  Y 223200
X 56800  Y 223200
X 52000  Y 223200
X 53600  Y 223200
X 44000  Y 223200
X 50400  Y 223200
X 47200  Y 226400
X 66400  Y 226400
X 56800  Y 226400
X 63200  Y 226400
X 44000  Y 226400
X 50400  Y 226400
X 58400  Y 226400
X 53600  Y 226400
X 63200  Y 229600
X 66400  Y 229600
X 47200  Y 229600
X 53600  Y 229600
X 44000  Y 229600
X 56800  Y 229600
X 60000  Y 229600
X 50400  Y 229600
X 56800  Y 231200
X 60000  Y 232800
X 50400  Y 232800
X 47200  Y 232800
X 44000  Y 232800
X 66400  Y 232800
X 53600  Y 232800
X 56800  Y 232800
X 63200  Y 232800
X 56800  Y 237200
X 66400  Y 237200
X 47200  Y 237200
X 50400  Y 237200
X 44000  Y 237200
X 63200  Y 237200
X 53600  Y 237200
X 60000  Y 237200
X 47200  Y 242800
X 58951  Y 252385
X 64600  Y 252400
X 53000  Y 252400
X 45200  Y 252400
X 48400  Y 257000
X 46200  Y 257000
X 46200  Y 260200
X 48400  Y 260200
X 46200  Y 261800
X 62000  Y 265000
X 63400  Y 270600
X 60000  Y 270800
X 64244  Y 273097
X 57800  Y 273400
X 61000  Y 274200
X 59406  Y 277668
X 64123  Y 277781
X 56600  Y 279200
X 59377  Y 281675
X 63818  Y 286968
X 61000  Y 288200
X 56400  Y 288400
X 51200  Y 288400
X 46600  Y 288400
X 65543  Y 292510
X 61000  Y 293000
X 46600  Y 293200
X 51200  Y 293200
X 56400  Y 293200
X 50200  Y 301400
X 54400  Y 301400
X 50200  Y 305600
X 54400  Y 305600
X 64600  Y 319600
X 56400  Y 319600
X 60600  Y 319600
X 47400  Y 319600
X 51600  Y 319600
X 43400  Y 319600
X 43400  Y 323200
X 66800  Y 343000
X 63600  Y 343000
X 59800  Y 343000
X 63600  Y 346200
X 66800  Y 346200
X 59800  Y 346200
X 60000  Y 350000
X 63600  Y 350000
X 66800  Y 350000
X 66600  Y 353600
X 63400  Y 353600
X 59600  Y 353600
X 45600  Y 353600
X 42400  Y 353600
X 52600  Y 353800
X 49400  Y 353800
X 66600  Y 356800
X 42400  Y 356800
X 45600  Y 356800
X 59600  Y 356800
X 63400  Y 356800
X 56400  Y 356800
X 52600  Y 357000
X 49400  Y 357000
X 45600  Y 360600
X 42400  Y 360600
X 66600  Y 360600
X 63400  Y 360600
X 59600  Y 360600
X 56400  Y 360600
X 52600  Y 360800
X 49400  Y 360800
X 42400  Y 363800
X 45600  Y 363800
X 56400  Y 363800
X 59600  Y 363800
X 63400  Y 363800
X 66600  Y 363800
X 49400  Y 364000
X 52600  Y 364000
X 45600  Y 367000
X 42400  Y 367000
X 66600  Y 367000
X 63400  Y 367000
X 59600  Y 367000
X 56400  Y 367000
X 52600  Y 367200
X 49400  Y 367200
X 77600  Y 367200
X 73600  Y 367200
X 70400  Y 367200
X 77600  Y 364000
X 70400  Y 364000
X 73600  Y 364000
X 73600  Y 360800
X 70400  Y 360800
X 70400  Y 357000
X 73600  Y 357000
X 87410  Y 356172
X 73600  Y 353800
X 70400  Y 353800
X 76800  Y 353600
X 87424  Y 352171
X 76400  Y 350200
X 77400  Y 346800
X 77800  Y 339200
X 80600  Y 338400
X 86231  Y 336181
X 92005  Y 332825
X 83984  Y 332802
X 77000  Y 332200
X 88379  Y 323941
X 68800  Y 323400
X 73000  Y 323400
X 76800  Y 322600
X 68800  Y 319600
X 72800  Y 319600
X 76800  Y 319000
X 88302  Y 318851
X 72800  Y 316000
X 88302  Y 313992
X 81625  Y 312859
X 88358  Y 308476
X 71200  Y 308400
X 81625  Y 308059
X 76305  Y 305191
X 71200  Y 304800
X 88358  Y 303731
X 81625  Y 303259
X 76305  Y 300391
X 88320  Y 298599
X 81498  Y 297467
X 76305  Y 294677
X 88243  Y 293892
X 81498  Y 292667
X 76305  Y 289877
X 74600  Y 288400
X 81498  Y 287867
X 88358  Y 287641
X 70161  Y 287265
X 76305  Y 285077
X 81435  Y 282582
X 70161  Y 282465
X 88605  Y 281384
X 76191  Y 280027
X 81435  Y 277782
X 70161  Y 276751
X 88528  Y 275516
X 76191  Y 275227
X 81435  Y 272982
X 70161  Y 271951
X 76191  Y 270427
X 88566  Y 270265
X 70161  Y 267151
X 75106  Y 266995
X 82200  Y 252400
X 75200  Y 252400
X 86400  Y 252400
X 88200  Y 252000
X 69600  Y 242800
X 74400  Y 239600
X 82400  Y 239600
X 76000  Y 239600
X 79200  Y 239600
X 92000  Y 239600
X 85600  Y 239600
X 88800  Y 239600
X 88800  Y 237200
X 69600  Y 237200
X 72800  Y 237200
X 79200  Y 237200
X 82400  Y 237200
X 85600  Y 237200
X 92000  Y 237200
X 76000  Y 237200
X 72800  Y 232800
X 92000  Y 232800
X 85600  Y 232800
X 69600  Y 232800
X 82400  Y 232800
X 79200  Y 232800
X 76000  Y 232800
X 88800  Y 232800
X 82400  Y 229600
X 80800  Y 229600
X 77600  Y 229600
X 88800  Y 229600
X 85600  Y 229600
X 76000  Y 229600
X 79200  Y 229600
X 69600  Y 229600
X 72800  Y 229600
X 92000  Y 229600
X 79200  Y 228000
X 85600  Y 226400
X 82400  Y 226400
X 76000  Y 226400
X 72800  Y 226400
X 69600  Y 226400
X 79200  Y 226400
X 92000  Y 226400
X 88800  Y 226400
X 85600  Y 223200
X 76000  Y 223200
X 92000  Y 223200
X 88800  Y 223200
X 82400  Y 223200
X 72800  Y 223200
X 69600  Y 223200
X 79200  Y 223200
X 82400  Y 221600
X 76000  Y 221600
X 88800  Y 220000
X 92000  Y 220000
X 85600  Y 220000
X 82400  Y 220000
X 80800  Y 220000
X 74400  Y 220000
X 76000  Y 220000
X 72800  Y 220000
X 79200  Y 220000
X 69600  Y 220000
X 84000  Y 214800
X 78800  Y 214600
X 69600  Y 213600
X 91200  Y 212400
X 84000  Y 212400
X 72000  Y 211200
X 84000  Y 210000
X 91300  Y 207946
X 84000  Y 207600
X 70407  Y 206632
X 84000  Y 205200
X 76800  Y 204000
X 84000  Y 202800
X 91551  Y 202253
X 70345  Y 198062
X 88306  Y 197716
X 83196  Y 197467
X 91547  Y 197218
X 74400  Y 196800
X 74400  Y 194400
X 87808  Y 194289
X 81014  Y 192793
X 74400  Y 192000
X 76800  Y 189600
X 90550  Y 189365
X 70970  Y 188429
X 86997  Y 185875
X 84000  Y 184800
X 79200  Y 184800
X 76800  Y 184800
X 91200  Y 183600
X 84000  Y 182400
X 91200  Y 181200
X 69600  Y 180000
X 76800  Y 180000
X 79200  Y 180000
X 84000  Y 180000
X 87060  Y 179892
X 73250  Y 175969
X 80450  Y 175969
X 84050  Y 175969
X 85250  Y 175969
X 87650  Y 175969
X 88850  Y 175969
X 90050  Y 175969
X 79250  Y 175969
X 75650  Y 175969
X 76850  Y 175969
X 82850  Y 175969
X 68450  Y 175969
X 78050  Y 175969
X 86450  Y 175969
X 81650  Y 175969
X 91250  Y 175969
X 74450  Y 175969
X 70850  Y 175969
X 72050  Y 175969
X 69650  Y 175969
X 68150  Y 173669
X 69350  Y 173669
X 70550  Y 173669
X 80850  Y 173569
X 88350  Y 172769
X 87050  Y 172669
X 92350  Y 172669
X 68150  Y 172469
X 80850  Y 172369
X 72450  Y 172169
X 71050  Y 172169
X 77050  Y 172069
X 75050  Y 172069
X 89250  Y 171869
X 91450  Y 171769
X 86150  Y 171769
X 68150  Y 171269
X 74050  Y 171169
X 78050  Y 171169
X 80862  Y 171169
X 76050  Y 171169
X 71750  Y 171169
X 88350  Y 170569
X 91250  Y 170569
X 89550  Y 170569
X 85950  Y 170569
X 87150  Y 170569
X 68150  Y 170069
X 76050  Y 169969
X 74050  Y 169969
X 71750  Y 169969
X 78050  Y 169969
X 80850  Y 169969
X 84450  Y 169969
X 86350  Y 169269
X 91650  Y 169269
X 88950  Y 168969
X 68150  Y 168869
X 78050  Y 168769
X 71750  Y 168769
X 74050  Y 168769
X 76050  Y 168769
X 84450  Y 168769
X 83250  Y 168769
X 82050  Y 168769
X 80850  Y 168769
X 87550  Y 168669
X 68450  Y 166369
X 70850  Y 166369
X 73250  Y 166369
X 74450  Y 166369
X 75650  Y 166369
X 78050  Y 166369
X 85250  Y 166369
X 88850  Y 166369
X 91250  Y 166369
X 80450  Y 166369
X 86450  Y 166369
X 90050  Y 166369
X 76850  Y 166369
X 81650  Y 166369
X 87650  Y 166369
X 82850  Y 166369
X 72050  Y 166369
X 79250  Y 166369
X 69650  Y 166369
X 84050  Y 166369
X 68450  Y 164269
X 69950  Y 164069
X 71250  Y 163569
X 68750  Y 163069
X 76250  Y 162969
X 80650  Y 162969
X 72450  Y 162669
X 80650  Y 161769
X 76250  Y 161769
X 67550  Y 161669
X 73150  Y 161669
X 69750  Y 161669
X 80662  Y 160569
X 76262  Y 160569
X 73650  Y 160369
X 70350  Y 160069
X 80650  Y 159369
X 76250  Y 159369
X 73950  Y 158969
X 70850  Y 158669
X 67950  Y 158569
X 69350  Y 158569
X 90450  Y 158469
X 80650  Y 158169
X 76250  Y 158169
X 85850  Y 157969
X 84550  Y 157869
X 73750  Y 157669
X 91750  Y 157569
X 71050  Y 157369
X 90450  Y 157269
X 86750  Y 157069
X 83650  Y 156969
X 76250  Y 156769
X 80650  Y 156769
X 73250  Y 156369
X 90462  Y 156069
X 71450  Y 155969
X 87050  Y 155769
X 85850  Y 155769
X 83450  Y 155769
X 84650  Y 155769
X 72550  Y 155369
X 76350  Y 155269
X 80750  Y 155269
X 90450  Y 154869
X 71650  Y 154469
X 83850  Y 154469
X 86450  Y 154169
X 76350  Y 153869
X 80750  Y 153869
X 85050  Y 153869
X 70250  Y 153769
X 90450  Y 153669
X 68550  Y 153469
X 70550  Y 151369
X 68650  Y 151369
X 72450  Y 151369
X 76850  Y 151269
X 76850  Y 150069
X 73750  Y 149869
X 67950  Y 149569
X 71750  Y 149369
X 69450  Y 149169
X 76850  Y 148869
X 74650  Y 148869
X 70450  Y 148269
X 71750  Y 148069
X 75550  Y 147869
X 76850  Y 147569
X 71750  Y 146769
X 74550  Y 146769
X 68050  Y 146569
X 78962  Y 146269
X 86250  Y 146269
X 80362  Y 146269
X 84850  Y 146269
X 88950  Y 146069
X 69550  Y 146069
X 76862  Y 146069
X 73550  Y 145769
X 83550  Y 145369
X 87250  Y 145269
X 78162  Y 145169
X 81262  Y 145069
X 76862  Y 144869
X 70550  Y 144769
X 72450  Y 144669
X 89350  Y 144469
X 82750  Y 143969
X 87750  Y 143969
X 81262  Y 143669
X 76875  Y 143669
X 92050  Y 143669
X 71450  Y 143669
X 67850  Y 143569
X 69350  Y 143569
X 89750  Y 142969
X 70550  Y 142569
X 91250  Y 142469
X 81250  Y 142469
X 76862  Y 142469
X 87350  Y 142469
X 83150  Y 142369
X 69650  Y 141669
X 84750  Y 141369
X 90050  Y 141369
X 88150  Y 141369
X 86150  Y 141269
X 76862  Y 141269
X 81250  Y 141269
X 68450  Y 140969
X 74060  Y 138609
X 72849  Y 138474
X 71673  Y 138357
X 70546  Y 137903
X 72328  Y 137298
X 69571  Y 137281
X 68529  Y 136709
X 71572  Y 136373
X 67739  Y 135869
X 70966  Y 135381
X 70378  Y 134289
X 68445  Y 133498
X 69907  Y 133196
X 89890  Y 132338
X 91290  Y 132338
X 82098  Y 132270
X 83498  Y 132270
X 87790  Y 132138
X 69269  Y 132070
X 68008  Y 132019
X 70513  Y 131666
X 76725  Y 131510
X 75425  Y 131410
X 80798  Y 131370
X 84498  Y 131270
X 89090  Y 131238
X 92190  Y 131138
X 68647  Y 130994
X 87790  Y 130938
X 77625  Y 130610
X 71034  Y 130557
X 74525  Y 130510
X 84998  Y 129970
X 79998  Y 129970
X 67991  Y 129918
X 92190  Y 129738
X 87803  Y 129738
X 70429  Y 129464
X 77925  Y 129310
X 74325  Y 129310
X 76725  Y 129310
X 75525  Y 129310
X 87790  Y 128538
X 92178  Y 128538
X 84598  Y 128470
X 80398  Y 128370
X 74725  Y 128010
X 77325  Y 127710
X 75925  Y 127410
X 85398  Y 127370
X 81998  Y 127370
X 87790  Y 127338
X 92178  Y 127338
X 83398  Y 127270
X 73470  Y 120095
X 76795  Y 120065
X 72170  Y 119960
X 74660  Y 119725
X 71155  Y 119125
X 76750  Y 118695
X 79315  Y 118240
X 83790  Y 118225
X 82480  Y 118120
X 90425  Y 118090
X 88785  Y 117960
X 87485  Y 117945
X 77990  Y 117885
X 85040  Y 117885
X 71215  Y 117785
X 76725  Y 117340
X 80140  Y 117180
X 72215  Y 116975
X 90895  Y 116680
X 87455  Y 116675
X 85310  Y 116605
X 73470  Y 116590
X 83895  Y 116385
X 76765  Y 116075
X 74615  Y 116030
X 82670  Y 116015
X 80125  Y 115855
X 87445  Y 115375
X 90835  Y 115345
X 85365  Y 115310
X 81935  Y 114925
X 76765  Y 114780
X 74910  Y 114705
X 80110  Y 114515
X 87470  Y 114060
X 90850  Y 114045
X 85310  Y 114000
X 70540  Y 113940
X 82290  Y 113690
X 74190  Y 113660
X 76765  Y 113440
X 71715  Y 113425
X 83555  Y 113365
X 72980  Y 113290
X 80140  Y 113230
X 85530  Y 112720
X 71610  Y 107937
X 90876  Y 107870
X 76443  Y 107870
X 86446  Y 107803
X 81209  Y 107803
X 71408  Y 103439
X 81209  Y 103372
X 85909  Y 103238
X 76242  Y 103238
X 90003  Y 103171
X 90943  Y 98405
X 71811  Y 98405
X 81142  Y 98337
X 76712  Y 98337
X 86378  Y 98270
X 81008  Y 93638
X 76510  Y 93638
X 86177  Y 93571
X 71811  Y 93571
X 90876  Y 93370
X 88325  Y 90618
X 69212  Y 86400
X 78812  Y 86400
X 74012  Y 86400
X 86915  Y 84643
X 86093  Y 81062
X 86713  Y 77678
X 92129  Y 73729
X 88459  Y 71687
X 68992  Y 71620
X 78591  Y 71553
X 86149  Y 68032
X 73691  Y 66988
X 79267  Y 66001
X 82426  Y 64196
X 70975  Y 62052
X 77914  Y 59965
X 73800  Y 54400
X 86871  Y 53790
X 69395  Y 49095
X 73825  Y 43660
X 78812  Y 43200
X 88412  Y 43200
X 74012  Y 38400
X 78812  Y 38400
X 88661  Y 34128
X 74012  Y 33600
X 83612  Y 28800
X 88412  Y 28800
X 89400  Y 21000
X 80600  Y 20200
X 87200  Y 20200
X 91800  Y 17000
X 72022  Y 14700
X 69212  Y 14400
X 85255  Y 13955
X 90000  Y 13800
X 79828  Y 13188
X 91830  Y 11116
X 78019  Y 11061
X 70921  Y 11006
X 85392  Y 11006
X 103400  Y 20600
X 96500  Y 20900
X 102200  Y 25000
X 105200  Y 25800
X 95000  Y 26000
X 115200  Y 28800
X 112800  Y 28800
X 97119  Y 29160
X 115200  Y 31200
X 102758  Y 33591
X 93212  Y 38400
X 112412  Y 38400
X 117212  Y 43200
X 93212  Y 43200
X 107612  Y 43200
X 102812  Y 43200
X 98012  Y 43200
X 112412  Y 43200
X 93212  Y 48000
X 98012  Y 48000
X 117212  Y 48000
X 112412  Y 48000
X 112412  Y 52800
X 95587  Y 56822
X 98052  Y 58837
X 92682  Y 60360
X 102000  Y 70288
X 113226  Y 74688
X 107246  Y 75196
X 92412  Y 77400
X 94910  Y 80007
X 94400  Y 83600
X 99676  Y 85377
X 97522  Y 90483
X 106400  Y 91200
X 107659  Y 93034
X 95978  Y 93303
X 100400  Y 93800
X 109943  Y 95639
X 104533  Y 97692
X 95642  Y 98337
X 100543  Y 98405
X 109943  Y 100439
X 116321  Y 101575
X 104533  Y 102492
X 95642  Y 103238
X 100006  Y 103238
X 109943  Y 105239
X 104533  Y 107292
X 99804  Y 107669
X 95172  Y 107736
X 116639  Y 108413
X 110057  Y 110289
X 99135  Y 111640
X 99730  Y 112895
X 96470  Y 113830
X 93055  Y 113845
X 99640  Y 114375
X 116957  Y 114932
X 110057  Y 115089
X 92970  Y 115245
X 96395  Y 115300
X 100835  Y 115585
X 99075  Y 115630
X 93025  Y 116590
X 96380  Y 116635
X 101315  Y 116810
X 98640  Y 116810
X 101750  Y 117945
X 98235  Y 117975
X 93025  Y 118015
X 95865  Y 118025
X 94500  Y 118040
X 110057  Y 119889
X 117212  Y 120000
X 104647  Y 121942
X 117212  Y 124800
X 113612  Y 125000
X 110037  Y 125117
X 104626  Y 127542
X 117212  Y 129600
X 113612  Y 129800
X 110037  Y 129917
X 104626  Y 132342
X 113612  Y 134600
X 110037  Y 134717
X 104626  Y 137142
X 110151  Y 139767
X 96562  Y 141069
X 100950  Y 141069
X 93750  Y 141269
X 104740  Y 142192
X 100950  Y 142269
X 96562  Y 142269
X 92850  Y 142469
X 94050  Y 142969
X 96575  Y 143469
X 100962  Y 143469
X 94150  Y 144669
X 96562  Y 144669
X 100962  Y 144869
X 97862  Y 144969
X 96562  Y 145869
X 98662  Y 146069
X 100062  Y 146069
X 94550  Y 146169
X 113416  Y 146944
X 104740  Y 146992
X 110151  Y 149367
X 104740  Y 151792
X 94837  Y 153669
X 109623  Y 154500
X 113335  Y 154718
X 94837  Y 154869
X 94850  Y 156069
X 104533  Y 157392
X 94850  Y 157469
X 93950  Y 158669
X 92550  Y 158669
X 109623  Y 159300
X 104533  Y 162192
X 113462  Y 162297
X 109623  Y 164100
X 92450  Y 166369
X 97250  Y 166369
X 96050  Y 166369
X 94850  Y 166369
X 93650  Y 166369
X 104533  Y 166992
X 97250  Y 167569
X 92850  Y 168669
X 97250  Y 168769
X 94250  Y 168969
X 109737  Y 169150
X 113462  Y 169884
X 97250  Y 169969
X 93650  Y 170569
X 94850  Y 170569
X 92450  Y 170569
X 97250  Y 171169
X 100225  Y 171258
X 94550  Y 171869
X 104647  Y 172042
X 97250  Y 172369
X 93650  Y 172769
X 97250  Y 173569
X 109737  Y 173950
X 97250  Y 174769
X 94850  Y 175969
X 92450  Y 175969
X 96050  Y 175969
X 93650  Y 175969
X 97250  Y 175969
X 101051  Y 176219
X 104647  Y 176842
X 113404  Y 177065
X 109737  Y 178750
X 99088  Y 180146
X 104647  Y 181642
X 113344  Y 182054
X 95436  Y 183823
X 113344  Y 184454
X 99082  Y 184922
X 105650  Y 185503
X 95436  Y 186223
X 113344  Y 186854
X 105650  Y 187903
X 95436  Y 188623
X 113344  Y 189254
X 109188  Y 190190
X 105650  Y 190303
X 95436  Y 191023
X 113344  Y 191654
X 109188  Y 192590
X 101052  Y 192666
X 105650  Y 192703
X 95436  Y 193423
X 113432  Y 194611
X 109188  Y 194990
X 101052  Y 195066
X 105650  Y 195103
X 117323  Y 195938
X 113432  Y 197011
X 109188  Y 197390
X 101052  Y 197466
X 95613  Y 197972
X 117323  Y 198338
X 105562  Y 198414
X 113432  Y 199411
X 109188  Y 199790
X 101052  Y 199866
X 95613  Y 200372
X 117323  Y 200738
X 105562  Y 200814
X 113432  Y 201811
X 101052  Y 202266
X 95613  Y 202772
X 109453  Y 202924
X 117323  Y 203138
X 105562  Y 203214
X 113432  Y 204211
X 95613  Y 205172
X 109453  Y 205324
X 117323  Y 205538
X 105562  Y 205614
X 100919  Y 205931
X 113432  Y 206815
X 95613  Y 207572
X 109453  Y 207724
X 105562  Y 208014
X 100919  Y 208331
X 113432  Y 209215
X 109453  Y 210124
X 100919  Y 210731
X 105650  Y 210971
X 113432  Y 211615
X 95878  Y 212475
X 109453  Y 212524
X 100919  Y 213131
X 105650  Y 213371
X 113432  Y 214015
X 99800  Y 214800
X 109600  Y 214800
X 105000  Y 214800
X 95878  Y 214875
X 95200  Y 220000
X 104800  Y 220000
X 98400  Y 220000
X 101600  Y 220000
X 114400  Y 220000
X 101600  Y 223200
X 104800  Y 223200
X 95200  Y 223200
X 98400  Y 223200
X 114400  Y 223200
X 98400  Y 226400
X 95200  Y 226400
X 101600  Y 226400
X 104800  Y 226400
X 114400  Y 226400
X 95200  Y 229600
X 98400  Y 229600
X 101600  Y 229600
X 114400  Y 229600
X 104800  Y 229600
X 104800  Y 232800
X 101600  Y 232800
X 98400  Y 232800
X 95200  Y 232800
X 117200  Y 233400
X 95200  Y 237200
X 101600  Y 237200
X 111200  Y 237200
X 104800  Y 237200
X 98400  Y 237200
X 114400  Y 237600
X 98400  Y 239600
X 101600  Y 239600
X 104800  Y 239600
X 108000  Y 239600
X 95200  Y 239600
X 115350  Y 246539
X 113000  Y 249200
X 116400  Y 249600
X 116400  Y 254400
X 104100  Y 256053
X 109200  Y 256200
X 116400  Y 256800
X 112172  Y 256871
X 103991  Y 258617
X 108572  Y 259162
X 114680  Y 259980
X 110754  Y 261943
X 105399  Y 269944
X 94422  Y 269944
X 96872  Y 275139
X 104615  Y 275237
X 93442  Y 277001
X 105693  Y 278373
X 100106  Y 278373
X 113044  Y 278667
X 93442  Y 281746
X 100106  Y 283118
X 105693  Y 283118
X 113044  Y 283412
X 93386  Y 287262
X 105637  Y 288634
X 100050  Y 288634
X 112988  Y 288928
X 93386  Y 292121
X 100050  Y 293493
X 105637  Y 293493
X 112988  Y 293787
X 93463  Y 297211
X 100127  Y 298583
X 105714  Y 298583
X 113065  Y 298877
X 94226  Y 303855
X 105889  Y 303953
X 112455  Y 304149
X 99420  Y 304737
X 94226  Y 308600
X 105889  Y 308698
X 112455  Y 308894
X 99420  Y 309482
X 94170  Y 314116
X 105833  Y 314214
X 112399  Y 314410
X 99364  Y 314998
X 94170  Y 318975
X 105833  Y 319073
X 112399  Y 319269
X 99364  Y 319857
X 99828  Y 323357
X 112849  Y 323437
X 94247  Y 324065
X 105910  Y 324163
X 116004  Y 332860
X 107961  Y 332860
X 100084  Y 332864
X 102756  Y 335840
X 105121  Y 337393
X 100404  Y 337474
X 103951  Y 352180
X 101586  Y 352187
X 99211  Y 352192
X 106309  Y 354364
X 101599  Y 355894
X 99249  Y 356197
X 95916  Y 360812
X 113616  Y 361071
X 102360  Y 361174
X 112143  Y 365709
X 103451  Y 366030
X 95026  Y 368000
X 119871  Y 365812
X 126655  Y 359678
X 120367  Y 359076
X 125212  Y 354000
X 122812  Y 354000
X 127612  Y 354000
X 118121  Y 353263
X 138130  Y 350180
X 139535  Y 338387
X 124049  Y 337402
X 126421  Y 337390
X 128803  Y 337385
X 121642  Y 335246
X 131915  Y 332864
X 123401  Y 332763
X 140000  Y 330423
X 136978  Y 323869
X 131784  Y 323575
X 125708  Y 323477
X 119337  Y 323281
X 136901  Y 318779
X 131707  Y 318485
X 125631  Y 318387
X 119260  Y 318191
X 136901  Y 313920
X 131707  Y 313626
X 125631  Y 313528
X 119260  Y 313332
X 136957  Y 308404
X 131763  Y 308110
X 125687  Y 308012
X 119316  Y 307816
X 136957  Y 303659
X 131763  Y 303365
X 125687  Y 303267
X 119316  Y 303071
X 131588  Y 298975
X 137468  Y 298975
X 119435  Y 298877
X 126002  Y 298583
X 131511  Y 293885
X 137391  Y 293885
X 119358  Y 293787
X 125925  Y 293493
X 137391  Y 289026
X 131511  Y 289026
X 119358  Y 288928
X 125925  Y 288634
X 137447  Y 283510
X 131567  Y 283510
X 119414  Y 283412
X 125981  Y 283118
X 137447  Y 278765
X 131567  Y 278765
X 119414  Y 278667
X 125981  Y 278373
X 140388  Y 275825
X 134017  Y 275727
X 134017  Y 272591
X 139212  Y 272493
X 123824  Y 272101
X 134523  Y 267401
X 121701  Y 267136
X 126388  Y 266605
X 130632  Y 266340
X 134523  Y 265001
X 121701  Y 264736
X 126388  Y 264205
X 130632  Y 263940
X 134523  Y 262601
X 121701  Y 262336
X 126388  Y 261805
X 130632  Y 261540
X 134523  Y 260201
X 121701  Y 259936
X 126388  Y 259405
X 130632  Y 259140
X 134523  Y 257801
X 118800  Y 256800
X 130632  Y 256740
X 125400  Y 256000
X 122200  Y 256000
X 134125  Y 255375
X 118800  Y 254400
X 134125  Y 252975
X 125400  Y 252800
X 122200  Y 252800
X 130966  Y 251445
X 119152  Y 250600
X 134125  Y 250575
X 125400  Y 249600
X 122200  Y 249600
X 127000  Y 249600
X 134125  Y 248175
X 140193  Y 247819
X 122200  Y 246400
X 125400  Y 246400
X 130026  Y 246390
X 134125  Y 245775
X 118879  Y 245146
X 124600  Y 244200
X 140251  Y 243805
X 118201  Y 243397
X 134214  Y 242817
X 126460  Y 242801
X 122424  Y 240892
X 133600  Y 239200
X 124000  Y 239200
X 130400  Y 239200
X 127200  Y 239200
X 140000  Y 239200
X 140000  Y 236000
X 133600  Y 236000
X 127200  Y 236000
X 130400  Y 236000
X 140000  Y 232800
X 130400  Y 232800
X 133600  Y 232800
X 120400  Y 230200
X 117600  Y 229600
X 130400  Y 229600
X 140000  Y 229600
X 133600  Y 229600
X 128800  Y 227600
X 120800  Y 226400
X 117600  Y 226400
X 130400  Y 226400
X 133600  Y 226400
X 140000  Y 226400
X 120800  Y 223200
X 117600  Y 223200
X 140000  Y 223200
X 133600  Y 223200
X 130400  Y 223200
X 129000  Y 221000
X 120800  Y 220000
X 117600  Y 220000
X 130400  Y 220000
X 133600  Y 220000
X 140000  Y 220000
X 120800  Y 218400
X 134125  Y 216995
X 130721  Y 216553
X 128757  Y 215907
X 140193  Y 215529
X 119400  Y 215000
X 134125  Y 214595
X 130721  Y 214153
X 120772  Y 213939
X 117500  Y 213384
X 134125  Y 212195
X 130721  Y 211753
X 120772  Y 211539
X 117500  Y 210984
X 140193  Y 210497
X 128800  Y 210400
X 134125  Y 209795
X 130721  Y 209353
X 120772  Y 209139
X 117500  Y 208584
X 134125  Y 207395
X 130721  Y 206953
X 120772  Y 206739
X 135248  Y 205377
X 132746  Y 205260
X 128964  Y 205086
X 120772  Y 204339
X 130898  Y 204084
X 140251  Y 203573
X 134170  Y 203376
X 120595  Y 202354
X 130898  Y 201684
X 128800  Y 201200
X 134170  Y 200976
X 120595  Y 199954
X 130898  Y 199284
X 134170  Y 198576
X 120595  Y 197554
X 128848  Y 197464
X 140193  Y 197232
X 130898  Y 196884
X 134170  Y 196176
X 120595  Y 195154
X 130898  Y 194484
X 128848  Y 194323
X 134170  Y 193776
X 120595  Y 192754
X 140309  Y 192170
X 130853  Y 191477
X 134375  Y 191035
X 128906  Y 190279
X 130853  Y 189077
X 132300  Y 188400
X 135422  Y 187195
X 130853  Y 186677
X 128906  Y 186090
X 140251  Y 186061
X 130853  Y 184277
X 132804  Y 183356
X 130853  Y 181877
X 128790  Y 180912
X 140135  Y 180068
X 131408  Y 179458
X 128906  Y 175676
X 140200  Y 175500
X 128790  Y 168752
X 140200  Y 165100
X 128906  Y 164913
X 140200  Y 159100
X 118923  Y 156905
X 120016  Y 155650
X 140200  Y 154200
X 119004  Y 150791
X 140200  Y 149948
X 120138  Y 147268
X 118842  Y 144838
X 140251  Y 144728
X 124000  Y 143000
X 119814  Y 140627
X 120400  Y 138800
X 124511  Y 138562
X 140200  Y 136200
X 126812  Y 134400
X 126812  Y 129600
X 132300  Y 129600
X 121860  Y 128937
X 140200  Y 127200
X 122012  Y 124800
X 126812  Y 124800
X 126658  Y 120339
X 121410  Y 119544
X 140200  Y 117800
X 126800  Y 115200
X 120933  Y 112388
X 126658  Y 109844
X 140200  Y 108800
X 126600  Y 107200
X 121092  Y 106504
X 136500  Y 92200
X 128000  Y 90000
X 130000  Y 83200
X 129867  Y 77650
X 139200  Y 73600
X 129779  Y 71798
X 139133  Y 66575
X 129669  Y 65835
X 130000  Y 59600
X 130000  Y 53800
X 133828  Y 46132
X 136702  Y 45653
X 129200  Y 43000
X 128000  Y 43000
X 135217  Y 41775
X 135600  Y 37300
X 119369  Y 36219
X 122772  Y 35316
X 118000  Y 34300
X 126812  Y 33600
X 131612  Y 33600
X 134000  Y 31600
X 117600  Y 31200
X 122847  Y 29124
X 117600  Y 28800
X 126812  Y 28800
X 141600  Y 28800
X 131429  Y 26217
X 122700  Y 24600
X 117400  Y 24600
X 117800  Y 20400
X 136412  Y 19200
X 136412  Y 14400
X 141212  Y 14400
X 134222  Y 12878
X 120661  Y 11777
X 126604  Y 11722
X 142166  Y 9523
X 146012  Y 14400
X 146012  Y 24000
X 150812  Y 24000
X 152905  Y 26861
X 146012  Y 28800
X 150812  Y 28800
X 154412  Y 31273
X 155703  Y 33802
X 149838  Y 37461
X 145000  Y 40400
X 142800  Y 48200
X 148800  Y 48700
X 155200  Y 51200
X 151159  Y 51850
X 158400  Y 52000
X 148400  Y 52400
X 146600  Y 53600
X 146600  Y 54800
X 155200  Y 56400
X 155200  Y 63200
X 158400  Y 64000
X 151200  Y 65200
X 155200  Y 71000
X 158400  Y 73600
X 155200  Y 74800
X 158400  Y 76800
X 145600  Y 78400
X 147700  Y 82500
X 151159  Y 82864
X 145614  Y 85762
X 149900  Y 85800
X 145833  Y 91797
X 151800  Y 94200
X 151800  Y 102600
X 158578  Y 103329
X 158752  Y 108042
X 151800  Y 109000
X 158636  Y 114209
X 151800  Y 114600
X 163698  Y 116303
X 166607  Y 117059
X 165212  Y 120000
X 156600  Y 120600
X 166665  Y 122208
X 151800  Y 123200
X 159400  Y 123400
X 165212  Y 124800
X 152600  Y 125600
X 160400  Y 126200
X 166781  Y 127037
X 165212  Y 129600
X 160400  Y 129800
X 166956  Y 131517
X 154600  Y 132200
X 151800  Y 132200
X 160400  Y 133400
X 151800  Y 135400
X 154600  Y 135400
X 164047  Y 136463
X 166723  Y 137219
X 151800  Y 138600
X 154600  Y 138600
X 160400  Y 139000
X 166839  Y 140681
X 151800  Y 141800
X 154600  Y 141800
X 160400  Y 143800
X 165212  Y 144000
X 167014  Y 145859
X 165212  Y 148800
X 160400  Y 148800
X 158000  Y 151400
X 165212  Y 153600
X 155600  Y 154200
X 166897  Y 156331
X 155600  Y 157200
X 163988  Y 157611
X 161021  Y 158484
X 155600  Y 161400
X 159625  Y 165407
X 155600  Y 167200
X 154000  Y 171000
X 160672  Y 171341
X 153200  Y 173200
X 159625  Y 175705
X 153200  Y 178400
X 153200  Y 181800
X 153400  Y 197000
X 155305  Y 198286
X 155305  Y 200686
X 155305  Y 203086
X 157400  Y 205000
X 155305  Y 205486
X 153400  Y 206600
X 155305  Y 207886
X 153400  Y 209800
X 157000  Y 210800
X 159727  Y 211640
X 155378  Y 212707
X 159727  Y 214040
X 156000  Y 216800
X 159400  Y 216800
X 156000  Y 220000
X 159400  Y 220000
X 159400  Y 223200
X 156000  Y 223200
X 156000  Y 226400
X 159400  Y 226400
X 156000  Y 229600
X 159400  Y 229600
X 159400  Y 232800
X 156000  Y 232800
X 159400  Y 236000
X 156000  Y 236000
X 156000  Y 239200
X 159400  Y 239200
X 159400  Y 242400
X 156000  Y 242400
X 159400  Y 245600
X 156000  Y 245600
X 159400  Y 248800
X 156600  Y 249600
X 159904  Y 250992
X 156600  Y 251800
X 151480  Y 252764
X 159904  Y 253392
X 156541  Y 253870
X 159904  Y 255792
X 156600  Y 257400
X 150025  Y 258001
X 159904  Y 258192
X 156013  Y 259582
X 159904  Y 260592
X 152353  Y 261549
X 148629  Y 261608
X 156013  Y 261982
X 159858  Y 263528
X 153807  Y 263644
X 156013  Y 264382
X 156013  Y 266782
X 146464  Y 272787
X 145876  Y 275629
X 150679  Y 275727
X 150286  Y 278373
X 143328  Y 278667
X 150286  Y 283118
X 143328  Y 283412
X 150230  Y 288634
X 143272  Y 288928
X 150230  Y 293493
X 143272  Y 293787
X 150307  Y 298583
X 143349  Y 298877
X 143524  Y 303463
X 150090  Y 303757
X 143524  Y 308208
X 150090  Y 308502
X 143468  Y 313724
X 150034  Y 314018
X 143468  Y 318583
X 150034  Y 318877
X 143545  Y 323673
X 150111  Y 323967
X 146096  Y 332929

End of Listing
