Drill Listing
=============
Drill: .004  Tool: 1  Feed: 0  Speed: 0
X -41800  Y 26800
X -43000  Y 26800
X -44200  Y 29000
X -38200  Y 29000
X -40600  Y 31200
X -45400  Y 31200
X -33600  Y 31200
X -43000  Y 31200
X -35800  Y 31200
X -38200  Y 31200
X -44800  Y 33600
X -43600  Y 35600
X -46700  Y 35900
X -38600  Y 36400
X -39600  Y 39200
X -37000  Y 39400
X -43200  Y 40000
X -45200  Y 40400
X -47200  Y 40800
X -40600  Y 40800
X -38000  Y 42600
X -47600  Y 43200
X -38500  Y 44900
X -40600  Y 45000
X -43800  Y 45400
X -35000  Y 46200
X -47400  Y 46400
X -43600  Y 47000
X -39600  Y 47800
X -34800  Y 48000
X -47600  Y 48600
X -39800  Y 50000
X -36800  Y 50000
X -47600  Y 50800
X -38800  Y 51000
X -40200  Y 51600
X -44200  Y 51800
X -32800  Y 52400
X -38400  Y 52800
X -47600  Y 53000
X -32800  Y 54500
X -38400  Y 54500
X -44200  Y 54600
X -47600  Y 55200
X -32800  Y 56900
X -38400  Y 57600
X -41200  Y 59200
X -32800  Y 59300
X -38400  Y 59300
X -44800  Y 60200
X -32800  Y 62000
X -38400  Y 62400
X -44600  Y 63400
X -38400  Y 64100
X -34400  Y 65000
X -44600  Y 65300
X -39400  Y 65800
X -34400  Y 66400
X -38400  Y 67400
X -33000  Y 67800
X -34400  Y 67800
X -38400  Y 69000
X -33000  Y 69200
X -34400  Y 69200
X -44600  Y 70000
X -39400  Y 70400
X -34400  Y 70600
X -33000  Y 70600
X -34400  Y 72000
X -38000  Y 72400
X -44600  Y 72800
X -33900  Y 73500
X -36700  Y 73700
X -41200  Y 73800
X -44600  Y 75400
X -35900  Y 75600
X -34200  Y 77000
X -47600  Y 77200
X -44600  Y 77800
X -48387  Y 79200
X -32600  Y 79800
X -46600  Y 81000
X -38400  Y 81100
X -42800  Y 81200
X -43600  Y 82600
X -47000  Y 82800
X -32600  Y 83000
X -38400  Y 83500
X -48800  Y 84000
X -43600  Y 84400
X -39800  Y 84800
X -38400  Y 85900
X -46600  Y 87000
X -39800  Y 87000
X -38400  Y 88300
X -46600  Y 89000
X -38400  Y 90600
X -42200  Y 91800
X -47600  Y 92200
X -47600  Y 93800
X -41600  Y 94300
X -32800  Y 95400
X -47600  Y 96000
X -48800  Y 96000
X -35003  Y 97907
X -37600  Y 99600
X -42800  Y 99800
X -35200  Y 100000
X -47600  Y 100400
X -38800  Y 101600
X -35800  Y 102200
X -47235  Y 103070
X -35800  Y 103400
X -34600  Y 107200
X -38896  Y 111091
X -47736  Y 112642
X -44200  Y 115000
X -40269  Y 116100
X -47385  Y 118155
X -44200  Y 118200
X -47898  Y 121454
X -45611  Y 121530
X -37980  Y 122671
X -42373  Y 123017
X -34200  Y 124200
X -47365  Y 125381
X -43819  Y 125686
X -47174  Y 128545
X -36400  Y 129200
X -39868  Y 131537
X -32800  Y 133200
X -40655  Y 133806
X -52600  Y 134200
X -48600  Y 134400
X -47365  Y 135522
X -43895  Y 136170
X -40960  Y 136932
X -52000  Y 137200
X -55600  Y 138000
X -33700  Y 138500
X -57400  Y 139600
X -52000  Y 140400
X -47200  Y 140400
X -41572  Y 140658
X -55600  Y 141200
X -37913  Y 142061
X -57400  Y 142800
X -44478  Y 143314
X -47200  Y 143600
X -33400  Y 145400
X -57400  Y 146600
X -41922  Y 147073
X -37412  Y 148326
X -33400  Y 148400
X -57400  Y 149800
X -32600  Y 150000
X -45200  Y 150600
X -48400  Y 151000
X -55600  Y 151800
X -57200  Y 153400
X -45200  Y 153800
X -48400  Y 154200
X -55600  Y 155000
X -44600  Y 156000
X -39400  Y 156000
X -56800  Y 156600
X -54600  Y 158400
X -51400  Y 158400
X -50200  Y 158600
X -39400  Y 159200
X -44600  Y 159200
X -34200  Y 159600
X -37187  Y 161000
X -50200  Y 161800
X -42000  Y 163800
X -46000  Y 165200
X -50000  Y 165800
X -42000  Y 167000
X -46000  Y 168400
X -50000  Y 169000
X -39000  Y 171400
X -50000  Y 172200
X -39000  Y 174600
X -42200  Y 174600
X -50000  Y 175400
X -48800  Y 176400
X -42200  Y 177800
X -48800  Y 179600
X -39000  Y 183000
X -48800  Y 183200
X -39000  Y 184200
X -48800  Y 186400
X -42800  Y 187000
X -41400  Y 187000
X -39000  Y 187400
X -48800  Y 190200
X -39000  Y 190600
X -41600  Y 191000
X -48800  Y 193400
X -41600  Y 194200
X -34538  Y 195446
X -32716  Y 195580
X -48800  Y 196600
X -42000  Y 197000
X -48800  Y 199800
X -33800  Y 200000
X -33800  Y 201200
X -48800  Y 203000
X -32600  Y 206000
X -48800  Y 206200
X -34200  Y 207600
X -49000  Y 209000
X -35400  Y 209400
X -39400  Y 210200
X -49000  Y 212200
X -39400  Y 213400
X -50400  Y 214800
X -34800  Y 215600
X -50400  Y 218000
X -34800  Y 218800
X -34800  Y 220800
X -50400  Y 221600
X -40000  Y 221800
X -34800  Y 224000
X -50400  Y 224800
X -40000  Y 225000
X -50400  Y 228400
X -50400  Y 231600
X -41369  Y 234520
X -50400  Y 235200
X -34018  Y 235520
X -32708  Y 235520
X -41369  Y 235520
X -50400  Y 238400
X -50400  Y 242000
X -39600  Y 242600
X -50400  Y 245200
X -33238  Y 246417
X -50400  Y 248800
X -50400  Y 252000
X -41000  Y 255000
X -50748  Y 256347
X -36800  Y 258800
X -49000  Y 259800
X -35800  Y 260400
X -33400  Y 261800
X -48800  Y 262400
X -41000  Y 263600
X -40000  Y 264200
X -48800  Y 265600
X -35600  Y 266200
X -41200  Y 267400
X -40000  Y 268000
X -36400  Y 268600
X -48800  Y 268800
X -34400  Y 269600
X -40000  Y 270400
X -41200  Y 270600
X -36100  Y 271100
X -48600  Y 272000
X -37200  Y 275000
X -48600  Y 275200
X -34600  Y 277000
X -33200  Y 277800
X -41800  Y 278000
X -48800  Y 278800
X -41800  Y 280200
X -48800  Y 282000
X -36000  Y 282200
X -41800  Y 283800
X -34983  Y 285068
X -48800  Y 285400
X -41000  Y 286800
X -41800  Y 288600
X -48800  Y 288600
X -36400  Y 291800
X -49400  Y 292400
X -36400  Y 293400
X -49400  Y 295600
X -37400  Y 297400
X -33000  Y 298600
X -49400  Y 298800
X -36380  Y 300061
X -49400  Y 302000
X -40918  Y 302306
X -43898  Y 303001
X -48600  Y 305400
X -48600  Y 308600
X -47000  Y 312200
X -47000  Y 315400
X -33400  Y 316800
X -40222  Y 317935
X -44800  Y 318400
X -36879  Y 318888
X -44800  Y 321600
X -42800  Y 324200
X -38871  Y 327139
X -34800  Y 327200
X -42800  Y 327400
X -36650  Y 329220
X -33800  Y 331600
X -41000  Y 331800
X -38671  Y 332346
X -39800  Y 333800
X -36496  Y 334470
X -33800  Y 334800
X -38200  Y 334800
X -38200  Y 338000
X -32783  Y 340653
X -32800  Y 344000
X -32800  Y 347200
X -10600  Y 372200
X -10600  Y 369000
X -11200  Y 367600
X -10800  Y 365400
X -15400  Y 362800
X -10383  Y 360239
X -15400  Y 359600
X -21800  Y 358200
X -17800  Y 358200
X -7935  Y 358087
X -12000  Y 356800
X -21800  Y 355000
X -17800  Y 355000
X -25542  Y 354381
X -15200  Y 354064
X -8139  Y 353319
X -22600  Y 353000
X -10887  Y 350363
X -16800  Y 350000
X -22600  Y 349800
X -28400  Y 349400
X -9163  Y 348941
X -25200  Y 347000
X -28400  Y 346200
X -9500  Y 346071
X -28400  Y 344800
X -25200  Y 343800
X -13264  Y 343538
X -22046  Y 343400
X -30000  Y 343200
X -30800  Y 340000
X -22618  Y 339270
X -12600  Y 338000
X -9252  Y 336499
X -16600  Y 336400
X -7800  Y 335400
X -31200  Y 334800
X -12600  Y 333600
X -9000  Y 333400
X -17680  Y 332502
X -17597  Y 330671
X -12547  Y 328549
X -20000  Y 328400
X -32400  Y 327000
X -20000  Y 325200
X -8235  Y 324800
X -32400  Y 323800
X -20532  Y 322794
X -27800  Y 316200
X -7905  Y 315032
X -16828  Y 314504
X -18912  Y 314421
X -11197  Y 314199
X -15200  Y 305600
X -23000  Y 305400
X -20000  Y 304600
X -29800  Y 304000
X -26800  Y 302400
X -8956  Y 301913
X -31527  Y 301513
X -19200  Y 301200
X -10658  Y 300873
X -28400  Y 300600
X -26311  Y 300571
X -25275  Y 295008
X -9023  Y 293683
X -17910  Y 293607
X -25800  Y 290800
X -12400  Y 290400
X -32400  Y 290400
X -27700  Y 288700
X -17151  Y 288129
X -18933  Y 287924
X -25082  Y 286757
X -13343  Y 285606
X -28396  Y 285537
X -21886  Y 285233
X -17323  Y 285055
X -12368  Y 284198
X -28400  Y 283800
X -19313  Y 282789
X -15556  Y 281816
X -10400  Y 281800
X -8200  Y 281800
X -9021  Y 278269
X -28600  Y 277600
X -19200  Y 277200
X -20800  Y 277200
X -24800  Y 276600
X -14400  Y 276200
X -28200  Y 274000
X -14400  Y 274000
X -25400  Y 273800
X -31595  Y 273061
X -24200  Y 272400
X -19400  Y 272200
X -17000  Y 266800
X -27600  Y 266000
X -18653  Y 265829
X -9456  Y 265411
X -21600  Y 265400
X -11200  Y 265200
X -15600  Y 264000
X -17400  Y 263400
X -24400  Y 263000
X -21400  Y 263000
X -18800  Y 262400
X -25741  Y 261023
X -10400  Y 261000
X -13174  Y 257924
X -16757  Y 257191
X -17444  Y 254624
X -15942  Y 253970
X -24200  Y 253200
X -20800  Y 253200
X -25800  Y 252400
X -14179  Y 252311
X -11200  Y 251200
X -8800  Y 251200
X -29600  Y 250400
X -10000  Y 250000
X -31200  Y 249800
X -12800  Y 249653
X -16400  Y 249000
X -24400  Y 248800
X -31849  Y 247806
X -25800  Y 247800
X -23000  Y 247600
X -17800  Y 247600
X -19400  Y 244400
X -21000  Y 244200
X -28400  Y 243600
X -25000  Y 243400
X -18200  Y 243200
X -27200  Y 241000
X -28400  Y 241000
X -23200  Y 239000
X -24800  Y 239000
X -15000  Y 237000
X -17800  Y 237000
X -20400  Y 235000
X -18400  Y 232800
X -29069  Y 232225
X -22000  Y 232000
X -21878  Y 227042
X -21878  Y 226030
X -15921  Y 224355
X -20200  Y 224200
X -15921  Y 223262
X -17400  Y 221800
X -12234  Y 221091
X -22287  Y 219576
X -14769  Y 216311
X -16000  Y 216311
X -21051  Y 215082
X -22229  Y 215082
X -31000  Y 214800
X -27800  Y 214800
X -10800  Y 213800
X -29400  Y 213200
X -25200  Y 213000
X -23400  Y 213000
X -14000  Y 212600
X -12400  Y 212600
X -10800  Y 212600
X -21600  Y 212200
X -27800  Y 211600
X -10800  Y 211400
X -19600  Y 211000
X -25200  Y 210600
X -23400  Y 210600
X -15600  Y 210200
X -14000  Y 210200
X -12400  Y 210200
X -27800  Y 209600
X -25200  Y 209400
X -23400  Y 209400
X -19600  Y 207800
X -21600  Y 207800
X -25200  Y 205800
X -23400  Y 205800
X -14000  Y 205800
X -12400  Y 205800
X -10800  Y 205000
X -23400  Y 204600
X -31000  Y 204400
X -21600  Y 203400
X -19600  Y 203400
X -17600  Y 203400
X -15600  Y 203400
X -14000  Y 203400
X -12400  Y 203400
X -10800  Y 203400
X -9200  Y 203400
X -32200  Y 200000
X -29600  Y 191400
X -18191  Y 190851
X -19271  Y 190784
X -19271  Y 189680
X -18191  Y 189680
X -23800  Y 188400
X -31000  Y 186400
X -31000  Y 183200
X -9324  Y 182827
X -10984  Y 182827
X -7754  Y 182827
X -27000  Y 182200
X -20400  Y 182200
X -31600  Y 181400
X -9384  Y 181190
X -10984  Y 181190
X -7659  Y 181190
X -31600  Y 180200
X -29600  Y 178600
X -11000  Y 177700
X -17800  Y 176600
X -9800  Y 176100
X -29600  Y 175400
X -25900  Y 172000
X -31800  Y 172000
X -14400  Y 165000
X -20205  Y 163953
X -15700  Y 163400
X -18800  Y 161600
X -26873  Y 160474
X -31284  Y 160046
X -27823  Y 158453
X -13462  Y 157860
X -19800  Y 157200
X -32000  Y 156900
X -26751  Y 155941
X -13400  Y 155400
X -30702  Y 154838
X -13400  Y 153600
X -19346  Y 152950
X -10502  Y 151255
X -27455  Y 150489
X -19869  Y 149964
X -10427  Y 149023
X -17700  Y 147500
X -25600  Y 146600
X -10387  Y 146400
X -14800  Y 146200
X -26000  Y 145200
X -20059  Y 144126
X -7587  Y 144000
X -11000  Y 144000
X -27000  Y 144000
X -14400  Y 142800
X -29800  Y 142800
X -10387  Y 141600
X -27134  Y 141574
X -17800  Y 141400
X -7600  Y 140200
X -20800  Y 137800
X -23900  Y 137500
X -15000  Y 137000
X -19300  Y 136100
X -23666  Y 135440
X -13800  Y 135400
X -32200  Y 135300
X -21987  Y 134400
X -17187  Y 134400
X -15600  Y 133200
X -19587  Y 132000
X -23571  Y 131264
X -10000  Y 131200
X -21987  Y 129600
X -15400  Y 128800
X -32000  Y 128000
X -18987  Y 126700
X -7473  Y 126596
X -11000  Y 125200
X -21887  Y 124500
X -7987  Y 121100
X -21887  Y 120100
X -25400  Y 116600
X -21887  Y 115700
X -12000  Y 115400
X -10400  Y 115200
X -21840  Y 113670
X -25600  Y 112200
X -7600  Y 112000
X -10400  Y 111800
X -14000  Y 110400
X -9200  Y 110400
X -32200  Y 110200
X -22034  Y 109890
X -14787  Y 108000
X -9987  Y 108000
X -13000  Y 106000
X -20400  Y 105800
X -14600  Y 104400
X -25200  Y 103400
X -11287  Y 103200
X -14787  Y 100800
X -19800  Y 100400
X -25200  Y 100400
X -11287  Y 100000
X -25200  Y 99200
X -9295  Y 96548
X -23400  Y 94000
X -24600  Y 94000
X -14600  Y 93800
X -32400  Y 93000
X -25200  Y 91800
X -15400  Y 91200
X -31993  Y 91072
X -14687  Y 86900
X -24800  Y 86400
X -24800  Y 85200
X -24800  Y 81600
X -24800  Y 80400
X -24800  Y 79200
X -9987  Y 79200
X -31600  Y 78400
X -12400  Y 74600
X -14787  Y 74400
X -9987  Y 74400
X -30800  Y 74400
X -24588  Y 74192
X -24600  Y 73000
X -30800  Y 72800
X -9987  Y 69600
X -24588  Y 69392
X -24600  Y 68200
X -18087  Y 68100
X -24600  Y 65800
X -24600  Y 64600
X -24600  Y 63400
X -18287  Y 62600
X -13287  Y 62600
X -17000  Y 61400
X -24800  Y 61000
X -9987  Y 60000
X -24800  Y 59800
X -17087  Y 59300
X -19587  Y 55200
X -9987  Y 55200
X -14787  Y 55200
X -24800  Y 55200
X -16600  Y 53000
X -19200  Y 52000
X -9987  Y 50400
X -14787  Y 50400
X -23600  Y 48400
X -14687  Y 47000
X -18087  Y 46900
X -20400  Y 46600
X -9987  Y 45600
X -12180  Y 45463
X -18000  Y 44200
X -20800  Y 42600
X -22144  Y 41779
X -22068  Y 39504
X -19376  Y 39352
X -9806  Y 39325
X -15560  Y 39305
X -30000  Y 38400
X -9400  Y 38000
X -28600  Y 37000
X -15100  Y 36700
X -27400  Y 35800
X -9400  Y 34800
X -28600  Y 34600
X -12387  Y 33600
X -27400  Y 33400
X -26200  Y 33400
X -25000  Y 33400
X -15200  Y 32600
X -23800  Y 32200
X -28600  Y 32200
X -9400  Y 31400
X -22000  Y 30600
X -9400  Y 30000
X -18400  Y 28800
X -12387  Y 28800
X -21987  Y 28800
X -9400  Y 28600
X -9400  Y 27000
X -24000  Y 26400
X -16400  Y 25800
X -22000  Y 25600
X -14200  Y 24800
X -18400  Y 24000
X -24000  Y 21600
X -16600  Y 21400
X -12387  Y 19200
X -9400  Y 18400
X -19200  Y 16800
X -24000  Y 16800
X -21600  Y 16800
X -15000  Y 16600
X -9400  Y 15200
X -24000  Y 12000
X -14400  Y 12000
X -28800  Y 12000
X -9400  Y 12000
X -19200  Y 12000
X -9600  Y 7200
X -24000  Y 7200
X -14400  Y 7200
X -28800  Y 7200
X -19200  Y 7200
X 10800  Y 12400
X 7600  Y 12400
X 4400  Y 12400
X -5200  Y 12400
X -2000  Y 12400
X 14000  Y 12400
X 1200  Y 12400
X 17200  Y 12400
X 16400  Y 23000
X 16400  Y 25000
X 16312  Y 28200
X -1087  Y 28600
X 15200  Y 29400
X 16312  Y 32600
X -4687  Y 32700
X 11812  Y 32800
X 16553  Y 36523
X 11212  Y 39010
X -330  Y 39125
X 4310  Y 39305
X -5048  Y 39344
X -3800  Y 39400
X 15793  Y 39403
X 14168  Y 40898
X -5187  Y 45600
X 4412  Y 45600
X 14168  Y 45698
X 13100  Y 48100
X 13012  Y 49900
X -5187  Y 50400
X 9212  Y 50400
X -387  Y 50400
X 13000  Y 52400
X 13012  Y 54300
X 17112  Y 54600
X 4412  Y 55200
X -387  Y 55200
X -5187  Y 55200
X 13012  Y 58700
X -387  Y 60000
X 4412  Y 60000
X -5187  Y 60000
X 13012  Y 63100
X -387  Y 64800
X 4412  Y 64800
X -5187  Y 64800
X 14000  Y 65200
X 17000  Y 66000
X 15800  Y 66000
X 13400  Y 67800
X 14600  Y 67800
X 14012  Y 69600
X -387  Y 69600
X -5187  Y 69600
X 4412  Y 69600
X 4412  Y 74400
X 9212  Y 74400
X -5187  Y 74400
X -387  Y 74400
X -387  Y 79200
X 14012  Y 79200
X 9212  Y 79200
X -5187  Y 79200
X 4412  Y 79200
X 4412  Y 84000
X -387  Y 84000
X 9212  Y 84000
X 15012  Y 85000
X -5187  Y 88800
X 15200  Y 92800
X -387  Y 93800
X 7200  Y 93800
X 3712  Y 94100
X 14800  Y 94400
X 9200  Y 95000
X 17400  Y 96200
X -2487  Y 96700
X 9600  Y 96800
X 11512  Y 99100
X 10012  Y 99100
X 637  Y 99175
X 6800  Y 99800
X -5600  Y 100800
X -800  Y 100800
X 17300  Y 101800
X -5600  Y 104000
X -800  Y 104000
X 1912  Y 105900
X -3800  Y 106200
X -600  Y 106200
X -6287  Y 107300
X -2787  Y 112800
X 13712  Y 113000
X 7912  Y 114600
X -4400  Y 115200
X -7387  Y 115800
X -1477  Y 116011
X 5723  Y 120201
X 2149  Y 121800
X 4613  Y 121822
X 240  Y 121822
X 10385  Y 122088
X 15092  Y 122088
X 2034  Y 126576
X -2719  Y 126596
X 6867  Y 126654
X 11719  Y 126694
X 16590  Y 126694
X -800  Y 129600
X -6400  Y 129800
X 3312  Y 130600
X 2112  Y 130600
X 4512  Y 130600
X 5712  Y 130600
X 6912  Y 130600
X 912  Y 131000
X -1887  Y 131100
X 912  Y 132200
X 912  Y 133400
X 4512  Y 133800
X 912  Y 134600
X -3600  Y 134600
X 912  Y 135800
X -1000  Y 136600
X 4512  Y 136600
X 16800  Y 136800
X 14400  Y 136800
X 12000  Y 136800
X 912  Y 137000
X 912  Y 138200
X -6400  Y 138400
X 16412  Y 139200
X 11612  Y 139200
X 6912  Y 139800
X -1000  Y 139800
X 5712  Y 139800
X -2800  Y 140400
X 7200  Y 141800
X 1800  Y 141800
X -5200  Y 144600
X -4000  Y 145800
X -7200  Y 145800
X -4400  Y 147400
X 13600  Y 147600
X -400  Y 148200
X 15800  Y 149000
X -7200  Y 149800
X 15600  Y 151200
X 5000  Y 151600
X -2600  Y 151600
X 14400  Y 152400
X -1600  Y 155000
X 15397  Y 156106
X -2800  Y 157000
X 3200  Y 157400
X 13779  Y 158551
X 2600  Y 160400
X 10800  Y 160800
X -6800  Y 161600
X 13800  Y 163800
X 16400  Y 163800
X -6184  Y 165159
X 3200  Y 165200
X -3400  Y 165200
X -3400  Y 167600
X -6400  Y 167800
X -4800  Y 167800
X -6400  Y 169600
X 12200  Y 175800
X -4600  Y 177200
X 5400  Y 177200
X -6000  Y 177200
X 14800  Y 178400
X 11300  Y 178400
X 12000  Y 188200
X 6000  Y 188400
X -4200  Y 189200
X -1800  Y 189200
X -3000  Y 189200
X 11600  Y 190000
X -5000  Y 190400
X -3800  Y 190400
X 16600  Y 193000
X 17110  Y 195692
X 10140  Y 197887
X 2945  Y 197887
X 5300  Y 197887
X 8013  Y 197887
X -442  Y 197934
X -1095  Y 200428
X -2398  Y 200428
X 16600  Y 204300
X 11800  Y 205400
X 800  Y 207200
X 15000  Y 208000
X -800  Y 208100
X 4600  Y 210400
X -6400  Y 212400
X -5200  Y 212400
X 1200  Y 212400
X 5400  Y 212400
X 0  Y 212400
X 8400  Y 212800
X 11400  Y 213400
X 6600  Y 213600
X 14400  Y 216200
X 11200  Y 216600
X 9000  Y 216600
X -3400  Y 219200
X 12000  Y 220200
X 2600  Y 220200
X 14200  Y 221400
X 9400  Y 221800
X 7800  Y 223400
X 400  Y 223800
X -3600  Y 223800
X 16400  Y 227200
X -1800  Y 228800
X 15600  Y 229800
X 3600  Y 229800
X 15400  Y 236200
X 3800  Y 240200
X 600  Y 240200
X 6000  Y 240400
X 7600  Y 241000
X 14600  Y 241400
X 13000  Y 241600
X 14600  Y 242600
X 3010  Y 243000
X 1700  Y 243000
X -2000  Y 244200
X -6800  Y 245400
X -1800  Y 245800
X 14800  Y 246200
X -4200  Y 246700
X -7000  Y 247000
X 1500  Y 247600
X 10400  Y 249200
X 13200  Y 250200
X -4200  Y 251200
X 5000  Y 251200
X 200  Y 251200
X -7000  Y 251200
X 11800  Y 251300
X -4131  Y 253916
X 10451  Y 255196
X 4400  Y 256600
X -5253  Y 256942
X -7042  Y 258581
X -5600  Y 259400
X 7600  Y 259400
X 10800  Y 259800
X -7000  Y 260400
X 0  Y 260600
X 8400  Y 260800
X 3000  Y 261400
X -3600  Y 261800
X 10600  Y 262200
X 4200  Y 262500
X 16600  Y 263000
X 15200  Y 263900
X -5000  Y 264200
X 13530  Y 264455
X -4900  Y 266000
X 14500  Y 271800
X 2600  Y 272800
X 200  Y 272800
X 4200  Y 273200
X 17000  Y 273400
X 5600  Y 274000
X -3000  Y 274200
X 12013  Y 274230
X 8658  Y 274510
X 2400  Y 274800
X -1200  Y 275000
X 10226  Y 276342
X 8401  Y 277007
X 10654  Y 277950
X 2303  Y 278399
X 17523  Y 279746
X -5128  Y 280328
X -1262  Y 280815
X 5996  Y 281072
X 711  Y 282038
X 2591  Y 282118
X 15332  Y 282295
X -1551  Y 283563
X -4863  Y 283934
X 4326  Y 284270
X -7337  Y 284730
X 16695  Y 284773
X 13627  Y 285163
X 4374  Y 285906
X 2849  Y 286604
X 14080  Y 286734
X 10200  Y 288000
X 14455  Y 288505
X -4829  Y 288883
X 12284  Y 289295
X -1313  Y 289695
X -1704  Y 291304
X -5905  Y 291871
X 725  Y 292141
X 13604  Y 292371
X 10755  Y 292464
X 3761  Y 292832
X -4557  Y 293319
X 1301  Y 293944
X 2563  Y 295273
X 14475  Y 296372
X 12050  Y 296558
X 2768  Y 297021
X -1497  Y 298832
X -4131  Y 299721
X -50  Y 300403
X 4205  Y 301121
X 6049  Y 302657
X 1896  Y 303980
X 16200  Y 308800
X 349  Y 313093
X -1444  Y 313114
X 3850  Y 314065
X 1870  Y 314205
X -6297  Y 314335
X 6000  Y 315800
X -4388  Y 319979
X -2886  Y 319979
X -6745  Y 321017
X 1874  Y 322109
X 6290  Y 322231
X -6745  Y 322496
X 13301  Y 327012
X -5048  Y 328421
X 10033  Y 330040
X 7436  Y 330790
X 1095  Y 331221
X 4458  Y 331221
X 2735  Y 331289
X -297  Y 332447
X 12032  Y 332696
X -6341  Y 333990
X 8278  Y 335322
X -5674  Y 337401
X 6255  Y 338426
X 16402  Y 338644
X 7765  Y 339005
X 9371  Y 339098
X -5033  Y 341166
X 14651  Y 342313
X 16901  Y 342550
X 2343  Y 342753
X -400  Y 345800
X -7001  Y 346161
X 8400  Y 347400
X -600  Y 347600
X 15629  Y 347810
X 12627  Y 348430
X -1569  Y 350435
X 10217  Y 351770
X 13200  Y 352200
X 0  Y 353400
X 6887  Y 353462
X -4800  Y 354800
X 6769  Y 355076
X 1914  Y 355480
X 12855  Y 356929
X 11238  Y 357229
X -1323  Y 358222
X 5013  Y 358467
X -6387  Y 359752
X -3000  Y 363200
X 7200  Y 363400
X 16200  Y 365400
X 11200  Y 366200
X -3000  Y 366400
X 7200  Y 366600
X -2685  Y 367559
X 16200  Y 368600
X 11200  Y 369400
X 0  Y 370000
X 0  Y 373200
X 28000  Y 367600
X 19200  Y 366600
X 32400  Y 366000
X 26000  Y 365800
X 40200  Y 365400
X 19200  Y 363400
X 29000  Y 362800
X 32400  Y 362800
X 26000  Y 362600
X 40200  Y 362200
X 34405  Y 357175
X 35957  Y 356616
X 33453  Y 355790
X 38439  Y 355153
X 20558  Y 354414
X 35839  Y 354160
X 41436  Y 353523
X 31779  Y 350413
X 21573  Y 350260
X 32925  Y 349212
X 38413  Y 340212
X 34232  Y 339924
X 30200  Y 339600
X 41860  Y 338718
X 20865  Y 338128
X 40633  Y 335986
X 30109  Y 335367
X 33991  Y 335323
X 38133  Y 335116
X 28400  Y 334600
X 34514  Y 333773
X 37650  Y 333144
X 28207  Y 330343
X 36280  Y 329977
X 38251  Y 328107
X 42306  Y 327052
X 40962  Y 325758
X 42373  Y 324952
X 35149  Y 323884
X 41980  Y 320593
X 40675  Y 319113
X 34921  Y 318159
X 42376  Y 318112
X 42386  Y 316474
X 25866  Y 315492
X 39200  Y 315000
X 29200  Y 313800
X 31660  Y 313178
X 35518  Y 305180
X 33918  Y 305118
X 34100  Y 303202
X 23770  Y 302613
X 32064  Y 301843
X 34600  Y 301200
X 22928  Y 300897
X 27974  Y 300405
X 31957  Y 298702
X 38306  Y 297656
X 39700  Y 296700
X 27749  Y 296385
X 32700  Y 295600
X 29558  Y 294872
X 35400  Y 294300
X 39000  Y 294300
X 42400  Y 294300
X 40800  Y 294200
X 33800  Y 294000
X 22758  Y 292863
X 19248  Y 291590
X 20334  Y 290197
X 31232  Y 289851
X 27600  Y 289800
X 40500  Y 288200
X 38650  Y 288200
X 21841  Y 286942
X 40600  Y 286400
X 40300  Y 284700
X 24715  Y 284375
X 20675  Y 282744
X 36703  Y 282716
X 38500  Y 282500
X 40400  Y 280500
X 23518  Y 280328
X 38800  Y 280200
X 33029  Y 275377
X 19934  Y 274323
X 31877  Y 274226
X 33029  Y 274226
X 27200  Y 271200
X 28400  Y 268200
X 22800  Y 268200
X 30000  Y 268200
X 33200  Y 267400
X 27000  Y 263600
X 33600  Y 263000
X 38400  Y 262400
X 26000  Y 262200
X 20400  Y 262000
X 34400  Y 261400
X 20400  Y 257400
X 18714  Y 256705
X 32200  Y 254800
X 41800  Y 254400
X 32200  Y 252800
X 17700  Y 251800
X 32200  Y 250800
X 25958  Y 249863
X 24100  Y 249400
X 28144  Y 248634
X 28600  Y 246000
X 21830  Y 245141
X 26895  Y 244663
X 17600  Y 244200
X 19563  Y 244191
X 21081  Y 243470
X 24000  Y 243400
X 21200  Y 241000
X 36600  Y 237400
X 34200  Y 234800
X 41600  Y 234800
X 35800  Y 234400
X 36600  Y 232400
X 24000  Y 232200
X 29400  Y 232200
X 30600  Y 232200
X 40700  Y 231200
X 18200  Y 228800
X 36600  Y 228400
X 40800  Y 228000
X 32400  Y 227600
X 42400  Y 226400
X 30000  Y 226200
X 35000  Y 226000
X 19200  Y 225800
X 30000  Y 225000
X 40800  Y 224800
X 29341  Y 223227
X 26400  Y 223200
X 23891  Y 222737
X 35994  Y 222276
X 41600  Y 221700
X 22059  Y 221693
X 26400  Y 221600
X 23709  Y 221023
X 19600  Y 219200
X 29400  Y 217157
X 18400  Y 216200
X 27863  Y 215620
X 26085  Y 213842
X 30031  Y 211151
X 36800  Y 211000
X 35600  Y 211000
X 41600  Y 210800
X 29181  Y 210301
X 31588  Y 210115
X 30749  Y 209276
X 40800  Y 209200
X 20800  Y 208500
X 24038  Y 206310
X 35528  Y 205580
X 41800  Y 203600
X 35501  Y 203331
X 34800  Y 198200
X 41800  Y 198200
X 21261  Y 197258
X 34800  Y 196600
X 31733  Y 196060
X 19212  Y 195692
X 24400  Y 195400
X 27600  Y 195400
X 34800  Y 195000
X 31733  Y 194655
X 22800  Y 193800
X 25000  Y 193800
X 18200  Y 193000
X 27600  Y 192200
X 25735  Y 191954
X 19600  Y 189400
X 27600  Y 189000
X 38054  Y 188600
X 36496  Y 188600
X 39476  Y 188600
X 35049  Y 188600
X 26000  Y 187400
X 42216  Y 182764
X 42216  Y 181190
X 22000  Y 178400
X 32000  Y 178400
X 39200  Y 178400
X 28400  Y 178400
X 18400  Y 178400
X 23400  Y 178400
X 24800  Y 178400
X 36400  Y 175800
X 34610  Y 168186
X 32935  Y 168186
X 24400  Y 168116
X 20600  Y 168116
X 39614  Y 168090
X 37094  Y 168033
X 41539  Y 168033
X 31800  Y 163800
X 34600  Y 163800
X 40200  Y 163800
X 37400  Y 163800
X 23200  Y 163800
X 28800  Y 163800
X 20400  Y 163800
X 26000  Y 163800
X 38550  Y 161306
X 41826  Y 161306
X 23587  Y 159868
X 33282  Y 159736
X 40100  Y 159736
X 35612  Y 158400
X 31993  Y 158331
X 23952  Y 154621
X 36400  Y 152000
X 33012  Y 148800
X 39200  Y 148000
X 27200  Y 147600
X 18200  Y 147600
X 22215  Y 140346
X 37200  Y 140000
X 31600  Y 139400
X 35612  Y 139200
X 40412  Y 139200
X 26012  Y 139200
X 31600  Y 138200
X 23332  Y 137210
X 31600  Y 137000
X 36000  Y 136800
X 40800  Y 136800
X 33600  Y 136800
X 38400  Y 136800
X 19200  Y 136800
X 39400  Y 132500
X 38012  Y 131800
X 39412  Y 130600
X 38012  Y 130600
X 25884  Y 126752
X 21168  Y 126752
X 30600  Y 126600
X 21130  Y 122110
X 27191  Y 122066
X 31276  Y 122055
X 38668  Y 121966
X 21400  Y 113400
X 18812  Y 112800
X 23612  Y 112800
X 33112  Y 110200
X 41800  Y 110000
X 29100  Y 108300
X 18312  Y 107900
X 24600  Y 107600
X 22200  Y 107600
X 34012  Y 107200
X 30300  Y 106700
X 27400  Y 106600
X 38200  Y 103400
X 22400  Y 101900
X 30700  Y 101800
X 26000  Y 101700
X 34000  Y 100800
X 42000  Y 100800
X 29100  Y 100100
X 20100  Y 100100
X 24200  Y 100000
X 37312  Y 96700
X 19400  Y 96200
X 21800  Y 96200
X 22812  Y 94500
X 37712  Y 94300
X 20800  Y 93400
X 18200  Y 92800
X 30200  Y 92200
X 32400  Y 92200
X 28000  Y 92200
X 30200  Y 90000
X 41550  Y 87850
X 34000  Y 87800
X 36712  Y 87100
X 21400  Y 87000
X 37900  Y 85750
X 42112  Y 85500
X 18612  Y 85000
X 37412  Y 84000
X 26012  Y 84000
X 39400  Y 82200
X 28412  Y 81600
X 34600  Y 79600
X 23612  Y 79200
X 21212  Y 79200
X 30200  Y 79200
X 18012  Y 78100
X 25800  Y 78000
X 35212  Y 77700
X 23612  Y 76800
X 18012  Y 74600
X 29800  Y 74400
X 25012  Y 74400
X 36600  Y 74000
X 33800  Y 73200
X 23612  Y 69600
X 18812  Y 69600
X 36621  Y 67799
X 34600  Y 66800
X 32200  Y 66800
X 33400  Y 66800
X 31000  Y 66800
X 39400  Y 66600
X 40600  Y 66600
X 41800  Y 66600
X 19400  Y 66000
X 18200  Y 66000
X 20600  Y 66000
X 18998  Y 64253
X 28712  Y 63700
X 27212  Y 63700
X 37112  Y 61500
X 39712  Y 61400
X 25112  Y 61200
X 18998  Y 59453
X 25112  Y 58800
X 40648  Y 57826
X 33558  Y 56716
X 35701  Y 56693
X 38062  Y 56624
X 20912  Y 54600
X 39112  Y 52600
X 41112  Y 52600
X 37200  Y 50000
X 40400  Y 49400
X 33600  Y 49400
X 24200  Y 49000
X 39212  Y 48000
X 41612  Y 48000
X 31200  Y 47200
X 20607  Y 46630
X 34712  Y 45300
X 33512  Y 45300
X 24712  Y 44600
X 41612  Y 44400
X 39212  Y 44400
X 34712  Y 43400
X 33512  Y 43400
X 38012  Y 43200
X 36812  Y 43200
X 41612  Y 42000
X 39212  Y 42000
X 34712  Y 41400
X 33512  Y 41400
X 24712  Y 41300
X 29659  Y 38952
X 24712  Y 38100
X 39212  Y 37200
X 41612  Y 37200
X 22750  Y 36219
X 19193  Y 36013
X 26256  Y 35755
X 29917  Y 35601
X 34145  Y 35395
X 39212  Y 34800
X 41612  Y 34800
X 22441  Y 32765
X 26153  Y 32404
X 19090  Y 32404
X 41612  Y 32400
X 39212  Y 32400
X 29866  Y 32301
X 34145  Y 32249
X 34712  Y 29600
X 33612  Y 29600
X 22390  Y 29362
X 26153  Y 29001
X 22441  Y 25753
X 39971  Y 25444
X 25947  Y 25392
X 32289  Y 25392
X 36310  Y 25341
X 29092  Y 25341
X 18935  Y 24980
X 29247  Y 21577
X 26050  Y 21577
X 36465  Y 21525
X 32444  Y 21525
X 22544  Y 21216
X 18987  Y 20752
X 36512  Y 17200
X 22493  Y 16782
X 32512  Y 16700
X 29312  Y 16700
X 26212  Y 16700
X 23600  Y 12400
X 20400  Y 12400
X 39600  Y 12400
X 36400  Y 12400
X 30000  Y 12400
X 33200  Y 12400
X 26800  Y 12400
X 65200  Y 12400
X 52400  Y 12400
X 42800  Y 12400
X 46000  Y 12400
X 49200  Y 12400
X 58800  Y 12400
X 55600  Y 12400
X 62000  Y 12400
X 57020  Y 15865
X 61058  Y 15905
X 64701  Y 15984
X 52112  Y 16600
X 43912  Y 16800
X 55080  Y 17845
X 45100  Y 18000
X 58485  Y 18280
X 62523  Y 18835
X 66212  Y 19000
X 61362  Y 21236
X 67354  Y 22438
X 62690  Y 22480
X 64582  Y 24259
X 53737  Y 25083
X 42601  Y 25341
X 66799  Y 25662
X 55951  Y 25962
X 59066  Y 27677
X 53067  Y 27867
X 63669  Y 28045
X 57912  Y 29600
X 62800  Y 31200
X 53612  Y 32400
X 44012  Y 32400
X 48812  Y 32400
X 46412  Y 32400
X 51212  Y 32400
X 52412  Y 33600
X 42812  Y 33600
X 47612  Y 33600
X 46412  Y 34800
X 53612  Y 34800
X 48812  Y 34800
X 51212  Y 34800
X 44012  Y 34800
X 46412  Y 37200
X 53612  Y 37200
X 51212  Y 37200
X 48812  Y 37200
X 44012  Y 37200
X 46412  Y 42000
X 44012  Y 42000
X 48812  Y 42000
X 51212  Y 42000
X 42812  Y 43200
X 52412  Y 43200
X 47612  Y 43200
X 57812  Y 43400
X 51212  Y 44400
X 46412  Y 44400
X 44012  Y 44400
X 48812  Y 44400
X 53600  Y 48200
X 46800  Y 48400
X 58400  Y 49400
X 49800  Y 50000
X 55600  Y 50000
X 61369  Y 51857
X 54912  Y 52600
X 48912  Y 52600
X 45012  Y 52600
X 43012  Y 52600
X 47012  Y 52600
X 50912  Y 52600
X 62545  Y 54407
X 64653  Y 56107
X 52589  Y 57583
X 45138  Y 57660
X 50505  Y 57683
X 54729  Y 57729
X 56821  Y 57729
X 43063  Y 57761
X 47644  Y 57798
X 66799  Y 58072
X 62545  Y 59207
X 44186  Y 59556
X 46538  Y 59626
X 48860  Y 59710
X 50965  Y 59764
X 65722  Y 59991
X 42912  Y 61400
X 58912  Y 61400
X 52512  Y 61400
X 55712  Y 61400
X 49312  Y 61400
X 46112  Y 61400
X 62012  Y 63700
X 66327  Y 63834
X 45400  Y 66600
X 65800  Y 67000
X 54717  Y 67143
X 59530  Y 67143
X 49503  Y 67164
X 67449  Y 69282
X 42812  Y 69600
X 57212  Y 69600
X 61012  Y 72800
X 46612  Y 81600
X 54812  Y 81600
X 57212  Y 81600
X 45212  Y 83400
X 57212  Y 84000
X 66812  Y 84000
X 62012  Y 84000
X 64412  Y 84000
X 59612  Y 84000
X 51200  Y 85600
X 55400  Y 86000
X 43500  Y 86550
X 66400  Y 86700
X 57200  Y 86900
X 44800  Y 87800
X 53200  Y 88400
X 58000  Y 88600
X 52412  Y 90500
X 64200  Y 91200
X 44100  Y 93950
X 63000  Y 94000
X 47200  Y 95850
X 42950  Y 95950
X 66000  Y 96800
X 55000  Y 97600
X 65200  Y 98400
X 43400  Y 98400
X 46900  Y 98500
X 46200  Y 100000
X 60200  Y 101400
X 51200  Y 101800
X 46800  Y 101800
X 48800  Y 102000
X 57412  Y 102700
X 65000  Y 103800
X 56200  Y 104600
X 53600  Y 106600
X 49200  Y 106800
X 56912  Y 107100
X 48000  Y 108200
X 44800  Y 108400
X 55812  Y 110100
X 46400  Y 110400
X 57812  Y 110900
X 46200  Y 112200
X 56000  Y 112600
X 63412  Y 113300
X 53600  Y 114200
X 42800  Y 114800
X 50400  Y 115000
X 44400  Y 116200
X 65212  Y 117500
X 54712  Y 118300
X 60412  Y 119900
X 48400  Y 120200
X 58000  Y 120500
X 55300  Y 121900
X 48500  Y 122000
X 66578  Y 126713
X 44912  Y 131800
X 44912  Y 133800
X 66600  Y 135300
X 60700  Y 136400
X 45600  Y 136800
X 43200  Y 136800
X 55800  Y 138200
X 53800  Y 138200
X 45212  Y 139200
X 55800  Y 139400
X 53800  Y 139400
X 58000  Y 139400
X 60400  Y 141200
X 43200  Y 141400
X 46400  Y 147200
X 46400  Y 149600
X 44000  Y 150600
X 46400  Y 152800
X 44000  Y 153600
X 46600  Y 154800
X 65221  Y 156534
X 47600  Y 157200
X 49335  Y 157288
X 48754  Y 161118
X 66000  Y 165000
X 65738  Y 167997
X 43400  Y 168000
X 44800  Y 169200
X 45000  Y 174200
X 47600  Y 174400
X 49200  Y 178200
X 42800  Y 178400
X 57600  Y 181000
X 54400  Y 181000
X 52200  Y 181000
X 43504  Y 181190
X 45014  Y 181190
X 66233  Y 182114
X 60594  Y 182449
X 43601  Y 182764
X 45125  Y 182764
X 53200  Y 183400
X 60800  Y 198200
X 55754  Y 198242
X 44479  Y 198303
X 60200  Y 200800
X 64925  Y 202724
X 57400  Y 202800
X 63100  Y 205300
X 64300  Y 205300
X 61900  Y 205300
X 57400  Y 206200
X 66296  Y 207188
X 62748  Y 207776
X 64950  Y 208242
X 54000  Y 209200
X 63126  Y 209974
X 65935  Y 210159
X 60200  Y 210400
X 55800  Y 210800
X 62645  Y 219769
X 61250  Y 219772
X 47200  Y 221600
X 53586  Y 221653
X 64100  Y 221700
X 42800  Y 221700
X 56976  Y 222017
X 67495  Y 223083
X 45600  Y 223200
X 48800  Y 223200
X 52400  Y 223200
X 62625  Y 223849
X 66072  Y 224186
X 60059  Y 224627
X 44000  Y 224800
X 50400  Y 224800
X 67446  Y 226078
X 63558  Y 226182
X 45600  Y 226400
X 66098  Y 228411
X 60000  Y 229300
X 63221  Y 230044
X 60700  Y 231000
X 43000  Y 231400
X 47707  Y 232351
X 50221  Y 232922
X 43800  Y 233000
X 53487  Y 233285
X 58570  Y 234401
X 43800  Y 234600
X 58400  Y 236000
X 52165  Y 236991
X 65126  Y 237098
X 45400  Y 237200
X 56800  Y 237600
X 53600  Y 237600
X 65133  Y 238971
X 52000  Y 239200
X 55200  Y 239200
X 62203  Y 239480
X 53600  Y 240800
X 66902  Y 240936
X 64013  Y 240956
X 60712  Y 240975
X 60948  Y 243707
X 58020  Y 243707
X 64033  Y 243707
X 65762  Y 245102
X 62824  Y 245141
X 59621  Y 245239
X 43000  Y 245800
X 52400  Y 249012
X 61800  Y 258000
X 65514  Y 258566
X 59225  Y 258597
X 47706  Y 259301
X 53466  Y 259346
X 56009  Y 259616
X 49749  Y 259851
X 44700  Y 259943
X 59653  Y 260325
X 65744  Y 260517
X 44000  Y 263600
X 58600  Y 263600
X 55200  Y 264000
X 56400  Y 264000
X 49400  Y 264000
X 51400  Y 264200
X 60400  Y 264600
X 64200  Y 264600
X 46400  Y 265200
X 59791  Y 268702
X 61386  Y 269497
X 51200  Y 270200
X 54000  Y 272800
X 65200  Y 275000
X 56000  Y 275200
X 63100  Y 275258
X 52857  Y 276870
X 61107  Y 278461
X 44400  Y 283550
X 48695  Y 283936
X 49827  Y 283936
X 67574  Y 284849
X 48695  Y 285503
X 43139  Y 286584
X 42800  Y 288800
X 48400  Y 289000
X 49000  Y 290900
X 60497  Y 291776
X 53040  Y 291927
X 44400  Y 292000
X 66400  Y 293200
X 47091  Y 293499
X 45252  Y 293564
X 64800  Y 293800
X 52144  Y 294570
X 53378  Y 295781
X 44086  Y 297727
X 52600  Y 300500
X 67000  Y 301400
X 63400  Y 302200
X 66600  Y 303800
X 59800  Y 304600
X 66600  Y 309000
X 66882  Y 310637
X 59254  Y 311075
X 62000  Y 311600
X 61400  Y 313200
X 67367  Y 316227
X 49677  Y 316673
X 49599  Y 319290
X 49657  Y 320926
X 59461  Y 321212
X 47240  Y 322210
X 58520  Y 322652
X 54505  Y 323129
X 47552  Y 323801
X 61901  Y 324733
X 43933  Y 325605
X 55136  Y 328240
X 44900  Y 328800
X 48588  Y 330035
X 42723  Y 331745
X 48610  Y 331783
X 51331  Y 331879
X 44265  Y 332278
X 63800  Y 332400
X 53755  Y 332404
X 62600  Y 335000
X 51533  Y 335581
X 48427  Y 336493
X 46627  Y 336563
X 62600  Y 338400
X 54605  Y 339243
X 45600  Y 339400
X 53250  Y 340526
X 62600  Y 341000
X 45600  Y 341000
X 58000  Y 341600
X 67000  Y 344200
X 60712  Y 345121
X 59015  Y 345168
X 60876  Y 346769
X 66023  Y 347979
X 63005  Y 349478
X 47820  Y 349984
X 57048  Y 350695
X 59600  Y 351800
X 53444  Y 352156
X 51510  Y 354255
X 59600  Y 355000
X 65000  Y 355400
X 45087  Y 356191
X 57000  Y 356600
X 62400  Y 356800
X 59600  Y 358400
X 54400  Y 358400
X 45087  Y 360473
X 59600  Y 362200
X 65000  Y 362200
X 47400  Y 362200
X 54400  Y 362200
X 51000  Y 362200
X 59600  Y 365400
X 47400  Y 365400
X 54400  Y 365400
X 65000  Y 365400
X 91615  Y 371985
X 89850  Y 371765
X 86225  Y 371025
X 92545  Y 369935
X 89530  Y 369710
X 87774  Y 367532
X 91495  Y 366645
X 85790  Y 366450
X 72000  Y 365600
X 68400  Y 365400
X 75916  Y 363459
X 72000  Y 362400
X 68400  Y 362200
X 88024  Y 359194
X 86385  Y 359123
X 78000  Y 359000
X 91218  Y 358125
X 83442  Y 356200
X 78800  Y 356000
X 87240  Y 354669
X 70577  Y 354202
X 78800  Y 352800
X 87917  Y 351498
X 77200  Y 350200
X 86456  Y 349360
X 87774  Y 347685
X 77200  Y 347000
X 70400  Y 346000
X 86242  Y 345120
X 92587  Y 344968
X 86100  Y 343053
X 77000  Y 342200
X 71200  Y 340400
X 92099  Y 339227
X 90786  Y 339227
X 89464  Y 339227
X 77000  Y 339000
X 86028  Y 338029
X 83108  Y 335895
X 70001  Y 335255
X 87917  Y 335250
X 81484  Y 333604
X 86100  Y 332756
X 76400  Y 332000
X 83108  Y 331829
X 69360  Y 331542
X 71330  Y 330770
X 88059  Y 329906
X 81311  Y 328888
X 76400  Y 328800
X 83108  Y 327276
X 86385  Y 326877
X 88095  Y 325594
X 81311  Y 324946
X 69800  Y 324200
X 85886  Y 323884
X 83108  Y 323392
X 91200  Y 322800
X 76400  Y 322600
X 87703  Y 321390
X 69800  Y 321000
X 81311  Y 320948
X 87774  Y 319537
X 83108  Y 319437
X 76400  Y 319400
X 67800  Y 318800
X 73000  Y 318600
X 86527  Y 318219
X 90384  Y 317457
X 81311  Y 317047
X 73000  Y 317000
X 68988  Y 315953
X 88095  Y 315867
X 83108  Y 315760
X 68600  Y 314400
X 87810  Y 314192
X 86313  Y 313800
X 81311  Y 313664
X 90968  Y 313550
X 68800  Y 312000
X 86278  Y 311983
X 83108  Y 311840
X 87846  Y 310772
X 90799  Y 310168
X 81311  Y 309820
X 87774  Y 309311
X 86313  Y 308135
X 83108  Y 308030
X 70200  Y 307800
X 81311  Y 306450
X 86599  Y 306175
X 87881  Y 305320
X 83108  Y 304621
X 73600  Y 304000
X 90634  Y 303407
X 88344  Y 302719
X 81311  Y 302606
X 86171  Y 302042
X 73600  Y 302000
X 83108  Y 300920
X 73600  Y 300200
X 86171  Y 300189
X 81311  Y 299188
X 73430  Y 298542
X 91412  Y 298300
X 87596  Y 298194
X 68200  Y 297400
X 72400  Y 297200
X 83108  Y 297069
X 87739  Y 296234
X 86349  Y 295949
X 81311  Y 295272
X 86313  Y 293776
X 88059  Y 292351
X 83268  Y 291476
X 90467  Y 291313
X 87810  Y 290569
X 92200  Y 290468
X 73485  Y 289361
X 85886  Y 289251
X 90579  Y 288681
X 86064  Y 287398
X 91502  Y 286652
X 87667  Y 286258
X 76523  Y 286172
X 71500  Y 285000
X 86028  Y 283942
X 89520  Y 283015
X 87917  Y 281590
X 76523  Y 281300
X 91694  Y 281056
X 90015  Y 278450
X 76629  Y 276711
X 86839  Y 276378
X 68896  Y 275191
X 91718  Y 274031
X 86839  Y 273571
X 69800  Y 273200
X 89462  Y 271546
X 76600  Y 271200
X 70200  Y 271200
X 70076  Y 269480
X 88772  Y 268831
X 72824  Y 267025
X 76600  Y 266000
X 70991  Y 265483
X 76600  Y 264800
X 81479  Y 262727
X 83160  Y 261046
X 68131  Y 260700
X 83160  Y 259227
X 83160  Y 256857
X 81442  Y 256391
X 73000  Y 254800
X 81442  Y 252175
X 79429  Y 251640
X 77856  Y 250619
X 83288  Y 250329
X 83288  Y 247764
X 78366  Y 247261
X 81277  Y 245753
X 77813  Y 244030
X 71400  Y 243800
X 83259  Y 243771
X 87935  Y 241880
X 69986  Y 240897
X 78307  Y 240802
X 81411  Y 240636
X 75430  Y 240620
X 77089  Y 239350
X 68002  Y 239030
X 71126  Y 239030
X 87000  Y 237700
X 76026  Y 237588
X 83399  Y 237474
X 71042  Y 237254
X 67871  Y 237203
X 78904  Y 237199
X 74108  Y 236577
X 81483  Y 235558
X 67602  Y 235255
X 77504  Y 235047
X 73927  Y 234632
X 69624  Y 233933
X 83399  Y 233642
X 76078  Y 233285
X 71231  Y 232585
X 79137  Y 232300
X 81483  Y 231726
X 75793  Y 231289
X 73979  Y 230641
X 71931  Y 230226
X 83308  Y 229901
X 81420  Y 228013
X 74652  Y 227945
X 69390  Y 227789
X 83318  Y 226115
X 71490  Y 225327
X 81692  Y 224489
X 69494  Y 223642
X 78567  Y 223292
X 86734  Y 222462
X 83734  Y 222447
X 78400  Y 219400
X 83691  Y 218800
X 72151  Y 217489
X 70697  Y 217489
X 78400  Y 216800
X 83668  Y 215314
X 84000  Y 213600
X 73600  Y 212400
X 81572  Y 211736
X 84000  Y 211200
X 78800  Y 211000
X 84000  Y 208800
X 77810  Y 208186
X 81884  Y 206371
X 72800  Y 205400
X 67619  Y 205366
X 84000  Y 204000
X 78800  Y 203086
X 72800  Y 202600
X 77556  Y 201232
X 72600  Y 200800
X 78385  Y 199172
X 73600  Y 199000
X 75200  Y 197000
X 73600  Y 196200
X 75600  Y 185000
X 89190  Y 183451
X 68980  Y 182449
X 70247  Y 180920
X 92590  Y 179272
X 72755  Y 176739
X 92329  Y 176039
X 73138  Y 174660
X 81200  Y 174200
X 75216  Y 173848
X 81869  Y 172183
X 74614  Y 171788
X 71728  Y 168299
X 68279  Y 168209
X 81818  Y 166828
X 92053  Y 165797
X 68800  Y 165200
X 71600  Y 165200
X 78837  Y 165096
X 68979  Y 161043
X 82895  Y 160659
X 68501  Y 157490
X 70800  Y 157000
X 74628  Y 155816
X 74000  Y 152400
X 71000  Y 152400
X 71000  Y 149200
X 83612  Y 148800
X 90812  Y 146400
X 88412  Y 146400
X 83000  Y 145440
X 85600  Y 144400
X 92000  Y 140200
X 85600  Y 138800
X 82400  Y 138800
X 88800  Y 138800
X 79023  Y 138144
X 76300  Y 135500
X 72100  Y 135400
X 69400  Y 135400
X 70800  Y 135400
X 68000  Y 135300
X 86300  Y 135200
X 87700  Y 135200
X 89100  Y 135200
X 83500  Y 135100
X 82000  Y 135100
X 80600  Y 135100
X 90798  Y 126400
X 81388  Y 126381
X 76634  Y 126341
X 86064  Y 126341
X 71762  Y 126322
X 85312  Y 123600
X 92000  Y 117400
X 73000  Y 115200
X 71000  Y 104600
X 69400  Y 104000
X 67800  Y 104000
X 80912  Y 103200
X 71600  Y 101800
X 74800  Y 101800
X 67800  Y 101600
X 80000  Y 101200
X 72400  Y 100400
X 67600  Y 100000
X 80612  Y 96800
X 73200  Y 95400
X 76800  Y 93600
X 74600  Y 91800
X 85400  Y 91800
X 71400  Y 91200
X 87500  Y 90500
X 85400  Y 89300
X 83200  Y 89000
X 80800  Y 88600
X 85400  Y 86900
X 92114  Y 85336
X 89477  Y 85077
X 85400  Y 84500
X 69212  Y 84000
X 89900  Y 83100
X 88712  Y 81900
X 81112  Y 81000
X 85718  Y 80808
X 68312  Y 77900
X 85718  Y 75856
X 72600  Y 75700
X 86400  Y 73000
X 88671  Y 72269
X 86400  Y 70600
X 72105  Y 69410
X 74085  Y 69409
X 70255  Y 69409
X 84400  Y 68200
X 86400  Y 68200
X 69200  Y 67800
X 81400  Y 67800
X 80228  Y 66932
X 81400  Y 66000
X 84400  Y 65800
X 86400  Y 65800
X 86546  Y 63383
X 90712  Y 63300
X 71512  Y 62100
X 68194  Y 60679
X 86512  Y 59800
X 81394  Y 59134
X 78925  Y 56889
X 75095  Y 56889
X 78925  Y 52089
X 84913  Y 51913
X 88812  Y 50500
X 71212  Y 46100
X 92002  Y 45992
X 89112  Y 44800
X 90585  Y 40565
X 89112  Y 40500
X 90712  Y 38600
X 88712  Y 37600
X 89112  Y 34800
X 71212  Y 34700
X 89112  Y 30500
X 89112  Y 26700
X 71196  Y 25831
X 75681  Y 25660
X 72066  Y 23309
X 76302  Y 23230
X 89112  Y 22400
X 90727  Y 21765
X 80856  Y 21765
X 71196  Y 21031
X 75681  Y 20860
X 92160  Y 20498
X 86145  Y 20237
X 73333  Y 20141
X 89388  Y 20062
X 69175  Y 19587
X 80412  Y 19200
X 86141  Y 17370
X 74812  Y 17300
X 68423  Y 17053
X 89467  Y 17013
X 83112  Y 16697
X 71196  Y 16231
X 86145  Y 15437
X 78005  Y 15153
X 78000  Y 12400
X 74800  Y 12400
X 68400  Y 12400
X 90800  Y 12400
X 87600  Y 12400
X 81200  Y 12400
X 71600  Y 12400
X 84400  Y 12400
X 106800  Y 12400
X 97200  Y 12400
X 103600  Y 12400
X 113200  Y 12400
X 110000  Y 12400
X 94000  Y 12400
X 100400  Y 12400
X 116400  Y 12600
X 99287  Y 15707
X 95719  Y 16793
X 93070  Y 17172
X 111412  Y 17900
X 95010  Y 19310
X 108852  Y 19419
X 99412  Y 19600
X 114016  Y 20102
X 95719  Y 21593
X 99412  Y 21700
X 93491  Y 21885
X 94429  Y 23111
X 108852  Y 24219
X 95607  Y 24241
X 97069  Y 24497
X 101162  Y 24684
X 99862  Y 25034
X 98468  Y 25131
X 113112  Y 26700
X 92627  Y 29759
X 98966  Y 29783
X 94476  Y 29831
X 97501  Y 29831
X 96036  Y 29856
X 114610  Y 30555
X 105700  Y 30600
X 101712  Y 30600
X 101712  Y 33000
X 105700  Y 33000
X 117200  Y 34000
X 95148  Y 34706
X 96997  Y 34706
X 98366  Y 34706
X 114610  Y 34989
X 105700  Y 35400
X 101712  Y 35400
X 95988  Y 36051
X 97453  Y 36051
X 98630  Y 36051
X 94668  Y 36555
X 93611  Y 37660
X 105700  Y 37800
X 101712  Y 37800
X 105700  Y 40200
X 101712  Y 40200
X 109212  Y 41100
X 98486  Y 41190
X 97381  Y 41766
X 105712  Y 42600
X 101712  Y 42600
X 96421  Y 42606
X 117312  Y 42900
X 95460  Y 43567
X 94500  Y 44624
X 105712  Y 45000
X 101712  Y 45000
X 93587  Y 45680
X 117312  Y 47300
X 105712  Y 47400
X 101700  Y 47400
X 106412  Y 50800
X 103000  Y 50800
X 117312  Y 51700
X 102800  Y 55500
X 96812  Y 55500
X 99800  Y 55500
X 105812  Y 55500
X 117312  Y 56100
X 98100  Y 59900
X 101112  Y 60000
X 104112  Y 60000
X 113112  Y 60000
X 110112  Y 60000
X 107112  Y 60000
X 113112  Y 63300
X 117000  Y 67800
X 99212  Y 68900
X 96212  Y 68900
X 93212  Y 68900
X 102212  Y 68900
X 108212  Y 68900
X 117000  Y 69000
X 108212  Y 71300
X 102212  Y 71300
X 99212  Y 71300
X 93212  Y 71300
X 96212  Y 71300
X 101977  Y 76570
X 103351  Y 76570
X 109577  Y 80964
X 106105  Y 80964
X 107969  Y 80964
X 104629  Y 80964
X 115262  Y 81283
X 104629  Y 82229
X 107969  Y 82229
X 111612  Y 82948
X 116879  Y 83039
X 116879  Y 84435
X 115301  Y 84435
X 113655  Y 84435
X 101800  Y 84800
X 98600  Y 84800
X 95012  Y 85000
X 110612  Y 85600
X 107912  Y 85700
X 113787  Y 85926
X 115124  Y 85926
X 106122  Y 87065
X 111584  Y 87771
X 104596  Y 87847
X 92600  Y 90100
X 97200  Y 91400
X 103600  Y 97400
X 112400  Y 98200
X 100912  Y 100700
X 97612  Y 100700
X 107312  Y 101400
X 93800  Y 103200
X 107112  Y 103800
X 95000  Y 104400
X 102000  Y 104800
X 104000  Y 106400
X 98600  Y 106800
X 116200  Y 108200
X 111612  Y 108300
X 114600  Y 109000
X 101800  Y 111600
X 97800  Y 112400
X 100000  Y 114000
X 105000  Y 114400
X 102400  Y 115200
X 108000  Y 117200
X 98800  Y 117600
X 102400  Y 117600
X 100400  Y 118000
X 93000  Y 118400
X 106400  Y 118600
X 114812  Y 122400
X 109952  Y 126322
X 95572  Y 126341
X 105080  Y 126361
X 100385  Y 126361
X 94700  Y 134900
X 96100  Y 134900
X 110012  Y 136800
X 114812  Y 136800
X 98612  Y 137800
X 103412  Y 137800
X 117212  Y 139200
X 102000  Y 140200
X 113800  Y 142000
X 103600  Y 142400
X 99135  Y 143000
X 93200  Y 143600
X 96004  Y 146131
X 92615  Y 147309
X 93265  Y 149066
X 115200  Y 151200
X 101434  Y 152343
X 108000  Y 156000
X 115200  Y 156000
X 116924  Y 156004
X 105283  Y 156277
X 100594  Y 156932
X 112738  Y 157840
X 106400  Y 158400
X 97851  Y 159717
X 106083  Y 160602
X 100275  Y 160602
X 110934  Y 161074
X 94180  Y 162402
X 100103  Y 162911
X 113818  Y 165244
X 110279  Y 165532
X 103956  Y 165715
X 97821  Y 165838
X 108190  Y 172698
X 103604  Y 172780
X 105979  Y 172780
X 98768  Y 172790
X 93552  Y 172797
X 101178  Y 172841
X 116678  Y 172869
X 113290  Y 175935
X 108915  Y 176392
X 102080  Y 177499
X 99795  Y 178740
X 116888  Y 179480
X 108436  Y 179535
X 113499  Y 179845
X 102340  Y 180106
X 115376  Y 197834
X 94102  Y 200545
X 107398  Y 201015
X 101298  Y 201327
X 96031  Y 202892
X 106616  Y 204925
X 100724  Y 205760
X 113817  Y 207836
X 104399  Y 207877
X 110746  Y 207918
X 99253  Y 208390
X 95577  Y 208798
X 99994  Y 212173
X 97366  Y 212308
X 114489  Y 212329
X 109795  Y 213347
X 102085  Y 213452
X 106246  Y 213507
X 111127  Y 215012
X 107842  Y 215127
X 115584  Y 215458
X 97335  Y 215875
X 104739  Y 216501
X 101600  Y 218400
X 112800  Y 220000
X 116000  Y 220000
X 103200  Y 220000
X 106400  Y 220000
X 96800  Y 220000
X 109600  Y 220000
X 111200  Y 221600
X 114400  Y 221600
X 101600  Y 221600
X 104800  Y 221600
X 108000  Y 221600
X 112800  Y 223200
X 116000  Y 223200
X 96800  Y 223200
X 109600  Y 223200
X 103200  Y 223200
X 106400  Y 223200
X 108000  Y 224800
X 111200  Y 224800
X 104800  Y 224800
X 101600  Y 224800
X 114400  Y 224800
X 116000  Y 226400
X 109600  Y 226400
X 112800  Y 226400
X 106400  Y 226400
X 103200  Y 226400
X 96280  Y 226675
X 111200  Y 228000
X 114400  Y 228000
X 101600  Y 228000
X 104800  Y 228000
X 108000  Y 228000
X 116000  Y 229600
X 106400  Y 229600
X 103200  Y 229600
X 112800  Y 229600
X 109600  Y 229600
X 101600  Y 231200
X 111200  Y 231200
X 108000  Y 231200
X 114400  Y 231200
X 104800  Y 231200
X 99647  Y 231831
X 109600  Y 232800
X 103200  Y 232800
X 112800  Y 232800
X 106400  Y 232800
X 116000  Y 232800
X 104800  Y 234400
X 114400  Y 234400
X 111200  Y 234400
X 108000  Y 234400
X 101600  Y 234400
X 103200  Y 236000
X 116000  Y 236000
X 109600  Y 236000
X 112800  Y 236000
X 106400  Y 236000
X 104800  Y 237600
X 114400  Y 237600
X 111200  Y 237600
X 101600  Y 237600
X 108000  Y 237600
X 116000  Y 239200
X 112800  Y 239200
X 109600  Y 239200
X 106400  Y 239200
X 103200  Y 239200
X 93600  Y 239200
X 95559  Y 239599
X 101484  Y 240798
X 104800  Y 240800
X 114400  Y 240800
X 111200  Y 240800
X 108000  Y 240800
X 117251  Y 243493
X 104404  Y 243652
X 112412  Y 244000
X 95000  Y 244200
X 99761  Y 244305
X 95335  Y 245973
X 101720  Y 246046
X 98963  Y 246119
X 110600  Y 249200
X 105600  Y 249200
X 114833  Y 265807
X 116506  Y 267520
X 99772  Y 268324
X 105203  Y 268554
X 94203  Y 268877
X 102533  Y 270211
X 112060  Y 271500
X 115466  Y 272098
X 102199  Y 272376
X 101039  Y 272376
X 105597  Y 272376
X 106867  Y 272376
X 99547  Y 272376
X 103525  Y 272376
X 97637  Y 272376
X 104768  Y 272376
X 94617  Y 272559
X 107613  Y 273122
X 97637  Y 273509
X 107613  Y 274393
X 115293  Y 274393
X 109740  Y 274393
X 111563  Y 274393
X 112751  Y 274393
X 113801  Y 274393
X 97637  Y 274641
X 116066  Y 275166
X 117116  Y 276216
X 97637  Y 276326
X 94295  Y 277437
X 97637  Y 277487
X 97637  Y 278812
X 97637  Y 279835
X 93155  Y 280699
X 106754  Y 281599
X 108367  Y 281599
X 101533  Y 281599
X 110174  Y 281599
X 100146  Y 281599
X 97637  Y 281599
X 105176  Y 281599
X 98730  Y 281599
X 103979  Y 281599
X 102574  Y 281599
X 94544  Y 282231
X 110174  Y 282708
X 106089  Y 283158
X 102918  Y 283158
X 93368  Y 283193
X 98535  Y 283478
X 110174  Y 284006
X 110174  Y 285374
X 110174  Y 286638
X 110174  Y 287971
X 97541  Y 289050
X 110174  Y 289374
X 105425  Y 289465
X 99800  Y 290202
X 115200  Y 291200
X 103673  Y 293384
X 105529  Y 293720
X 107428  Y 293800
X 113893  Y 293945
X 93421  Y 294044
X 96876  Y 294211
X 99600  Y 294400
X 105929  Y 295200
X 113893  Y 295243
X 115586  Y 296696
X 117089  Y 296696
X 113893  Y 296752
X 112395  Y 297427
X 109575  Y 297948
X 111600  Y 298222
X 100027  Y 298276
X 94933  Y 298818
X 111600  Y 299436
X 108975  Y 300345
X 99830  Y 300453
X 102030  Y 300497
X 111600  Y 300928
X 95673  Y 301457
X 111600  Y 302082
X 97600  Y 302498
X 93922  Y 302515
X 100308  Y 302835
X 111600  Y 303461
X 111600  Y 305020
X 108652  Y 305601
X 99600  Y 306400
X 112300  Y 306500
X 115099  Y 306500
X 92808  Y 306695
X 109971  Y 307629
X 109971  Y 308798
X 108700  Y 308958
X 95706  Y 309259
X 101585  Y 309835
X 107788  Y 309870
X 106730  Y 310928
X 106730  Y 312396
X 104686  Y 313557
X 106730  Y 313740
X 94870  Y 314665
X 106730  Y 315073
X 92921  Y 315473
X 103718  Y 316082
X 106730  Y 316572
X 106730  Y 317658
X 107650  Y 318578
X 93600  Y 318800
X 108745  Y 319673
X 97442  Y 320732
X 108745  Y 321155
X 95181  Y 322300
X 110034  Y 322444
X 117202  Y 323522
X 111165  Y 323575
X 115835  Y 323915
X 104731  Y 323958
X 114169  Y 324244
X 116000  Y 326000
X 97200  Y 327600
X 109600  Y 328800
X 96000  Y 328800
X 102100  Y 331600
X 111200  Y 333600
X 103646  Y 333953
X 108253  Y 336456
X 101901  Y 337840
X 114653  Y 338263
X 110756  Y 338777
X 112533  Y 340881
X 115000  Y 341425
X 96457  Y 345028
X 101875  Y 345563
X 110805  Y 345623
X 108186  Y 346159
X 115072  Y 346467
X 104860  Y 347301
X 100510  Y 347510
X 110746  Y 348123
X 96423  Y 348191
X 99494  Y 350207
X 110448  Y 350505
X 106816  Y 350564
X 102827  Y 350564
X 95800  Y 352400
X 106000  Y 353300
X 101934  Y 353303
X 109019  Y 353422
X 115545  Y 355574
X 97600  Y 356400
X 114463  Y 356911
X 97600  Y 357600
X 113033  Y 357968
X 93719  Y 358006
X 102248  Y 358692
X 99830  Y 358819
X 104729  Y 358946
X 96203  Y 364991
X 116244  Y 366836
X 95400  Y 367500
X 112930  Y 369690
X 106990  Y 369930
X 101745  Y 369965
X 103705  Y 369965
X 95845  Y 369965
X 97800  Y 370060
X 100235  Y 370090
X 113365  Y 371145
X 101135  Y 371340
X 116564  Y 371362
X 114711  Y 371861
X 95114  Y 371950
X 104495  Y 371960
X 110293  Y 371968
X 119535  Y 371565
X 122505  Y 369115
X 120565  Y 368615
X 124515  Y 366705
X 123477  Y 365448
X 126855  Y 364890
X 130532  Y 362419
X 122670  Y 362382
X 128465  Y 361599
X 123116  Y 360219
X 131410  Y 359685
X 126046  Y 359614
X 132741  Y 359176
X 124134  Y 358310
X 127892  Y 357530
X 133952  Y 357288
X 125342  Y 356274
X 135128  Y 355756
X 130214  Y 355446
X 137480  Y 353582
X 127118  Y 353184
X 123700  Y 352600
X 130214  Y 352172
X 134143  Y 351636
X 138157  Y 351231
X 120617  Y 351149
X 140829  Y 349770
X 130888  Y 348861
X 128058  Y 348825
X 141969  Y 347917
X 137001  Y 347349
X 131600  Y 346400
X 117600  Y 346400
X 134827  Y 346182
X 142325  Y 345779
X 138251  Y 344909
X 139382  Y 342468
X 135691  Y 342051
X 129291  Y 341425
X 120513  Y 341316
X 124866  Y 341316
X 140513  Y 340205
X 130053  Y 339067
X 126825  Y 339031
X 138667  Y 338598
X 120500  Y 338441
X 142597  Y 336752
X 127260  Y 336492
X 119700  Y 335616
X 124136  Y 335503
X 141704  Y 335502
X 120400  Y 333600
X 135783  Y 328746
X 134867  Y 326000
X 120916  Y 324135
X 126310  Y 323767
X 118579  Y 322984
X 119597  Y 321966
X 124973  Y 320678
X 122253  Y 320631
X 120319  Y 320030
X 140142  Y 318879
X 121953  Y 318815
X 120319  Y 318815
X 123905  Y 318815
X 124400  Y 317329
X 129307  Y 316897
X 133159  Y 316003
X 139011  Y 315501
X 124400  Y 314370
X 133733  Y 313946
X 141686  Y 313773
X 130275  Y 313577
X 124227  Y 312749
X 135722  Y 312547
X 124227  Y 310669
X 126090  Y 310400
X 123262  Y 309704
X 134273  Y 309148
X 140794  Y 308980
X 122279  Y 308721
X 121121  Y 308721
X 127832  Y 308275
X 120121  Y 307721
X 117904  Y 306500
X 139289  Y 305859
X 124236  Y 305601
X 129954  Y 305570
X 119200  Y 305145
X 136147  Y 304955
X 133056  Y 303986
X 119200  Y 303839
X 124337  Y 303595
X 125912  Y 303595
X 127298  Y 303595
X 123045  Y 303045
X 136800  Y 302800
X 128193  Y 302700
X 129803  Y 302700
X 131070  Y 302171
X 120401  Y 302000
X 127600  Y 301200
X 131070  Y 300813
X 119200  Y 300125
X 121596  Y 300114
X 120507  Y 300114
X 129875  Y 299618
X 138844  Y 299394
X 119200  Y 298807
X 128788  Y 298531
X 118092  Y 297699
X 128788  Y 297184
X 139234  Y 295716
X 128788  Y 295586
X 133159  Y 294490
X 128788  Y 294328
X 128788  Y 292715
X 128788  Y 291325
X 140070  Y 291257
X 127607  Y 290144
X 135427  Y 288731
X 127607  Y 288584
X 128474  Y 287717
X 141869  Y 286992
X 140223  Y 286992
X 138732  Y 286992
X 137119  Y 286992
X 135507  Y 286992
X 133996  Y 286992
X 132645  Y 286992
X 130771  Y 286992
X 129199  Y 286992
X 123615  Y 284485
X 123600  Y 281200
X 117889  Y 276989
X 119574  Y 276989
X 120956  Y 276989
X 125569  Y 276989
X 129712  Y 276989
X 132254  Y 276989
X 133607  Y 276989
X 134823  Y 276989
X 123110  Y 276989
X 128442  Y 276989
X 124270  Y 276989
X 130873  Y 276989
X 126867  Y 276989
X 136232  Y 276989
X 137392  Y 276989
X 138939  Y 276989
X 122143  Y 276989
X 139823  Y 276105
X 118918  Y 275090
X 140928  Y 275000
X 122553  Y 274998
X 124763  Y 274952
X 142088  Y 273840
X 140042  Y 273479
X 120390  Y 272328
X 128905  Y 272190
X 134243  Y 272052
X 124993  Y 272052
X 136742  Y 267092
X 130399  Y 266975
X 123394  Y 266975
X 120437  Y 265535
X 122600  Y 249200
X 126400  Y 249200
X 126677  Y 243493
X 132020  Y 243397
X 122594  Y 243397
X 120800  Y 240800
X 117600  Y 240800
X 133600  Y 240800
X 140000  Y 240800
X 136800  Y 240800
X 127200  Y 240800
X 130400  Y 240800
X 124000  Y 240800
X 122400  Y 239200
X 141600  Y 239200
X 125600  Y 239200
X 128800  Y 239200
X 132000  Y 239200
X 135200  Y 239200
X 138400  Y 239200
X 119200  Y 239200
X 117600  Y 237600
X 130400  Y 237600
X 136800  Y 237600
X 140000  Y 237600
X 127200  Y 237600
X 124000  Y 237600
X 133600  Y 237600
X 120800  Y 237600
X 141600  Y 236000
X 138400  Y 236000
X 132000  Y 236000
X 119200  Y 236000
X 135200  Y 236000
X 122400  Y 236000
X 128800  Y 236000
X 125600  Y 236000
X 136800  Y 234400
X 117600  Y 234400
X 133600  Y 234400
X 120800  Y 234400
X 140000  Y 234400
X 130400  Y 234400
X 127200  Y 234400
X 124000  Y 234400
X 138400  Y 232800
X 132000  Y 232800
X 119200  Y 232800
X 122400  Y 232800
X 135200  Y 232800
X 141600  Y 232800
X 128800  Y 232800
X 125600  Y 232800
X 136800  Y 231200
X 117600  Y 231200
X 133600  Y 231200
X 140000  Y 231200
X 130400  Y 231200
X 120800  Y 231200
X 124000  Y 231200
X 127200  Y 231200
X 138400  Y 229600
X 119200  Y 229600
X 122400  Y 229600
X 135200  Y 229600
X 141600  Y 229600
X 132000  Y 229600
X 128800  Y 229600
X 125600  Y 229600
X 136800  Y 228000
X 120800  Y 228000
X 140000  Y 228000
X 117600  Y 228000
X 130400  Y 228000
X 124000  Y 228000
X 133600  Y 228000
X 127200  Y 228000
X 138400  Y 226400
X 122400  Y 226400
X 135200  Y 226400
X 141600  Y 226400
X 132000  Y 226400
X 128800  Y 226400
X 125600  Y 226400
X 119200  Y 226400
X 136800  Y 224800
X 139987  Y 224800
X 124000  Y 224800
X 117600  Y 224800
X 133600  Y 224800
X 130400  Y 224800
X 127200  Y 224800
X 120800  Y 224800
X 138400  Y 223200
X 122400  Y 223200
X 141600  Y 223200
X 135200  Y 223200
X 132000  Y 223200
X 128800  Y 223200
X 125600  Y 223200
X 119200  Y 223200
X 139987  Y 221600
X 117600  Y 221600
X 124000  Y 221600
X 133600  Y 221600
X 130400  Y 221600
X 136800  Y 221600
X 127200  Y 221600
X 120800  Y 221600
X 122400  Y 220000
X 135200  Y 220000
X 138400  Y 220000
X 141600  Y 220000
X 132000  Y 220000
X 128800  Y 220000
X 125600  Y 220000
X 119200  Y 220000
X 136337  Y 217700
X 141600  Y 216800
X 127212  Y 212851
X 133260  Y 212799
X 137692  Y 212590
X 120851  Y 210557
X 119837  Y 208123
X 136702  Y 206020
X 128880  Y 203309
X 135711  Y 200024
X 134564  Y 191994
X 129506  Y 188553
X 136597  Y 187875
X 141342  Y 187823
X 125804  Y 187771
X 130954  Y 180791
X 119286  Y 178698
X 130923  Y 177780
X 125968  Y 176958
X 139569  Y 176873
X 133625  Y 176247
X 128640  Y 175205
X 132140  Y 172340
X 127480  Y 172340
X 120914  Y 172128
X 137012  Y 170857
X 140612  Y 170645
X 132700  Y 170300
X 124285  Y 166451
X 134355  Y 166236
X 117600  Y 165600
X 120000  Y 165600
X 136493  Y 165037
X 133846  Y 162616
X 140299  Y 161909
X 124800  Y 160800
X 127200  Y 160800
X 138370  Y 160553
X 134303  Y 159875
X 139200  Y 156000
X 141600  Y 156000
X 122400  Y 156000
X 127200  Y 156000
X 124800  Y 156000
X 132000  Y 156000
X 136058  Y 155607
X 118989  Y 155506
X 120162  Y 155506
X 120162  Y 154430
X 135953  Y 151370
X 124412  Y 151200
X 119515  Y 150236
X 126812  Y 148800
X 138812  Y 146400
X 134012  Y 146400
X 120574  Y 145400
X 127600  Y 144800
X 129212  Y 144000
X 133128  Y 143004
X 125786  Y 141733
X 129800  Y 139800
X 122012  Y 139200
X 136412  Y 139200
X 129000  Y 137800
X 120385  Y 136861
X 134012  Y 136800
X 138812  Y 136800
X 122200  Y 134800
X 126600  Y 133200
X 119424  Y 132508
X 138812  Y 132000
X 126780  Y 126958
X 137479  Y 126647
X 131932  Y 122791
X 131903  Y 117940
X 134012  Y 117600
X 131961  Y 112686
X 136000  Y 112600
X 121012  Y 109000
X 131903  Y 107576
X 136000  Y 105600
X 134012  Y 103200
X 132048  Y 102610
X 134012  Y 98400
X 131932  Y 96951
X 135970  Y 94014
X 138200  Y 90600
X 128537  Y 90442
X 131800  Y 89100
X 134012  Y 88800
X 128648  Y 87610
X 128592  Y 84861
X 137452  Y 83049
X 141212  Y 81600
X 131800  Y 80300
X 134012  Y 79200
X 137452  Y 78249
X 142400  Y 78000
X 127000  Y 77300
X 131800  Y 75900
X 138812  Y 74400
X 128258  Y 73789
X 131877  Y 73034
X 138200  Y 72900
X 120500  Y 71500
X 125912  Y 70000
X 138812  Y 69600
X 134012  Y 69600
X 131961  Y 67937
X 120400  Y 67600
X 128463  Y 66938
X 123130  Y 66856
X 134855  Y 65776
X 138874  Y 65642
X 131323  Y 64242
X 121366  Y 62015
X 135000  Y 61800
X 126658  Y 60826
X 132916  Y 60102
X 138200  Y 58500
X 120873  Y 57831
X 136000  Y 56500
X 126781  Y 54836
X 133507  Y 54646
X 138200  Y 54500
X 120176  Y 52805
X 136000  Y 52500
X 138012  Y 50500
X 134012  Y 50400
X 136000  Y 48500
X 129110  Y 48217
X 119848  Y 47226
X 141358  Y 45327
X 129110  Y 43417
X 128593  Y 41619
X 133800  Y 41600
X 135000  Y 41600
X 123957  Y 41555
X 120866  Y 41555
X 141125  Y 39267
X 139583  Y 38832
X 131950  Y 37667
X 134012  Y 36000
X 139500  Y 35300
X 139900  Y 32500
X 120470  Y 31307
X 139900  Y 31300
X 135515  Y 31188
X 124271  Y 30278
X 117600  Y 30200
X 132006  Y 29965
X 128593  Y 29192
X 117600  Y 27000
X 134012  Y 26400
X 138812  Y 26400
X 117600  Y 23800
X 121600  Y 21800
X 119440  Y 21765
X 117600  Y 20600
X 121200  Y 19400
X 117600  Y 17400
X 136700  Y 16400
X 117600  Y 14200
X 119600  Y 12600
X 148412  Y 16800
X 148412  Y 21600
X 148412  Y 26400
X 143612  Y 26400
X 153212  Y 26400
X 151675  Y 27109
X 146700  Y 30800
X 150541  Y 31008
X 154400  Y 31303
X 154643  Y 36670
X 150554  Y 37004
X 148412  Y 40800
X 144000  Y 40800
X 154694  Y 42398
X 156334  Y 42408
X 158102  Y 44364
X 156411  Y 44399
X 143800  Y 45400
X 148412  Y 45600
X 144312  Y 49700
X 148412  Y 50400
X 153212  Y 50400
X 151000  Y 54800
X 143812  Y 55200
X 153212  Y 55200
X 157000  Y 56400
X 148200  Y 57200
X 143800  Y 57400
X 156000  Y 58400
X 151533  Y 59861
X 148412  Y 60000
X 143800  Y 60000
X 156400  Y 60700
X 148412  Y 64800
X 143800  Y 64800
X 153212  Y 65567
X 143800  Y 69200
X 148412  Y 69600
X 143200  Y 72800
X 148000  Y 74400
X 153212  Y 74400
X 145000  Y 76000
X 150800  Y 79800
X 153712  Y 82370
X 148300  Y 82700
X 146185  Y 84127
X 151600  Y 87000
X 158570  Y 87027
X 153712  Y 87170
X 142903  Y 87286
X 156099  Y 91202
X 153283  Y 92228
X 149262  Y 94343
X 153283  Y 97028
X 160412  Y 100800
X 153212  Y 103200
X 156010  Y 103216
X 160412  Y 105600
X 152312  Y 107200
X 153447  Y 109809
X 160412  Y 110400
X 153140  Y 112660
X 157427  Y 112803
X 155006  Y 115757
X 165600  Y 117600
X 162812  Y 117600
X 151559  Y 117644
X 161610  Y 122608
X 159559  Y 123798
X 153190  Y 123814
X 162812  Y 127200
X 159190  Y 128803
X 153212  Y 132000
X 158012  Y 132000
X 162812  Y 132000
X 158012  Y 136800
X 153212  Y 136800
X 162812  Y 136800
X 162812  Y 141600
X 158012  Y 141600
X 155612  Y 144000
X 150812  Y 144000
X 147395  Y 144290
X 158012  Y 146400
X 162812  Y 146400
X 155733  Y 149603
X 162812  Y 151200
X 156000  Y 156000
X 151200  Y 156000
X 148800  Y 156000
X 144000  Y 156000
X 146400  Y 156000
X 158236  Y 160397
X 143532  Y 160657
X 149737  Y 161179
X 147182  Y 161439
X 158400  Y 163200
X 143897  Y 166445
X 158400  Y 168000
X 156776  Y 170303
X 144849  Y 171069
X 148903  Y 171398
X 145826  Y 175205
X 143845  Y 179063
X 148225  Y 183130
X 142959  Y 183599
X 146921  Y 187614
X 149591  Y 198233
X 154065  Y 203257
X 148538  Y 207532
X 154221  Y 207532
X 156776  Y 208836
X 159400  Y 215200
X 156000  Y 215200
X 152800  Y 215200
X 148000  Y 216800
X 157800  Y 216800
X 151200  Y 216800
X 144800  Y 216800
X 154400  Y 216800
X 159400  Y 218400
X 146400  Y 218400
X 156000  Y 218400
X 152800  Y 218400
X 149600  Y 218400
X 148000  Y 220000
X 144800  Y 220000
X 157800  Y 220000
X 151200  Y 220000
X 154400  Y 220000
X 159400  Y 221600
X 143200  Y 221600
X 156000  Y 221600
X 146400  Y 221600
X 152800  Y 221600
X 149600  Y 221600
X 144800  Y 223200
X 157800  Y 223200
X 151200  Y 223200
X 148000  Y 223200
X 154400  Y 223200
X 159400  Y 224800
X 156000  Y 224800
X 146400  Y 224800
X 143200  Y 224800
X 152800  Y 224800
X 149600  Y 224800
X 144800  Y 226400
X 157800  Y 226400
X 148000  Y 226400
X 151200  Y 226400
X 154400  Y 226400
X 146400  Y 228000
X 156000  Y 228000
X 152800  Y 228000
X 149600  Y 228000
X 159400  Y 228000
X 143200  Y 228000
X 144800  Y 229600
X 154400  Y 229600
X 157800  Y 229600
X 151200  Y 229600
X 148000  Y 229600
X 146400  Y 231200
X 156000  Y 231200
X 143200  Y 231200
X 152800  Y 231200
X 149600  Y 231200
X 159400  Y 231200
X 144800  Y 232800
X 157800  Y 232800
X 154400  Y 232800
X 148000  Y 232800
X 151200  Y 232800
X 159400  Y 234400
X 143200  Y 234400
X 146400  Y 234400
X 149600  Y 234400
X 152800  Y 234400
X 156000  Y 234400
X 157800  Y 236000
X 154400  Y 236000
X 148000  Y 236000
X 151200  Y 236000
X 144800  Y 236000
X 143200  Y 237600
X 159400  Y 237600
X 156000  Y 237600
X 146400  Y 237600
X 152800  Y 237600
X 149600  Y 237600
X 144800  Y 239200
X 157800  Y 239200
X 154400  Y 239200
X 148000  Y 239200
X 151200  Y 239200
X 146400  Y 240800
X 159400  Y 240800
X 156000  Y 240800
X 143200  Y 240800
X 152800  Y 240800
X 149600  Y 240800
X 144800  Y 242400
X 151200  Y 242400
X 157800  Y 242400
X 154400  Y 242400
X 148000  Y 242400
X 159400  Y 244000
X 156000  Y 244000
X 152800  Y 244000
X 149600  Y 244000
X 146400  Y 244000
X 157800  Y 245600
X 154400  Y 245600
X 151200  Y 245600
X 148000  Y 245600
X 149600  Y 247200
X 159400  Y 247200
X 152800  Y 247200
X 156000  Y 247200
X 154400  Y 248800
X 157800  Y 248800
X 159400  Y 250400
X 156000  Y 250400
X 157800  Y 252000
X 157912  Y 256935
X 154581  Y 257744
X 154189  Y 263434
X 154177  Y 266741
X 149935  Y 266780
X 157484  Y 266819
X 143358  Y 266897
X 151370  Y 273315
X 145403  Y 273315
X 149851  Y 273315
X 159105  Y 273315
X 146618  Y 273315
X 154105  Y 273315
X 142613  Y 273315
X 152917  Y 273315
X 148276  Y 273315
X 155707  Y 273315
X 160845  Y 273315
X 157972  Y 273315
X 162281  Y 273315
X 163414  Y 273315
X 144077  Y 273315
X 156757  Y 273315
X 160059  Y 282951
X 158504  Y 282951
X 150381  Y 282951
X 155264  Y 282951
X 153729  Y 282951
X 161950  Y 282951
X 152008  Y 282951
X 157043  Y 282951
X 149483  Y 283849
X 148454  Y 284878
X 147421  Y 285911
X 148596  Y 286917
X 146340  Y 286992
X 144918  Y 286992
X 143478  Y 286992
X 153834  Y 287059
X 152231  Y 287131
X 157326  Y 287344
X 152088  Y 288734
X 143911  Y 288912
X 150414  Y 288948
X 155366  Y 288983
X 146886  Y 288983
X 156827  Y 290266
X 158039  Y 292155
X 146479  Y 292372
X 152585  Y 292400
X 149018  Y 292453
X 156507  Y 294471
X 143414  Y 295437
X 148764  Y 295994
X 145650  Y 296236
X 157825  Y 296858
X 158110  Y 298711
X 156435  Y 299316
X 152220  Y 299896
X 156328  Y 301490
X 145754  Y 301735
X 150817  Y 302279
X 158181  Y 302309
X 153723  Y 303847
X 156756  Y 304732
X 150102  Y 304967
X 143024  Y 305413
X 158235  Y 307120
X 158235  Y 308937
X 149710  Y 309337
X 156524  Y 309828
X 144791  Y 310122
X 156631  Y 311680
X 150323  Y 312530
X 158128  Y 312892
X 156239  Y 315208
X 147400  Y 316200
X 152083  Y 316666
X 157255  Y 317274
X 144700  Y 317500
X 154084  Y 319020
X 154903  Y 320944
X 144242  Y 321194
X 149329  Y 322738
X 153870  Y 322868
X 152017  Y 322975
X 146981  Y 323750
X 143200  Y 323800
X 154725  Y 325327
X 150271  Y 326467
X 151661  Y 327928
X 150859  Y 329923
X 148294  Y 330814
X 147118  Y 333095
X 151215  Y 333130
X 148864  Y 334199
X 145140  Y 336230
X 146779  Y 337121
X 146779  Y 339045
X 144285  Y 340969
X 144285  Y 343926

End of Listing
