Drill Listing
=============
Drill: .02953  Tool: 1  Feed: 197  Speed: 550
X -27134  Y 339661
X -36514  Y 345070
X 149774  Y 96884
X 160601  Y 96884

Drill: .03543  Tool: 2  Feed: 197  Speed: 550
X 153346  Y 128413
X 153346  Y 145735

Drill: .04331  Tool: 3  Feed: 139  Speed: 550
X 10817  Y 150376
X 23021  Y 150376

Drill: .05906  Tool: 4  Feed: 107  Speed: 550
X -49416  Y 146884
X -29731  Y 146884

Drill: .07874  Tool: 5  Feed: 81  Speed: 550
X -32673  Y 19678
X 142911  Y 19678

Drill: .08  Tool: 6  Feed: 74  Speed: 550
X -26392  Y 327523

End of Listing
