Drill Listing
=============
Drill: .004  Tool: 1  Feed: 0  Speed: 0
X -29400  Y 9100
X -31587  Y 9600
X -36387  Y 14400
X -31587  Y 14400
X -26787  Y 14400
X -26787  Y 19200
X -36387  Y 24000
X -26787  Y 24000
X -41187  Y 24000
X -43000  Y 24800
X -31587  Y 28800
X -26787  Y 28800
X -43000  Y 29000
X -39400  Y 29000
X -40600  Y 29000
X -41800  Y 29000
X -28600  Y 31000
X -37000  Y 31200
X -41800  Y 31200
X -44200  Y 31200
X -39400  Y 31200
X -27400  Y 32200
X -35600  Y 32600
X -28600  Y 33400
X -45987  Y 33600
X -35600  Y 33800
X -27400  Y 34600
X -37800  Y 35000
X -28600  Y 35800
X -41000  Y 35800
X -47000  Y 37200
X -44200  Y 39100
X -40800  Y 39200
X -47600  Y 39600
X -32200  Y 39800
X -35200  Y 39800
X -27200  Y 40400
X -30600  Y 41400
X -45200  Y 41600
X -48000  Y 41800
X -41187  Y 43200
X -28800  Y 43200
X -48400  Y 44200
X -42400  Y 44200
X -36700  Y 44500
X -42100  Y 45800
X -48600  Y 46400
X -36800  Y 47600
X -44200  Y 48600
X -48800  Y 48600
X -43098  Y 50443
X -34200  Y 50600
X -48800  Y 50800
X -36200  Y 52400
X -42800  Y 52800
X -48800  Y 53000
X -34200  Y 53200
X -36200  Y 54600
X -48800  Y 55200
X -34200  Y 55600
X -39400  Y 56000
X -36200  Y 56800
X -48800  Y 57400
X -41187  Y 57600
X -43600  Y 57600
X -34200  Y 58000
X -28400  Y 58700
X -36200  Y 59000
X -48800  Y 59600
X -43200  Y 59700
X -34200  Y 60800
X -28400  Y 61100
X -36200  Y 61200
X -48800  Y 61800
X -43200  Y 62300
X -28400  Y 63400
X -36200  Y 63400
X -34400  Y 63600
X -48800  Y 64000
X -43100  Y 64500
X -36200  Y 65600
X -28500  Y 65800
X -48800  Y 66200
X -44823  Y 66964
X -41187  Y 67200
X -36200  Y 67800
X -28500  Y 68200
X -48800  Y 68400
X -43131  Y 69268
X -31400  Y 69400
X -36200  Y 70000
X -28300  Y 70500
X -48800  Y 70600
X -30000  Y 71000
X -31400  Y 71000
X -43600  Y 71300
X -41187  Y 72000
X -36200  Y 72200
X -28300  Y 72800
X -48800  Y 72800
X -43400  Y 74051
X -48800  Y 75000
X -28300  Y 75200
X -38800  Y 75200
X -43126  Y 76413
X -31600  Y 77000
X -48800  Y 77200
X -38800  Y 77200
X -28700  Y 77500
X -41200  Y 77600
X -46023  Y 78797
X -34200  Y 79200
X -36400  Y 79200
X -38800  Y 79400
X -41200  Y 80000
X -45400  Y 81200
X -36400  Y 81200
X -34200  Y 81200
X -31587  Y 81600
X -41200  Y 82000
X -30076  Y 82319
X -36400  Y 83400
X -34200  Y 83400
X -45800  Y 83400
X -31900  Y 84700
X -48800  Y 85200
X -41200  Y 85800
X -45153  Y 85873
X -41200  Y 87000
X -32000  Y 87200
X -45134  Y 88201
X -48800  Y 88800
X -32000  Y 89300
X -41200  Y 90000
X -45800  Y 90600
X -47000  Y 90600
X -44600  Y 90600
X -43200  Y 90600
X -36000  Y 91200
X -26511  Y 91748
X -40400  Y 92200
X -48800  Y 92200
X -48800  Y 93800
X -39200  Y 95800
X -35400  Y 95800
X -43800  Y 97000
X -33803  Y 97907
X -48800  Y 98200
X -47600  Y 98200
X -45383  Y 98308
X -26800  Y 99200
X -40000  Y 99600
X -33800  Y 99800
X -26800  Y 100400
X -48800  Y 100400
X -41187  Y 100800
X -45987  Y 100800
X -34600  Y 102200
X -40000  Y 102200
X -30400  Y 102400
X -31600  Y 102400
X -44200  Y 102600
X -46035  Y 103070
X -26400  Y 103400
X -34600  Y 103400
X -31600  Y 103600
X -30400  Y 103600
X -48800  Y 104200
X -40640  Y 104520
X -35300  Y 105200
X -45987  Y 105600
X -42989  Y 105756
X -27000  Y 105800
X -33900  Y 105800
X -40640  Y 106561
X -48800  Y 106800
X -27000  Y 107000
X -37141  Y 108105
X -38999  Y 108105
X -44032  Y 108105
X -41794  Y 108105
X -40640  Y 109580
X -48400  Y 109800
X -42697  Y 110058
X -38378  Y 110367
X -45987  Y 110400
X -40640  Y 111565
X -38200  Y 114200
X -39069  Y 116100
X -31607  Y 117327
X -34087  Y 118525
X -31607  Y 119428
X -39168  Y 119706
X -41187  Y 120000
X -35216  Y 121005
X -33208  Y 121005
X -31761  Y 122032
X -29130  Y 123482
X -32000  Y 124200
X -34200  Y 127000
X -29200  Y 127000
X -41187  Y 129600
X -32600  Y 130600
X -38668  Y 131537
X -30187  Y 132800
X -51200  Y 134200
X -51200  Y 136200
X -45987  Y 139200
X -40372  Y 140658
X -36713  Y 142061
X -28000  Y 143200
X -31400  Y 143200
X -43278  Y 143314
X -32800  Y 144200
X -33800  Y 147000
X -40722  Y 147073
X -36212  Y 148326
X -26600  Y 149400
X -28800  Y 150800
X -30600  Y 150800
X -32027  Y 150906
X -39820  Y 151233
X -36887  Y 159600
X -47800  Y 160100
X -27000  Y 163800
X -28600  Y 163800
X -30200  Y 163800
X -32700  Y 176900
X -32800  Y 180200
X -39000  Y 180200
X -28200  Y 181400
X -32800  Y 181400
X -39000  Y 181600
X -42800  Y 188600
X -41200  Y 188600
X -28600  Y 194200
X -28600  Y 195400
X -43000  Y 198000
X -34200  Y 198600
X -33000  Y 198600
X -31777  Y 198659
X -32322  Y 212832
X -32621  Y 214407
X -38700  Y 216000
X -26868  Y 218283
X -28443  Y 218696
X -30018  Y 219203
X -42200  Y 222200
X -42200  Y 225200
X -42200  Y 227800
X -31800  Y 231085
X -33193  Y 231151
X -29600  Y 234200
X -28400  Y 234200
X -43951  Y 235774
X -43951  Y 237024
X -27800  Y 238600
X -36800  Y 241400
X -31600  Y 243400
X -39600  Y 243800
X -27400  Y 245200
X -34755  Y 248076
X -33395  Y 248076
X -36842  Y 250297
X -27800  Y 250400
X -29600  Y 251600
X -36842  Y 251841
X -34800  Y 254800
X -29721  Y 255057
X -29800  Y 258600
X -35600  Y 258800
X -34600  Y 260200
X -30000  Y 261800
X -34600  Y 261800
X -43800  Y 262200
X -31000  Y 264400
X -40000  Y 265800
X -34400  Y 266200
X -34400  Y 267800
X -29400  Y 269400
X -26800  Y 269600
X -31000  Y 271400
X -40000  Y 272200
X -27400  Y 272400
X -34400  Y 272800
X -30600  Y 273800
X -27000  Y 274000
X -43800  Y 275100
X -27400  Y 275600
X -29000  Y 276000
X -27400  Y 278000
X -39400  Y 278600
X -30322  Y 279632
X -37000  Y 280400
X -30693  Y 281262
X -27200  Y 282200
X -34883  Y 282312
X -30147  Y 283569
X -27200  Y 283800
X -34935  Y 283938
X -27037  Y 285537
X -35289  Y 286867
X -29835  Y 287506
X -43908  Y 287756
X -40000  Y 288200
X -26900  Y 289500
X -26863  Y 291288
X -30800  Y 291400
X -35000  Y 291800
X -35000  Y 293000
X -29721  Y 293375
X -27191  Y 294195
X -39200  Y 294800
X -30800  Y 295400
X -39000  Y 297000
X -29000  Y 297200
X -35040  Y 299317
X -40000  Y 300200
X -43898  Y 300946
X -36927  Y 302205
X -29800  Y 302800
X -39897  Y 303117
X -33600  Y 304200
X -26800  Y 305800
X -27800  Y 317600
X -38871  Y 322565
X -35402  Y 329220
X -36887  Y 336033
X -35614  Y 339486
X -33615  Y 342900
X -30925  Y 347124
X -27325  Y 351738
X -9975  Y 367600
X -14028  Y 367559
X -5379  Y 367559
X -17728  Y 363859
X -21475  Y 360112
X -10509  Y 357985
X -3672  Y 357613
X -7935  Y 356501
X -24280  Y 356286
X -6521  Y 353319
X -3353  Y 353230
X -6181  Y 350706
X -2800  Y 349000
X -3660  Y 347572
X -7001  Y 347415
X -12541  Y 346000
X -9500  Y 344450
X -6345  Y 344410
X -6593  Y 341706
X -22046  Y 341684
X -6698  Y 338808
X -3734  Y 336032
X -24175  Y 333231
X -1927  Y 332745
X -19327  Y 330685
X -16400  Y 330671
X -2569  Y 328136
X -4600  Y 325866
X -8851  Y 323084
X -18210  Y 322600
X -4756  Y 318601
X -2886  Y 318601
X -9642  Y 315317
X -18912  Y 312971
X -8292  Y 312963
X -16704  Y 312940
X -14000  Y 312577
X -25473  Y 307081
X -17200  Y 306200
X -10774  Y 304833
X -5067  Y 304702
X -2261  Y 304658
X -21200  Y 304600
X -8282  Y 304553
X -18332  Y 303691
X -2023  Y 302981
X -6251  Y 302911
X -10702  Y 302795
X -25000  Y 302400
X -21800  Y 302400
X -15600  Y 302200
X -23207  Y 298321
X -4131  Y 298064
X -14800  Y 298000
X -19901  Y 297628
X -17987  Y 297603
X -16410  Y 297235
X -9753  Y 297130
X -7350  Y 297107
X -1658  Y 296960
X -4151  Y 296456
X -19545  Y 296041
X -8357  Y 295482
X -10039  Y 295366
X -1715  Y 295142
X -17910  Y 295097
X -6821  Y 295009
X -23816  Y 295008
X -12005  Y 294964
X -3325  Y 294930
X -13862  Y 294922
X -5141  Y 294919
X -21855  Y 294916
X -8600  Y 290400
X -21847  Y 290167
X -14000  Y 290000
X -16400  Y 290000
X -18000  Y 290000
X -6099  Y 289911
X -12400  Y 288800
X -5633  Y 288162
X -1255  Y 288065
X -21714  Y 287754
X -15656  Y 287538
X -13192  Y 287217
X -3163  Y 286572
X -14964  Y 285543
X -20214  Y 285297
X -20777  Y 283609
X -22401  Y 283569
X -20604  Y 281774
X -9000  Y 280400
X -10800  Y 280200
X -12800  Y 278200
X -22800  Y 277200
X -3594  Y 276920
X -9021  Y 276710
X -7052  Y 276710
X -11017  Y 276683
X -12800  Y 276600
X -20400  Y 274400
X -9179  Y 272869
X -21000  Y 272600
X -2943  Y 272075
X -7200  Y 271400
X -20400  Y 270800
X -8400  Y 270200
X -22000  Y 269000
X -16000  Y 268600
X -7000  Y 268600
X -8204  Y 267415
X -15400  Y 267000
X -20423  Y 266621
X -7484  Y 265763
X -22800  Y 265200
X -16200  Y 265000
X -1600  Y 264600
X -14400  Y 263800
X -9600  Y 263600
X -19291  Y 263414
X -23000  Y 263400
X -11200  Y 263400
X -4200  Y 263400
X -6200  Y 262800
X -4000  Y 258400
X -11854  Y 258348
X -10250  Y 258106
X -23813  Y 257925
X -26162  Y 257901
X -20064  Y 257899
X -2400  Y 257600
X -6921  Y 256664
X -15942  Y 255546
X -24200  Y 255400
X -13053  Y 255372
X -26000  Y 255200
X -21800  Y 255200
X -6336  Y 255124
X -8093  Y 255116
X -4549  Y 254849
X -5800  Y 251200
X -13017  Y 251117
X -17800  Y 250600
X -19879  Y 250200
X -15942  Y 250130
X -24600  Y 250000
X -23000  Y 250000
X -26200  Y 250000
X -4200  Y 250000
X -13242  Y 247992
X -8200  Y 247000
X -2400  Y 246800
X -5400  Y 246700
X -8600  Y 243600
X -7000  Y 243600
X -21800  Y 239000
X -26000  Y 239000
X -17000  Y 238800
X -18600  Y 238800
X -12800  Y 237800
X -8200  Y 237800
X -16600  Y 237000
X -20972  Y 226936
X -19755  Y 226936
X -8000  Y 222200
X -10685  Y 221869
X -4800  Y 221800
X -3600  Y 221800
X -9545  Y 221252
X -20569  Y 221237
X -20569  Y 220116
X -25293  Y 219576
X -4600  Y 219200
X -14270  Y 218601
X -12664  Y 217018
X -11976  Y 216330
X -12700  Y 214500
X -14000  Y 214500
X -25200  Y 211800
X -23400  Y 211800
X -14000  Y 211400
X -12400  Y 211400
X -21600  Y 211000
X -10800  Y 210200
X -15600  Y 209000
X -14000  Y 209000
X -12400  Y 209000
X -10800  Y 209000
X -25200  Y 208200
X -23400  Y 208200
X -2073  Y 208100
X -10800  Y 207800
X -9200  Y 207800
X -25200  Y 207000
X -23400  Y 207000
X -14000  Y 207000
X -12400  Y 207000
X -21600  Y 206600
X -19600  Y 206600
X -17600  Y 206600
X -15600  Y 206600
X -9200  Y 206600
X -10800  Y 206600
X -3313  Y 204958
X -2045  Y 204958
X -14000  Y 204600
X -12400  Y 204600
X -23400  Y 203400
X -2045  Y 203383
X -3281  Y 203383
X -23400  Y 202200
X -21600  Y 202200
X -19600  Y 202200
X -17600  Y 202200
X -15600  Y 202200
X -14000  Y 202200
X -12400  Y 202200
X -10800  Y 202200
X -9200  Y 202200
X -25400  Y 200400
X -23400  Y 200400
X -12400  Y 200400
X -14000  Y 200400
X -15600  Y 200400
X -17600  Y 200400
X -19600  Y 200400
X -21600  Y 200400
X -9200  Y 200400
X -10800  Y 200400
X -25400  Y 198600
X -23400  Y 198600
X -12400  Y 198600
X -14000  Y 198600
X -15600  Y 198600
X -17600  Y 198600
X -19600  Y 198600
X -21600  Y 198600
X -9200  Y 198600
X -10800  Y 198600
X -2400  Y 198600
X -2400  Y 197200
X -25400  Y 196800
X -23400  Y 196800
X -12400  Y 196800
X -14000  Y 196800
X -15600  Y 196800
X -17600  Y 196800
X -19600  Y 196800
X -21600  Y 196800
X -10800  Y 196800
X -12400  Y 195000
X -14000  Y 195000
X -15600  Y 195000
X -17600  Y 195000
X -19600  Y 195000
X -21600  Y 195000
X -23400  Y 195000
X -10800  Y 195000
X -3200  Y 194000
X -4800  Y 193800
X -4800  Y 192635
X -21967  Y 190784
X -20582  Y 190784
X -22136  Y 189560
X -20582  Y 189560
X -11145  Y 188043
X -15844  Y 188043
X -6402  Y 188043
X -14270  Y 187959
X -15146  Y 187149
X -17923  Y 186496
X -18994  Y 186496
X -18994  Y 185596
X -16950  Y 185574
X -17923  Y 185574
X -18386  Y 179929
X -1400  Y 179200
X -17200  Y 178400
X -7200  Y 177200
X -7200  Y 176000
X -24500  Y 172000
X -20400  Y 169800
X -13800  Y 169000
X -11800  Y 166400
X -1600  Y 166400
X -3400  Y 166400
X -4984  Y 165159
X -13200  Y 165000
X -2289  Y 164025
X -19005  Y 163953
X -23800  Y 163800
X -25400  Y 163800
X -6000  Y 160800
X -15700  Y 160600
X -16600  Y 157300
X -1600  Y 157000
X -12200  Y 153600
X -17843  Y 152950
X -17000  Y 149400
X -25800  Y 148000
X -15387  Y 144500
X -25000  Y 143400
X -22400  Y 143400
X -19400  Y 143400
X -6400  Y 140200
X -7600  Y 138400
X -16587  Y 138300
X -19400  Y 138200
X -3981  Y 136316
X -16587  Y 136300
X -22200  Y 136100
X -11600  Y 135000
X -19400  Y 134400
X -6200  Y 134400
X -3600  Y 133400
X -8200  Y 132400
X -15600  Y 131000
X -24400  Y 129000
X -20971  Y 127298
X -4526  Y 127206
X -23225  Y 126744
X -17787  Y 126700
X -13387  Y 126700
X -1519  Y 126596
X -6273  Y 126596
X -9552  Y 126504
X -16536  Y 125857
X -21887  Y 125700
X -19000  Y 124200
X -9600  Y 123600
X -23077  Y 123085
X -25600  Y 123000
X -21887  Y 121300
X -23299  Y 120018
X -18800  Y 119800
X -5200  Y 117800
X -10200  Y 117800
X -15287  Y 117000
X -16487  Y 117000
X -21887  Y 116900
X -15200  Y 114600
X -7309  Y 114516
X -23188  Y 112682
X -22034  Y 111090
X -23447  Y 110206
X -23003  Y 108432
X -21600  Y 108400
X -7787  Y 107300
X -17800  Y 106800
X -19000  Y 106800
X -21895  Y 106769
X -25800  Y 105800
X -19000  Y 105600
X -17800  Y 105600
X -23600  Y 103600
X -9687  Y 103200
X -19000  Y 103200
X -17800  Y 103200
X -23800  Y 102000
X -17800  Y 102000
X -19000  Y 102000
X -23000  Y 100600
X -9787  Y 100000
X -15200  Y 98800
X -17800  Y 98800
X -19000  Y 98800
X -23400  Y 98600
X -15200  Y 97600
X -19000  Y 97600
X -17800  Y 97600
X -23225  Y 97124
X -3687  Y 96700
X -7857  Y 96548
X -25200  Y 96400
X -23400  Y 95400
X -4287  Y 93800
X -17887  Y 92900
X -23400  Y 92800
X -23400  Y 91600
X -12387  Y 91300
X -23000  Y 90400
X -24800  Y 87600
X -13087  Y 86900
X -11400  Y 85000
X -13000  Y 85000
X -6487  Y 84300
X -24800  Y 84000
X -19800  Y 83200
X -11400  Y 83000
X -13000  Y 83000
X -24800  Y 82800
X -13000  Y 80800
X -19800  Y 80800
X -7800  Y 79400
X -19800  Y 78600
X -17400  Y 78600
X -15200  Y 78600
X -13000  Y 78600
X -16287  Y 78400
X -6587  Y 78000
X -3387  Y 78000
X -7800  Y 76600
X -19800  Y 76400
X -17400  Y 76400
X -15200  Y 76400
X -24600  Y 75400
X -16800  Y 73800
X -8000  Y 73200
X -18200  Y 72600
X -1600  Y 72200
X -24600  Y 71800
X -9400  Y 71600
X -18200  Y 71400
X -24600  Y 70600
X -3400  Y 70400
X -10800  Y 70000
X -18087  Y 69300
X -12400  Y 68800
X -2400  Y 68400
X -5400  Y 68400
X -12400  Y 67600
X -24600  Y 67000
X -14400  Y 66600
X -18000  Y 66400
X -5400  Y 66200
X -3200  Y 66200
X -14400  Y 65400
X -18000  Y 65200
X -18287  Y 63800
X -13287  Y 63800
X -10400  Y 63600
X -3200  Y 63600
X -5400  Y 63600
X -24699  Y 62201
X -9600  Y 61800
X -2200  Y 60800
X -4400  Y 60800
X -11600  Y 60000
X -18287  Y 59300
X -3200  Y 58600
X -5400  Y 58600
X -11600  Y 57800
X -24800  Y 57600
X -5400  Y 56400
X -24800  Y 56400
X -25000  Y 54000
X -5400  Y 54000
X -2600  Y 53400
X -7600  Y 52200
X -2600  Y 51200
X -7600  Y 50000
X -21600  Y 49200
X -14687  Y 48200
X -18087  Y 48100
X -3200  Y 47800
X -7600  Y 47800
X -5400  Y 47800
X -25800  Y 46200
X -22000  Y 45800
X -3200  Y 45600
X -23400  Y 44400
X -11751  Y 43661
X -10000  Y 43400
X -7600  Y 43400
X -5200  Y 43400
X -3200  Y 43400
X -23400  Y 42800
X -25400  Y 42400
X -10000  Y 41200
X -5200  Y 41200
X -15200  Y 41200
X -17600  Y 41200
X -12600  Y 41200
X -7600  Y 41200
X -3200  Y 41200
X -20000  Y 41200
X -1600  Y 40400
X -6595  Y 39474
X -8606  Y 39325
X -14360  Y 39305
X -17423  Y 39252
X -12600  Y 39000
X -20860  Y 38661
X -2800  Y 38400
X -1600  Y 38400
X -8200  Y 38000
X -10600  Y 38000
X -8200  Y 36400
X -10600  Y 36400
X -26200  Y 35800
X -25000  Y 35800
X -8200  Y 34800
X -10600  Y 34800
X -26200  Y 34600
X -25000  Y 34600
X -16800  Y 34600
X -23800  Y 34000
X -4687  Y 33900
X -8200  Y 33200
X -10600  Y 33000
X -25000  Y 32200
X -26200  Y 32200
X -10600  Y 31400
X -8200  Y 31400
X -8200  Y 30000
X -10600  Y 30000
X -8200  Y 28600
X -10600  Y 28600
X -10600  Y 27000
X -8200  Y 27000
X -17600  Y 25800
X -10600  Y 25600
X -8200  Y 25600
X -8200  Y 24400
X -10600  Y 24400
X -10600  Y 23200
X -8200  Y 23200
X -10600  Y 22000
X -8200  Y 22000
X -10600  Y 20800
X -8200  Y 20800
X -8200  Y 19600
X -21987  Y 19200
X -8200  Y 18400
X -10600  Y 18400
X -9400  Y 16800
X -8200  Y 16800
X -10600  Y 16800
X -16200  Y 16600
X -10600  Y 15200
X -8200  Y 15200
X -2000  Y 13600
X -8200  Y 13600
X -5200  Y 13600
X -9400  Y 13600
X -10600  Y 13600
X -3600  Y 13600
X -6800  Y 13600
X -12156  Y 13132
X -6800  Y 12400
X -3600  Y 12400
X -10600  Y 12000
X -8200  Y 12000
X -2000  Y 11200
X -6800  Y 11200
X -5200  Y 11200
X -3600  Y 11200
X -7587  Y 9600
X -12387  Y 9600
X 4400  Y 11200
X 17200  Y 11200
X 2800  Y 11200
X 20400  Y 11200
X 9200  Y 11200
X 7600  Y 11200
X 6000  Y 11200
X 1200  Y 11200
X -400  Y 11200
X 22000  Y 11200
X 18800  Y 11200
X 15600  Y 11200
X 12400  Y 11200
X 14000  Y 11200
X 23600  Y 11200
X 10800  Y 11200
X 12400  Y 12400
X 9200  Y 12400
X 15600  Y 12400
X 6000  Y 12400
X 2800  Y 12400
X -400  Y 12400
X 22000  Y 12400
X 18800  Y 12400
X 7600  Y 13600
X 9200  Y 13600
X 2800  Y 13600
X 1200  Y 13600
X 6000  Y 13600
X 10800  Y 13600
X 22000  Y 13600
X 20400  Y 13600
X 18800  Y 13600
X 15600  Y 13600
X 12400  Y 13600
X -400  Y 13600
X 4400  Y 13600
X 23600  Y 13600
X 14000  Y 13600
X 17200  Y 13600
X 17200  Y 14800
X 16200  Y 15800
X 15400  Y 17000
X 17200  Y 17000
X 17200  Y 18800
X 15400  Y 19000
X 16800  Y 20000
X 15400  Y 21800
X 17200  Y 21800
X 15400  Y 24000
X 17200  Y 24000
X 15400  Y 26000
X 17200  Y 26000
X 15400  Y 27200
X 17200  Y 27200
X 17200  Y 29400
X -1087  Y 29800
X 15200  Y 31400
X 17200  Y 31600
X 15400  Y 33600
X 17200  Y 33600
X 11795  Y 34229
X 15400  Y 35400
X 17200  Y 35400
X 15200  Y 36600
X 16553  Y 37723
X 15200  Y 37800
X 13600  Y 38400
X 7600  Y 39000
X 10000  Y 39000
X 8800  Y 39000
X 12412  Y 39010
X 870  Y 39125
X 2200  Y 39200
X 5510  Y 39305
X 16993  Y 39403
X 6400  Y 40200
X 7600  Y 40200
X 8800  Y 40200
X 10000  Y 40200
X 11200  Y 40200
X 12400  Y 40200
X -400  Y 40400
X 800  Y 40400
X 2200  Y 40400
X 3800  Y 40400
X 5000  Y 40400
X 412  Y 45000
X 7800  Y 46000
X 12600  Y 46000
X 10400  Y 46000
X 1512  Y 47000
X 14000  Y 47200
X 12000  Y 47400
X 12000  Y 48800
X 14000  Y 49000
X 8400  Y 49000
X 14000  Y 50600
X 12000  Y 50600
X 10800  Y 51400
X 12000  Y 51800
X 14000  Y 51800
X 12000  Y 53000
X 14000  Y 53000
X 11800  Y 54200
X 13012  Y 55500
X 17112  Y 55800
X 20912  Y 55800
X 11800  Y 57200
X 11800  Y 59200
X 13012  Y 59900
X 11400  Y 60400
X 14000  Y 61000
X 14000  Y 62200
X 11400  Y 63000
X 13012  Y 64300
X 11400  Y 65200
X 14600  Y 66400
X 15800  Y 67800
X 17000  Y 67800
X 18200  Y 67800
X 19400  Y 67800
X 20600  Y 67800
X 12200  Y 67800
X 11400  Y 68800
X 12400  Y 70200
X 10412  Y 71400
X 8812  Y 72400
X 12400  Y 72400
X 19212  Y 74600
X 12412  Y 74700
X 12320  Y 78005
X 19212  Y 78100
X 15012  Y 83800
X 18612  Y 83800
X 19717  Y 84305
X 10712  Y 85800
X -278  Y 87454
X 6020  Y 87454
X 14200  Y 89400
X 10012  Y 90300
X 12320  Y 90603
X 7312  Y 91800
X 22812  Y 93300
X 9170  Y 93753
X 812  Y 93800
X 6012  Y 93900
X 18600  Y 94000
X 2512  Y 94100
X 11600  Y 94200
X 4512  Y 95500
X 6400  Y 96600
X 12320  Y 96903
X 2871  Y 96903
X 637  Y 97818
X 5612  Y 99800
X 2871  Y 100052
X 10712  Y 100100
X 12312  Y 100100
X 15400  Y 102800
X 1912  Y 107300
X 15000  Y 107600
X 20312  Y 107900
X 15400  Y 111600
X 4200  Y 111800
X 7912  Y 113200
X 13712  Y 114200
X 112  Y 115500
X 16800  Y 116400
X 11200  Y 116400
X 4400  Y 116400
X 16782  Y 119136
X 12352  Y 119181
X 4000  Y 119200
X 6337  Y 119227
X 9344  Y 119250
X 9230  Y 122074
X 12260  Y 122166
X 6400  Y 122200
X 16667  Y 122235
X 15400  Y 125800
X 10145  Y 125986
X 5938  Y 126051
X 500  Y 126060
X 3234  Y 126576
X 8067  Y 126654
X 12919  Y 126694
X 17790  Y 126694
X 22368  Y 126752
X 19606  Y 127150
X 4971  Y 127280
X 15400  Y 127600
X 4512  Y 132200
X 2512  Y 132200
X 6512  Y 132200
X 3512  Y 133100
X 5512  Y 133100
X 6512  Y 134200
X 2512  Y 134200
X -800  Y 134600
X 3300  Y 135200
X 5700  Y 135200
X 4512  Y 135400
X 2512  Y 136200
X 6512  Y 136200
X 5612  Y 137400
X 3412  Y 137400
X 2512  Y 138200
X -800  Y 138200
X 4512  Y 138200
X 6512  Y 138200
X 14536  Y 139792
X 23415  Y 140346
X -1000  Y 141600
X 11563  Y 141871
X 9411  Y 142361
X 16612  Y 143000
X 21412  Y 143000
X 2924  Y 153337
X 5695  Y 153337
X 4291  Y 153337
X 2868  Y 154592
X 5695  Y 154592
X 4242  Y 154592
X 16597  Y 156106
X 22000  Y 163800
X 12400  Y 163800
X 15200  Y 163800
X 10400  Y 163800
X 19200  Y 163800
X 15600  Y 166400
X 19200  Y 166400
X 22000  Y 166400
X 3600  Y 176000
X 5400  Y 176000
X 7000  Y 176000
X 19526  Y 176571
X 20770  Y 176571
X 10400  Y 176600
X 20000  Y 178400
X 18400  Y 180000
X 16400  Y 180000
X 13200  Y 180000
X 14800  Y 180000
X 20042  Y 180012
X 14800  Y 181800
X 13200  Y 181800
X 16400  Y 181800
X 11200  Y 181900
X 9700  Y 181900
X 200  Y 182400
X 14800  Y 183400
X 16400  Y 183400
X 13200  Y 183400
X -1000  Y 183600
X 13200  Y 185000
X 14800  Y 185000
X 16400  Y 185000
X 5463  Y 186600
X 4000  Y 187400
X 7200  Y 188400
X 15400  Y 188600
X 15400  Y 189800
X 16800  Y 189800
X 4200  Y 190000
X 984  Y 190627
X 18200  Y 191400
X 16800  Y 191400
X -800  Y 192400
X 19212  Y 197310
X 12237  Y 199817
X 12237  Y 201195
X 13669  Y 201195
X 22242  Y 204107
X 20600  Y 204107
X 13000  Y 205400
X 14000  Y 205400
X 13800  Y 208000
X 9400  Y 208400
X 6400  Y 208800
X 7600  Y 208800
X 3000  Y 209200
X 6600  Y 211200
X 17600  Y 211400
X 6600  Y 212400
X 17600  Y 212800
X 19200  Y 214000
X 17600  Y 214000
X 10800  Y 215000
X 20000  Y 216800
X 15600  Y 217200
X 11600  Y 218400
X -600  Y 219800
X 15400  Y 222800
X 19800  Y 228800
X 800  Y 230600
X 22400  Y 232200
X 2600  Y 240200
X -1200  Y 240200
X 11400  Y 242000
X 18000  Y 242600
X 16800  Y 242600
X 4200  Y 246800
X 12800  Y 246800
X 2700  Y 247600
X 11600  Y 248000
X 9400  Y 248600
X 16243  Y 250332
X 9000  Y 251000
X 13600  Y 251200
X 3400  Y 251200
X 18371  Y 254203
X 4200  Y 255000
X 5800  Y 255000
X 16600  Y 255400
X -744  Y 255413
X 2400  Y 255600
X 21600  Y 255800
X 9800  Y 256200
X 12379  Y 256859
X 21600  Y 257400
X 1200  Y 257600
X 3600  Y 258200
X 8600  Y 258600
X 12229  Y 258630
X 10353  Y 258652
X 21200  Y 259600
X 15800  Y 259600
X 23200  Y 261400
X 8200  Y 261900
X 12093  Y 262855
X 19000  Y 263000
X 3000  Y 263600
X 10830  Y 263921
X 0  Y 264000
X 9256  Y 264247
X 4200  Y 264700
X 21200  Y 265000
X 23200  Y 265000
X 12348  Y 265852
X 9000  Y 266000
X 16800  Y 266200
X 3200  Y 266300
X 11200  Y 267400
X 4200  Y 267800
X 17164  Y 267831
X 2600  Y 268200
X 12260  Y 268732
X 600  Y 268800
X 16999  Y 269533
X 11000  Y 269800
X 2000  Y 269800
X 22170  Y 269813
X 11600  Y 271400
X 4200  Y 271600
X 16932  Y 271764
X 12000  Y 273000
X 8603  Y 273197
X 16000  Y 274000
X 21379  Y 274360
X 16830  Y 275491
X 11967  Y 275836
X 18722  Y 277332
X 8992  Y 277663
X 720  Y 277896
X 8898  Y 279296
X 21999  Y 280125
X 1560  Y 280824
X 11854  Y 281293
X 4060  Y 281761
X 22000  Y 282000
X 17200  Y 282200
X 11200  Y 283800
X 2356  Y 283857
X 19700  Y 284400
X 17600  Y 285200
X 8783  Y 285916
X 12500  Y 286000
X 8916  Y 287518
X 12512  Y 287706
X 20966  Y 287817
X 2631  Y 289005
X 16956  Y 289474
X 22740  Y 289490
X 8396  Y 289511
X 10000  Y 289650
X 12005  Y 291059
X 17552  Y 292073
X 11550  Y 293500
X 17000  Y 293600
X 5462  Y 294650
X 7135  Y 294886
X 12500  Y 295000
X -117  Y 295237
X 16992  Y 295380
X 9700  Y 295450
X 1072  Y 296634
X 10500  Y 297100
X 12050  Y 297781
X -194  Y 297782
X 6939  Y 297911
X 5144  Y 297948
X 2768  Y 298342
X 17544  Y 299317
X 19396  Y 299323
X 22235  Y 302613
X 860  Y 302853
X 14616  Y 302890
X 7700  Y 302900
X 4398  Y 303097
X 10465  Y 303928
X 14778  Y 304654
X 341  Y 304707
X 4693  Y 304741
X 7200  Y 305000
X 3068  Y 305293
X 16200  Y 307081
X 2307  Y 312625
X 5544  Y 312704
X 10400  Y 312870
X 3043  Y 316124
X 3043  Y 317746
X 6290  Y 325210
X 9115  Y 327706
X 14920  Y 328431
X 17938  Y 332766
X 4531  Y 332838
X 1265  Y 332838
X 2907  Y 332997
X 20924  Y 333599
X -1020  Y 334270
X 22598  Y 334587
X 287  Y 335255
X 13641  Y 335819
X 7126  Y 335914
X 22471  Y 336390
X 5158  Y 337011
X 15259  Y 337216
X 11974  Y 338692
X -1020  Y 338754
X 16337  Y 340513
X 8103  Y 341368
X 11551  Y 341598
X 2343  Y 341628
X 5600  Y 341800
X 2242  Y 344366
X 5600  Y 344400
X -400  Y 344678
X 7911  Y 344918
X 20400  Y 345600
X 2365  Y 347492
X 11350  Y 347568
X 23000  Y 348200
X 5626  Y 350156
X 10978  Y 350274
X -488  Y 350364
X 2346  Y 350375
X 8363  Y 350525
X 15639  Y 350540
X 5800  Y 352000
X 2198  Y 353110
X 9113  Y 353239
X 13830  Y 355954
X 9782  Y 356413
X 4022  Y 357476
X 22643  Y 358322
X 836  Y 358674
X 20238  Y 367559
X 15289  Y 367559
X -596  Y 367600
X 10127  Y 367600
X 4800  Y 367600
X 24715  Y 367559
X 44298  Y 367559
X 39020  Y 367559
X 34424  Y 367559
X 29286  Y 367559
X 40651  Y 355953
X 42343  Y 355757
X 48398  Y 352851
X 23978  Y 352774
X 32852  Y 352736
X 45253  Y 352601
X 36125  Y 349688
X 45420  Y 349618
X 29632  Y 346420
X 44440  Y 346331
X 35820  Y 346318
X 46929  Y 346151
X 31829  Y 345738
X 43451  Y 344950
X 30000  Y 342400
X 34000  Y 341600
X 28347  Y 340673
X 40600  Y 340200
X 26612  Y 339615
X 48383  Y 338505
X 27701  Y 338264
X 45000  Y 337600
X 34923  Y 337326
X 39196  Y 336856
X 32765  Y 334313
X 48610  Y 333911
X 39099  Y 333803
X 45335  Y 333780
X 45370  Y 330814
X 29584  Y 330633
X 36234  Y 327530
X 43600  Y 327200
X 38300  Y 325944
X 26338  Y 325895
X 24856  Y 325070
X 46490  Y 325025
X 38292  Y 323954
X 44024  Y 321526
X 48332  Y 320926
X 36060  Y 319350
X 48364  Y 319230
X 44600  Y 319000
X 37321  Y 318034
X 44000  Y 317000
X 41200  Y 316600
X 38200  Y 315400
X 38791  Y 312373
X 31482  Y 311216
X 40000  Y 311000
X 26112  Y 310897
X 34910  Y 310848
X 33318  Y 310681
X 26817  Y 307630
X 47600  Y 307400
X 45050  Y 307031
X 46600  Y 306000
X 32600  Y 304700
X 29808  Y 304026
X 41186  Y 302932
X 45200  Y 302800
X 30561  Y 302605
X 35600  Y 302600
X 47600  Y 301400
X 45200  Y 300900
X 43000  Y 300800
X 35700  Y 300600
X 37673  Y 300540
X 40530  Y 300516
X 31202  Y 300248
X 37289  Y 298955
X 41550  Y 298650
X 45500  Y 298650
X 39600  Y 298600
X 35700  Y 298300
X 35700  Y 296700
X 37600  Y 296700
X 40800  Y 296700
X 42800  Y 296700
X 29433  Y 296578
X 30986  Y 296050
X 47091  Y 295100
X 45252  Y 295100
X 32200  Y 294600
X 43498  Y 294081
X 48767  Y 293708
X 39072  Y 293235
X 37200  Y 293150
X 41150  Y 293150
X 35700  Y 292700
X 29471  Y 292584
X 43200  Y 292400
X 32697  Y 292126
X 38800  Y 291600
X 40800  Y 291500
X 45500  Y 290150
X 41600  Y 289600
X 39600  Y 289600
X 37550  Y 289450
X 28748  Y 289334
X 47200  Y 289000
X 41550  Y 287600
X 37300  Y 287300
X 35339  Y 287295
X 39200  Y 287200
X 44750  Y 286850
X 46750  Y 286850
X 29379  Y 286084
X 35650  Y 285650
X 41600  Y 285650
X 37550  Y 285550
X 39300  Y 285300
X 43450  Y 284920
X 46800  Y 284900
X 37550  Y 283750
X 41550  Y 283600
X 39335  Y 283455
X 35277  Y 283237
X 33016  Y 282996
X 43600  Y 282800
X 31994  Y 281745
X 40850  Y 281600
X 35500  Y 281500
X 42800  Y 281500
X 47000  Y 281400
X 37300  Y 281300
X 35400  Y 278800
X 37000  Y 278600
X 38700  Y 278600
X 46083  Y 278519
X 47471  Y 277328
X 43833  Y 276937
X 37579  Y 276932
X 48183  Y 276272
X 29605  Y 275377
X 31100  Y 275377
X 45396  Y 275253
X 29605  Y 274056
X 45413  Y 273856
X 24600  Y 273600
X 39200  Y 272600
X 39200  Y 270200
X 47800  Y 269400
X 44600  Y 268128
X 40200  Y 267000
X 31800  Y 266200
X 30000  Y 265600
X 25200  Y 265000
X 27200  Y 264800
X 44000  Y 264800
X 34000  Y 264600
X 48200  Y 264000
X 36000  Y 263800
X 28600  Y 263000
X 36000  Y 261800
X 30000  Y 260600
X 25200  Y 259800
X 41800  Y 255627
X 31000  Y 254800
X 43513  Y 254735
X 37009  Y 252971
X 31000  Y 252800
X 31000  Y 250800
X 31800  Y 249200
X 41800  Y 245800
X 25611  Y 243466
X 37800  Y 235800
X 39800  Y 235800
X 43400  Y 235600
X 42600  Y 233000
X 27000  Y 232200
X 28200  Y 232200
X 35338  Y 229800
X 42800  Y 229400
X 36400  Y 227200
X 26400  Y 224800
X 48600  Y 224800
X 38800  Y 224600
X 36909  Y 223191
X 29720  Y 220636
X 25200  Y 219800
X 32400  Y 218400
X 26600  Y 216700
X 24600  Y 215300
X 29885  Y 215289
X 32000  Y 214100
X 28237  Y 214018
X 35600  Y 213400
X 29774  Y 213394
X 26565  Y 212605
X 41500  Y 212500
X 35600  Y 212200
X 34800  Y 209400
X 42200  Y 209200
X 34000  Y 208600
X 34261  Y 205580
X 41800  Y 204935
X 34319  Y 202824
X 41800  Y 201800
X 25621  Y 200150
X 28600  Y 199400
X 39400  Y 197600
X 28800  Y 195000
X 26200  Y 194800
X 47400  Y 194200
X 47400  Y 192400
X 23800  Y 192400
X 28800  Y 192200
X 47400  Y 190600
X 32180  Y 190120
X 33445  Y 190120
X 33409  Y 188600
X 32180  Y 188600
X 25234  Y 185238
X 25234  Y 183800
X 37400  Y 180000
X 39200  Y 180000
X 42000  Y 176600
X 37800  Y 175400
X 46000  Y 173600
X 41500  Y 170300
X 47800  Y 166600
X 38800  Y 166400
X 30400  Y 166400
X 36000  Y 166400
X 41600  Y 166400
X 33200  Y 166400
X 24800  Y 166400
X 27600  Y 166400
X 48735  Y 165229
X 46600  Y 164000
X 36000  Y 163800
X 41800  Y 163800
X 30400  Y 163800
X 33200  Y 163800
X 38800  Y 163800
X 24800  Y 163800
X 27600  Y 163800
X 29514  Y 160069
X 31259  Y 160034
X 24787  Y 159868
X 34482  Y 159736
X 47600  Y 158400
X 42600  Y 156400
X 47600  Y 152800
X 35412  Y 150600
X 26212  Y 143000
X 29100  Y 139200
X 27200  Y 139200
X 29000  Y 137400
X 27100  Y 137300
X 29100  Y 135700
X 27200  Y 135500
X 44912  Y 135000
X 43700  Y 135000
X 42500  Y 135000
X 40812  Y 135000
X 29000  Y 133900
X 27200  Y 133600
X 38012  Y 133100
X 42500  Y 132600
X 43700  Y 132600
X 27300  Y 131900
X 40812  Y 131800
X 29300  Y 131700
X 43700  Y 131400
X 42500  Y 131400
X 40812  Y 130600
X 44912  Y 130600
X 39200  Y 127600
X 33800  Y 127600
X 41400  Y 127600
X 43400  Y 127600
X 45800  Y 127600
X 31600  Y 127600
X 28734  Y 127150
X 27084  Y 126752
X 33800  Y 125800
X 43400  Y 125800
X 41400  Y 125800
X 31600  Y 125800
X 45800  Y 125800
X 39200  Y 125800
X 28800  Y 125800
X 39812  Y 121600
X 42800  Y 121400
X 48400  Y 118800
X 39312  Y 115900
X 43600  Y 114200
X 46200  Y 113400
X 39312  Y 112500
X 28800  Y 112200
X 33112  Y 111600
X 38612  Y 109700
X 44800  Y 109600
X 48000  Y 109400
X 45400  Y 106200
X 33395  Y 106129
X 45200  Y 103600
X 36512  Y 103400
X 39600  Y 102200
X 31000  Y 100200
X 26600  Y 100200
X 45000  Y 100000
X 48200  Y 99600
X 42000  Y 99600
X 36400  Y 98400
X 27712  Y 96800
X 24812  Y 96100
X 27712  Y 95000
X 42000  Y 94000
X 48495  Y 93929
X 25512  Y 93500
X 38800  Y 93300
X 25512  Y 89500
X 34000  Y 89000
X 36312  Y 88700
X 26095  Y 87329
X 45200  Y 84600
X 42072  Y 84205
X 48600  Y 84200
X 38912  Y 84000
X 30012  Y 83100
X 43695  Y 82529
X 48600  Y 81200
X 39400  Y 81000
X 45222  Y 81000
X 29912  Y 80800
X 33295  Y 80729
X 42000  Y 78200
X 36712  Y 77700
X 48412  Y 74300
X 42012  Y 74300
X 32200  Y 74000
X 36600  Y 72400
X 42200  Y 72400
X 46000  Y 72400
X 32200  Y 68000
X 31000  Y 68000
X 33400  Y 68000
X 34600  Y 68000
X 45400  Y 67800
X 41800  Y 67800
X 44200  Y 67800
X 40600  Y 67800
X 43000  Y 67800
X 39400  Y 67800
X 46600  Y 67800
X 46112  Y 62600
X 42912  Y 62600
X 39712  Y 62600
X 25112  Y 62400
X 35912  Y 61500
X 25112  Y 60000
X 28012  Y 54000
X 47012  Y 53800
X 41112  Y 53800
X 45012  Y 53800
X 39112  Y 53800
X 43012  Y 53800
X 24200  Y 50200
X 32400  Y 49400
X 48000  Y 48400
X 42812  Y 48000
X 45212  Y 48000
X 38012  Y 48000
X 40412  Y 48000
X 32400  Y 47200
X 24712  Y 45800
X 40412  Y 45600
X 38012  Y 45600
X 42812  Y 45600
X 47612  Y 45600
X 45212  Y 45600
X 31112  Y 45300
X 32312  Y 45300
X 32312  Y 43400
X 31112  Y 43400
X 45212  Y 43200
X 40412  Y 43200
X 24712  Y 42500
X 31112  Y 41400
X 32312  Y 41400
X 38012  Y 40800
X 40412  Y 40800
X 45212  Y 40800
X 42812  Y 40800
X 47612  Y 40800
X 24712  Y 39300
X 45212  Y 38400
X 47612  Y 36000
X 45212  Y 36000
X 40412  Y 36000
X 42812  Y 36000
X 40412  Y 33600
X 45212  Y 33600
X 42812  Y 31200
X 40412  Y 31200
X 47612  Y 31200
X 45212  Y 31200
X 38012  Y 31200
X 31112  Y 29600
X 32312  Y 29600
X 36512  Y 18400
X 43912  Y 18000
X 32512  Y 17900
X 29312  Y 17900
X 26212  Y 17900
X 45100  Y 16800
X 28400  Y 13600
X 30000  Y 13600
X 33200  Y 13600
X 38000  Y 13600
X 25200  Y 13600
X 36400  Y 13600
X 39600  Y 13600
X 42800  Y 13600
X 31600  Y 13600
X 46000  Y 13600
X 44400  Y 13600
X 41200  Y 13600
X 26800  Y 13600
X 34800  Y 13600
X 47600  Y 13600
X 25200  Y 12400
X 44400  Y 12400
X 31600  Y 12400
X 38000  Y 12400
X 47600  Y 12400
X 34800  Y 12400
X 28400  Y 12400
X 41200  Y 12400
X 39600  Y 11200
X 26800  Y 11200
X 30000  Y 11200
X 41200  Y 11200
X 38000  Y 11200
X 34800  Y 11200
X 47600  Y 11200
X 44400  Y 11200
X 46000  Y 11200
X 33200  Y 11200
X 28400  Y 11200
X 36400  Y 11200
X 25200  Y 11200
X 31600  Y 11200
X 42800  Y 11200
X 71600  Y 11200
X 58800  Y 11200
X 62000  Y 11200
X 55600  Y 11200
X 65200  Y 11200
X 68400  Y 11200
X 52400  Y 11200
X 49200  Y 11200
X 71600  Y 13600
X 62000  Y 13600
X 52400  Y 13600
X 55600  Y 13600
X 49200  Y 13600
X 58800  Y 13600
X 65200  Y 13600
X 68400  Y 13600
X 73612  Y 17300
X 52112  Y 17800
X 66212  Y 20200
X 62690  Y 21236
X 61438  Y 22480
X 50812  Y 28000
X 56012  Y 28000
X 60712  Y 29600
X 59512  Y 29600
X 50012  Y 31200
X 54812  Y 31200
X 52412  Y 31200
X 54812  Y 33600
X 50012  Y 33600
X 52412  Y 36000
X 50012  Y 36000
X 54812  Y 36000
X 50012  Y 40800
X 54812  Y 40800
X 52412  Y 40800
X 53600  Y 42000
X 50012  Y 43200
X 59012  Y 43400
X 70012  Y 45600
X 52412  Y 45600
X 50012  Y 45600
X 54812  Y 45600
X 52412  Y 48000
X 50012  Y 48000
X 54812  Y 48000
X 59600  Y 49400
X 54912  Y 53800
X 48912  Y 53800
X 50912  Y 53800
X 58912  Y 62600
X 55712  Y 62600
X 52512  Y 62600
X 49312  Y 62600
X 71512  Y 63300
X 69200  Y 66000
X 65000  Y 66000
X 66800  Y 66000
X 68000  Y 66000
X 70400  Y 66000
X 55917  Y 67143
X 60730  Y 67143
X 50703  Y 67164
X 66800  Y 67800
X 70400  Y 67800
X 68000  Y 67800
X 58400  Y 67800
X 64800  Y 67800
X 57000  Y 67800
X 51800  Y 67800
X 53600  Y 67800
X 52600  Y 72400
X 56600  Y 72400
X 49800  Y 72400
X 49712  Y 74200
X 52600  Y 74200
X 73600  Y 74700
X 70412  Y 74700
X 60970  Y 74756
X 67012  Y 77900
X 56412  Y 79400
X 73568  Y 81055
X 60970  Y 81055
X 73568  Y 84205
X 50000  Y 85600
X 67400  Y 87500
X 51400  Y 87600
X 71400  Y 90000
X 67600  Y 90400
X 51212  Y 90500
X 57800  Y 91000
X 59600  Y 92800
X 71200  Y 93800
X 67200  Y 93800
X 65200  Y 95000
X 68800  Y 95220
X 50000  Y 95400
X 55012  Y 95800
X 62800  Y 96800
X 69400  Y 97000
X 67600  Y 97000
X 67600  Y 98800
X 71600  Y 99600
X 51000  Y 99800
X 57200  Y 100400
X 62600  Y 100800
X 66200  Y 102000
X 63800  Y 102600
X 71400  Y 103000
X 60912  Y 103100
X 58312  Y 103600
X 49800  Y 104400
X 62600  Y 104600
X 61012  Y 106200
X 57820  Y 106252
X 65912  Y 107800
X 67600  Y 108400
X 71400  Y 108400
X 57820  Y 109402
X 54612  Y 110100
X 71800  Y 110800
X 62545  Y 110800
X 68912  Y 111000
X 60970  Y 112551
X 54400  Y 112600
X 71800  Y 114000
X 62612  Y 114100
X 54712  Y 115700
X 64200  Y 115800
X 66400  Y 117200
X 67800  Y 118200
X 52212  Y 121600
X 60412  Y 121900
X 57012  Y 121900
X 69857  Y 125780
X 64800  Y 125800
X 63200  Y 125800
X 53000  Y 125800
X 57000  Y 125800
X 51314  Y 125838
X 55149  Y 125965
X 60071  Y 126036
X 72962  Y 126322
X 67778  Y 126713
X 58592  Y 135941
X 59200  Y 138200
X 49400  Y 140100
X 51800  Y 140100
X 50600  Y 140100
X 55800  Y 140600
X 54600  Y 140600
X 49400  Y 141300
X 51800  Y 141300
X 50600  Y 141300
X 55800  Y 141800
X 54600  Y 141800
X 51800  Y 142500
X 49400  Y 142500
X 50600  Y 142500
X 72246  Y 154447
X 65800  Y 154500
X 72000  Y 157000
X 72300  Y 159800
X 67400  Y 163800
X 64600  Y 163800
X 73000  Y 163800
X 70200  Y 163800
X 67400  Y 166400
X 64600  Y 166400
X 73000  Y 166400
X 70200  Y 166400
X 59300  Y 170300
X 60500  Y 170300
X 58100  Y 170300
X 69880  Y 170542
X 68678  Y 170542
X 67323  Y 170542
X 60500  Y 171500
X 59300  Y 171500
X 58100  Y 171500
X 69880  Y 171875
X 67367  Y 171875
X 68699  Y 171875
X 60500  Y 172700
X 59300  Y 172700
X 58100  Y 172700
X 68699  Y 173339
X 69880  Y 173361
X 67367  Y 173404
X 72200  Y 180000
X 55800  Y 181000
X 67099  Y 181083
X 59625  Y 181148
X 59600  Y 183000
X 55000  Y 185000
X 57200  Y 185000
X 63800  Y 185400
X 59200  Y 187000
X 72800  Y 187200
X 69000  Y 187200
X 63000  Y 187200
X 57200  Y 187200
X 53600  Y 188400
X 61000  Y 188800
X 65000  Y 189200
X 72550  Y 189480
X 49800  Y 190600
X 60656  Y 190662
X 71846  Y 192080
X 64000  Y 192600
X 49800  Y 194200
X 48800  Y 196000
X 56200  Y 196000
X 57400  Y 200200
X 60200  Y 204200
X 65500  Y 205300
X 50926  Y 206797
X 70225  Y 207310
X 49815  Y 209196
X 57400  Y 209600
X 51529  Y 211083
X 52600  Y 213600
X 64870  Y 217857
X 71770  Y 218562
X 64870  Y 219760
X 71770  Y 219944
X 56976  Y 220380
X 55367  Y 220583
X 51600  Y 222200
X 56800  Y 225600
X 68028  Y 229815
X 60700  Y 232200
X 58700  Y 232200
X 51300  Y 235300
X 56800  Y 236000
X 62322  Y 237071
X 60582  Y 237118
X 66450  Y 237131
X 69195  Y 237236
X 72366  Y 237287
X 63569  Y 238984
X 66457  Y 239004
X 69326  Y 239063
X 72450  Y 239063
X 53600  Y 239200
X 56800  Y 239200
X 71310  Y 240930
X 68226  Y 240969
X 65337  Y 240989
X 62036  Y 241008
X 56534  Y 241146
X 51400  Y 241200
X 58771  Y 241325
X 72740  Y 241861
X 68184  Y 242699
X 72578  Y 243405
X 56298  Y 243661
X 62272  Y 243740
X 59344  Y 243740
X 65357  Y 243740
X 69725  Y 244910
X 67086  Y 245135
X 64148  Y 245174
X 72137  Y 245178
X 60945  Y 245272
X 51000  Y 249000
X 56723  Y 257670
X 70500  Y 259700
X 72500  Y 259800
X 71000  Y 263800
X 72824  Y 265599
X 63600  Y 265800
X 60400  Y 265800
X 58113  Y 268046
X 51240  Y 268317
X 53200  Y 268400
X 63991  Y 269861
X 65495  Y 269900
X 60491  Y 270427
X 73400  Y 271800
X 71000  Y 273200
X 73772  Y 275124
X 61313  Y 275135
X 67700  Y 275191
X 72200  Y 277400
X 50354  Y 278635
X 72600  Y 279400
X 59299  Y 280269
X 72000  Y 281000
X 56600  Y 281650
X 54600  Y 281700
X 51400  Y 282900
X 56858  Y 283332
X 72600  Y 283400
X 54659  Y 283559
X 64143  Y 284342
X 69061  Y 284849
X 51351  Y 284913
X 70300  Y 285000
X 54650  Y 285550
X 56494  Y 285734
X 72688  Y 286534
X 51325  Y 286890
X 72138  Y 288245
X 53400  Y 289600
X 72079  Y 290280
X 56550  Y 290650
X 54600  Y 291500
X 49000  Y 292100
X 59000  Y 292400
X 51367  Y 292768
X 55050  Y 293050
X 56800  Y 293200
X 53350  Y 293500
X 64000  Y 294600
X 54908  Y 295116
X 50698  Y 295382
X 61400  Y 295400
X 52600  Y 296600
X 55271  Y 296719
X 63800  Y 297000
X 51079  Y 297092
X 56900  Y 297100
X 69400  Y 297400
X 49400  Y 298600
X 53100  Y 298900
X 71976  Y 299242
X 56700  Y 299300
X 51338  Y 299314
X 54600  Y 300600
X 49200  Y 300800
X 71600  Y 301200
X 68090  Y 301400
X 54600  Y 302600
X 56600  Y 302600
X 52600  Y 302600
X 49200  Y 302700
X 72200  Y 303200
X 67870  Y 303800
X 69800  Y 305200
X 58800  Y 305200
X 51400  Y 305400
X 71600  Y 306200
X 50800  Y 307800
X 69000  Y 307800
X 52400  Y 308000
X 60200  Y 308400
X 73600  Y 310000
X 62400  Y 310000
X 68600  Y 310400
X 60800  Y 311600
X 70461  Y 312000
X 72400  Y 312400
X 65200  Y 314000
X 72600  Y 314000
X 69800  Y 314400
X 63800  Y 315600
X 70491  Y 315953
X 69000  Y 318800
X 65470  Y 319376
X 57128  Y 320811
X 61856  Y 322310
X 56569  Y 322652
X 48931  Y 322815
X 67561  Y 323865
X 50028  Y 324077
X 66573  Y 325289
X 59549  Y 327007
X 62270  Y 327033
X 64231  Y 327111
X 57803  Y 330659
X 67600  Y 333649
X 51613  Y 333764
X 57784  Y 333826
X 54738  Y 333910
X 70665  Y 336883
X 54950  Y 337068
X 53250  Y 338172
X 51600  Y 338219
X 67767  Y 339203
X 50200  Y 341600
X 51400  Y 344800
X 57200  Y 345200
X 62698  Y 345385
X 53250  Y 345849
X 64369  Y 349478
X 67341  Y 349644
X 58067  Y 349676
X 61301  Y 349751
X 73572  Y 352574
X 61132  Y 352715
X 70577  Y 352728
X 51522  Y 352876
X 54866  Y 352923
X 51693  Y 355855
X 68998  Y 356174
X 67841  Y 367559
X 63529  Y 367559
X 71706  Y 367559
X 58815  Y 367600
X 49199  Y 367600
X 53600  Y 367600
X 97026  Y 372284
X 92861  Y 372218
X 86943  Y 372052
X 94183  Y 370267
X 90679  Y 370201
X 88001  Y 369077
X 85852  Y 367656
X 82699  Y 367559
X 79463  Y 367559
X 76012  Y 367559
X 93371  Y 367323
X 91034  Y 367225
X 87803  Y 365804
X 92400  Y 364000
X 97024  Y 363806
X 85819  Y 361011
X 91200  Y 360800
X 87935  Y 360779
X 83467  Y 358297
X 96262  Y 357398
X 88034  Y 357374
X 81370  Y 356200
X 96400  Y 355600
X 85720  Y 355391
X 91200  Y 355200
X 74135  Y 354382
X 83544  Y 354026
X 87935  Y 353109
X 94500  Y 352400
X 91234  Y 352000
X 81385  Y 351867
X 85786  Y 351457
X 87935  Y 349837
X 83513  Y 349739
X 91200  Y 348800
X 81469  Y 347695
X 85918  Y 347258
X 83467  Y 345697
X 87968  Y 345539
X 81361  Y 343591
X 87736  Y 342993
X 83422  Y 341530
X 96806  Y 341223
X 91100  Y 341200
X 81456  Y 339564
X 87703  Y 337869
X 83452  Y 337568
X 91833  Y 337413
X 90638  Y 337400
X 86150  Y 335853
X 81354  Y 335470
X 91100  Y 334100
X 83483  Y 333341
X 88034  Y 332547
X 81385  Y 331243
X 90310  Y 330100
X 97200  Y 330000
X 83452  Y 329176
X 86480  Y 329175
X 98400  Y 328800
X 87935  Y 327455
X 81462  Y 327186
X 74711  Y 325707
X 83452  Y 325196
X 87604  Y 323951
X 97813  Y 323638
X 81520  Y 323264
X 83437  Y 321347
X 91200  Y 321200
X 85984  Y 320910
X 81400  Y 319310
X 95200  Y 319200
X 92400  Y 318800
X 87869  Y 317736
X 83314  Y 317396
X 78400  Y 316000
X 86447  Y 315620
X 81426  Y 315508
X 83314  Y 313620
X 76000  Y 313600
X 88166  Y 312645
X 77400  Y 312000
X 81465  Y 311771
X 92971  Y 311324
X 97540  Y 311170
X 86216  Y 310165
X 77800  Y 310000
X 83284  Y 309952
X 81308  Y 307976
X 87968  Y 307190
X 90352  Y 306909
X 75600  Y 306800
X 83071  Y 306213
X 77247  Y 305153
X 81416  Y 304558
X 97600  Y 304400
X 86050  Y 303950
X 78600  Y 303200
X 83245  Y 302729
X 76600  Y 301200
X 81400  Y 300884
X 87935  Y 300148
X 91412  Y 299500
X 83222  Y 299062
X 86017  Y 298066
X 81507  Y 297347
X 77457  Y 297259
X 95487  Y 296588
X 83268  Y 295586
X 91328  Y 294945
X 87770  Y 294429
X 83268  Y 293265
X 81503  Y 293265
X 86050  Y 291156
X 87770  Y 288611
X 92200  Y 288500
X 85687  Y 285735
X 88100  Y 283718
X 91671  Y 283189
X 96067  Y 283090
X 86348  Y 281536
X 89555  Y 280842
X 94910  Y 280809
X 87151  Y 278917
X 95711  Y 278724
X 89200  Y 274800
X 96800  Y 274200
X 92000  Y 271800
X 96800  Y 271800
X 86958  Y 270872
X 96800  Y 269400
X 91700  Y 269100
X 75400  Y 267200
X 76600  Y 267200
X 93248  Y 260763
X 98048  Y 260763
X 81479  Y 260703
X 74500  Y 259000
X 76000  Y 257000
X 74300  Y 256600
X 94856  Y 253256
X 75198  Y 252990
X 98629  Y 252920
X 83288  Y 252699
X 75236  Y 251021
X 81507  Y 249545
X 75293  Y 249053
X 97385  Y 248827
X 75312  Y 247084
X 82728  Y 246000
X 75367  Y 245116
X 96734  Y 243857
X 81571  Y 243771
X 86798  Y 243554
X 83476  Y 240636
X 96593  Y 240633
X 81818  Y 238092
X 87000  Y 236400
X 96571  Y 236321
X 83399  Y 235484
X 81430  Y 233642
X 86697  Y 233510
X 83308  Y 231517
X 87601  Y 230071
X 83241  Y 228013
X 98075  Y 227606
X 81462  Y 226115
X 83734  Y 224345
X 86734  Y 223812
X 83691  Y 220698
X 81597  Y 220285
X 98400  Y 220000
X 86606  Y 219846
X 74800  Y 212400
X 81771  Y 209031
X 83734  Y 206283
X 74000  Y 205400
X 89742  Y 204821
X 77693  Y 204249
X 82469  Y 204146
X 74000  Y 202600
X 81597  Y 201877
X 86588  Y 200923
X 74800  Y 199000
X 96162  Y 198504
X 91393  Y 197166
X 96257  Y 195172
X 78600  Y 194300
X 83385  Y 190885
X 81684  Y 189184
X 83298  Y 188835
X 78000  Y 187400
X 81200  Y 187000
X 83400  Y 186000
X 81800  Y 184200
X 75600  Y 183600
X 83800  Y 183200
X 95316  Y 182216
X 86200  Y 181600
X 77200  Y 180600
X 81400  Y 180000
X 79400  Y 179000
X 83351  Y 178637
X 86361  Y 178311
X 95438  Y 178054
X 77200  Y 177800
X 97495  Y 175595
X 78200  Y 174400
X 92908  Y 173088
X 96289  Y 172710
X 83069  Y 172183
X 78600  Y 171800
X 86801  Y 171136
X 83124  Y 169922
X 81733  Y 168758
X 97850  Y 168595
X 93050  Y 168595
X 77000  Y 168400
X 83018  Y 166828
X 80037  Y 165096
X 77023  Y 159509
X 88082  Y 158091
X 75319  Y 157727
X 79341  Y 155748
X 85800  Y 155400
X 97312  Y 154200
X 75800  Y 153800
X 87000  Y 153800
X 91238  Y 149600
X 80749  Y 149504
X 87600  Y 144400
X 94400  Y 143800
X 93800  Y 139600
X 83600  Y 138800
X 92000  Y 136600
X 91998  Y 126400
X 82588  Y 126381
X 87264  Y 126341
X 77834  Y 126341
X 96772  Y 126341
X 79960  Y 126303
X 98792  Y 126266
X 88839  Y 125933
X 84112  Y 123600
X 93600  Y 123000
X 78000  Y 118800
X 97000  Y 118200
X 89200  Y 115600
X 74600  Y 114800
X 95800  Y 113000
X 77000  Y 112400
X 93600  Y 112400
X 75200  Y 107800
X 79800  Y 106000
X 91400  Y 105000
X 92800  Y 103800
X 96000  Y 103800
X 79612  Y 103100
X 85200  Y 100600
X 86800  Y 100000
X 79912  Y 99900
X 85200  Y 98400
X 89600  Y 97200
X 73800  Y 97000
X 79312  Y 96800
X 89800  Y 91300
X 88400  Y 91300
X 92600  Y 91300
X 91200  Y 91300
X 95255  Y 91113
X 86400  Y 91100
X 84400  Y 91100
X 74600  Y 90600
X 86400  Y 89900
X 84400  Y 89900
X 97010  Y 89664
X 88400  Y 89400
X 89800  Y 89400
X 91200  Y 89400
X 86400  Y 88700
X 84400  Y 88700
X 86400  Y 87500
X 84400  Y 87500
X 80800  Y 87400
X 74600  Y 87400
X 92114  Y 86683
X 89477  Y 86660
X 86400  Y 86300
X 84400  Y 86300
X 95012  Y 86200
X 98600  Y 86000
X 78400  Y 85800
X 86400  Y 85100
X 84400  Y 85100
X 76600  Y 84400
X 79800  Y 84400
X 84400  Y 83900
X 86400  Y 83900
X 88712  Y 83100
X 86400  Y 82700
X 84400  Y 82700
X 89900  Y 81900
X 79868  Y 81055
X 76712  Y 81000
X 85718  Y 77056
X 76712  Y 74700
X 84400  Y 74400
X 86400  Y 74400
X 93212  Y 72500
X 96212  Y 72500
X 84400  Y 71800
X 86400  Y 71800
X 84400  Y 70600
X 93212  Y 70100
X 96212  Y 70100
X 84400  Y 69400
X 86400  Y 69400
X 83000  Y 67800
X 86400  Y 67000
X 84400  Y 67000
X 83000  Y 66000
X 79800  Y 65600
X 86400  Y 64600
X 84400  Y 64600
X 90712  Y 64500
X 98012  Y 64500
X 94900  Y 64500
X 96812  Y 64500
X 93700  Y 64500
X 98100  Y 61100
X 86512  Y 61000
X 96812  Y 56700
X 88812  Y 51700
X 84796  Y 50670
X 89112  Y 46000
X 89112  Y 41700
X 88712  Y 38800
X 92012  Y 38600
X 89112  Y 36000
X 74812  Y 35200
X 89112  Y 31700
X 89112  Y 27900
X 89112  Y 23600
X 79212  Y 19200
X 90800  Y 13600
X 97200  Y 13600
X 94000  Y 13600
X 74800  Y 13600
X 81200  Y 13600
X 84400  Y 13600
X 78000  Y 13600
X 87600  Y 13600
X 97200  Y 11200
X 90800  Y 11200
X 87600  Y 11200
X 84400  Y 11200
X 94000  Y 11200
X 78000  Y 11200
X 81200  Y 11200
X 74800  Y 11200
X 110000  Y 11200
X 113200  Y 11200
X 103600  Y 11200
X 100400  Y 11200
X 106800  Y 11200
X 121200  Y 12200
X 121200  Y 13400
X 113200  Y 13600
X 110000  Y 13600
X 103600  Y 13600
X 106800  Y 13600
X 100400  Y 13600
X 116400  Y 14200
X 118800  Y 14200
X 121200  Y 14600
X 121200  Y 15800
X 121200  Y 17000
X 116400  Y 17400
X 118800  Y 17400
X 107312  Y 17600
X 121200  Y 18200
X 99412  Y 18400
X 111412  Y 19300
X 116400  Y 20600
X 118800  Y 20600
X 99412  Y 22900
X 118800  Y 23800
X 103412  Y 23800
X 116400  Y 23800
X 121712  Y 25100
X 121712  Y 26300
X 116400  Y 27000
X 118800  Y 27000
X 113112  Y 27900
X 118800  Y 30200
X 116400  Y 30200
X 105700  Y 31800
X 101712  Y 31800
X 117094  Y 32378
X 121712  Y 32900
X 121712  Y 34100
X 101712  Y 34200
X 105700  Y 34200
X 117200  Y 35200
X 105700  Y 36600
X 101712  Y 36600
X 105700  Y 39000
X 101712  Y 39000
X 117501  Y 41173
X 105700  Y 41400
X 101712  Y 41400
X 113112  Y 42200
X 109212  Y 42300
X 101712  Y 43800
X 105712  Y 43800
X 117312  Y 44100
X 117205  Y 45811
X 101712  Y 46200
X 105712  Y 46200
X 117312  Y 48500
X 105712  Y 48600
X 123400  Y 50100
X 106412  Y 52000
X 103000  Y 52000
X 117312  Y 52900
X 102812  Y 56700
X 99812  Y 56700
X 105812  Y 56700
X 117312  Y 57300
X 117742  Y 59482
X 116400  Y 60200
X 104112  Y 61200
X 113112  Y 61200
X 110112  Y 61200
X 107112  Y 61200
X 101112  Y 61200
X 117358  Y 61403
X 119523  Y 63917
X 117393  Y 63917
X 113112  Y 64500
X 107112  Y 64500
X 99812  Y 64500
X 110212  Y 64500
X 111912  Y 64500
X 109012  Y 64500
X 102912  Y 64500
X 101012  Y 64500
X 104112  Y 64500
X 105912  Y 64500
X 118200  Y 67800
X 121612  Y 68900
X 118200  Y 69000
X 108212  Y 70100
X 99212  Y 70100
X 102212  Y 70100
X 121700  Y 71500
X 102212  Y 72500
X 99212  Y 72500
X 105212  Y 72500
X 108212  Y 72500
X 103295  Y 75119
X 101962  Y 75119
X 106712  Y 77500
X 103351  Y 77823
X 101904  Y 77847
X 116584  Y 81283
X 113641  Y 81286
X 111612  Y 81613
X 123664  Y 82021
X 109429  Y 82229
X 106019  Y 82229
X 113655  Y 82836
X 115440  Y 82836
X 123734  Y 85266
X 116584  Y 85926
X 101800  Y 86000
X 104596  Y 86558
X 110612  Y 86800
X 107344  Y 87065
X 100465  Y 89581
X 104505  Y 89999
X 112400  Y 90200
X 103056  Y 90890
X 109186  Y 90946
X 106000  Y 91200
X 101200  Y 91200
X 99211  Y 91225
X 111000  Y 93000
X 112800  Y 93000
X 107800  Y 94200
X 112600  Y 94800
X 114400  Y 94800
X 111000  Y 94800
X 109200  Y 95000
X 116512  Y 97100
X 104800  Y 97400
X 102000  Y 97400
X 111200  Y 98200
X 117812  Y 98600
X 98921  Y 100754
X 108370  Y 100754
X 120594  Y 100799
X 102112  Y 100800
X 110400  Y 100800
X 113200  Y 102200
X 117812  Y 103200
X 108370  Y 103904
X 111520  Y 103904
X 100800  Y 104800
X 120800  Y 104800
X 109400  Y 105800
X 102000  Y 106800
X 99800  Y 106800
X 116200  Y 107000
X 112912  Y 108400
X 119200  Y 108800
X 117912  Y 110200
X 114669  Y 110203
X 120968  Y 110203
X 106400  Y 110600
X 104800  Y 110800
X 119400  Y 111400
X 108400  Y 111600
X 100600  Y 111600
X 116112  Y 111700
X 120675  Y 112786
X 105000  Y 113200
X 111520  Y 113353
X 99000  Y 113600
X 117800  Y 113600
X 110012  Y 114800
X 113112  Y 114900
X 106600  Y 115000
X 108000  Y 116000
X 98800  Y 116400
X 114400  Y 116400
X 105220  Y 116503
X 103600  Y 118200
X 120838  Y 118616
X 101200  Y 118800
X 118107  Y 119635
X 116680  Y 122653
X 114070  Y 123427
X 108263  Y 126192
X 111152  Y 126322
X 101585  Y 126361
X 106280  Y 126361
X 113860  Y 126370
X 103339  Y 126397
X 120600  Y 134800
X 102000  Y 137000
X 100600  Y 139400
X 120400  Y 139600
X 108282  Y 139719
X 115222  Y 140582
X 123000  Y 141400
X 117400  Y 142200
X 103600  Y 143600
X 122073  Y 145400
X 117600  Y 145400
X 110441  Y 147176
X 110000  Y 151000
X 118919  Y 152736
X 120483  Y 152810
X 102812  Y 153600
X 107612  Y 153600
X 100468  Y 154255
X 118989  Y 154304
X 117415  Y 160355
X 105324  Y 161344
X 102812  Y 163200
X 105324  Y 166144
X 100806  Y 166183
X 101374  Y 169636
X 105324  Y 170944
X 119213  Y 173225
X 102295  Y 175595
X 105324  Y 175744
X 104991  Y 178433
X 123361  Y 181744
X 117490  Y 182013
X 112690  Y 182013
X 100961  Y 182152
X 105761  Y 182152
X 107948  Y 182498
X 99170  Y 184751
X 103970  Y 184751
X 121636  Y 185098
X 117424  Y 186361
X 111553  Y 186630
X 106753  Y 186630
X 101582  Y 189737
X 107860  Y 190227
X 117460  Y 190227
X 112660  Y 190227
X 122260  Y 190227
X 122644  Y 192122
X 105854  Y 193210
X 112689  Y 193257
X 101915  Y 194951
X 112660  Y 195027
X 117460  Y 195027
X 122260  Y 195027
X 107860  Y 195027
X 106422  Y 196663
X 119097  Y 197183
X 111094  Y 198289
X 100423  Y 198558
X 105223  Y 198558
X 120965  Y 199642
X 113421  Y 199879
X 117820  Y 200240
X 121769  Y 201723
X 110560  Y 202622
X 122195  Y 204372
X 117820  Y 205040
X 110608  Y 205601
X 112880  Y 209742
X 117820  Y 209840
X 107009  Y 210011
X 102209  Y 210011
X 121266  Y 215068
X 113027  Y 215898
X 107156  Y 216167
X 102356  Y 216167
X 99141  Y 218135
X 111200  Y 220000
X 114400  Y 220000
X 117600  Y 220000
X 104800  Y 220000
X 108000  Y 220000
X 101600  Y 220000
X 120800  Y 220000
X 99298  Y 221893
X 120800  Y 223200
X 111200  Y 223200
X 117600  Y 223200
X 108000  Y 223200
X 114400  Y 223200
X 120800  Y 226400
X 114400  Y 226400
X 108000  Y 226400
X 117600  Y 226400
X 111200  Y 226400
X 111200  Y 229600
X 108000  Y 229600
X 117600  Y 229600
X 114400  Y 229600
X 120800  Y 229600
X 120800  Y 232800
X 114400  Y 232800
X 111200  Y 232800
X 108000  Y 232800
X 117600  Y 232800
X 108000  Y 236000
X 120800  Y 236000
X 117600  Y 236000
X 114400  Y 236000
X 111200  Y 236000
X 108000  Y 239200
X 117600  Y 239200
X 111200  Y 239200
X 114400  Y 239200
X 120800  Y 239200
X 120342  Y 243951
X 119586  Y 245948
X 108915  Y 246217
X 113715  Y 246217
X 117232  Y 249056
X 109496  Y 250120
X 118155  Y 252881
X 113355  Y 252881
X 108986  Y 252934
X 121881  Y 252934
X 100246  Y 256527
X 105527  Y 256634
X 110327  Y 256634
X 122953  Y 256634
X 114696  Y 256741
X 119496  Y 256741
X 109438  Y 258629
X 122310  Y 260548
X 107378  Y 260763
X 102578  Y 260763
X 111639  Y 260817
X 116439  Y 260817
X 117827  Y 263099
X 107156  Y 263368
X 111956  Y 263368
X 123720  Y 263588
X 100651  Y 264235
X 102662  Y 268427
X 108400  Y 269400
X 100087  Y 270229
X 105172  Y 270293
X 108600  Y 271800
X 108400  Y 274200
X 120875  Y 274927
X 123630  Y 282315
X 104663  Y 283123
X 107671  Y 283222
X 101390  Y 283255
X 123600  Y 283600
X 111200  Y 290400
X 116800  Y 291200
X 99000  Y 291500
X 108800  Y 291896
X 105600  Y 292000
X 103889  Y 295244
X 99600  Y 296000
X 105600  Y 297200
X 103929  Y 297239
X 103600  Y 299600
X 105399  Y 301086
X 103673  Y 301272
X 122000  Y 302000
X 104449  Y 302752
X 102987  Y 302770
X 109350  Y 303725
X 100800  Y 306400
X 113400  Y 306500
X 116600  Y 306500
X 119200  Y 306800
X 110800  Y 306800
X 108700  Y 307700
X 103149  Y 311399
X 100300  Y 311663
X 98800  Y 316800
X 105400  Y 316900
X 105026  Y 319298
X 98928  Y 319319
X 101877  Y 319418
X 109700  Y 321000
X 106500  Y 321000
X 119000  Y 321100
X 100200  Y 321100
X 103300  Y 321100
X 105035  Y 321316
X 107975  Y 322794
X 112800  Y 324200
X 109600  Y 324200
X 106500  Y 324200
X 117158  Y 325460
X 111124  Y 325754
X 108028  Y 325836
X 123725  Y 327376
X 122200  Y 327400
X 106400  Y 327400
X 107869  Y 328500
X 109600  Y 330400
X 115900  Y 330500
X 103300  Y 330500
X 112800  Y 330500
X 119100  Y 330600
X 114327  Y 331595
X 109600  Y 333600
X 122400  Y 333600
X 99962  Y 333676
X 115900  Y 333700
X 106500  Y 333700
X 117952  Y 334798
X 112800  Y 336800
X 116000  Y 336800
X 122200  Y 336800
X 116000  Y 340000
X 103300  Y 340000
X 106400  Y 340000
X 100000  Y 343200
X 112775  Y 343282
X 122200  Y 346200
X 118977  Y 346371
X 115900  Y 349400
X 122300  Y 349500
X 119100  Y 349500
X 112775  Y 352385
X 119100  Y 352500
X 122200  Y 352600
X 100200  Y 355700
X 112700  Y 355700
X 122703  Y 359168
X 121991  Y 361101
X 121262  Y 362542
X 120330  Y 363628
X 117198  Y 364507
X 119200  Y 365200
X 115684  Y 365433
X 118493  Y 367154
X 115367  Y 367154
X 116973  Y 367239
X 121556  Y 367887
X 104960  Y 370003
X 99010  Y 370069
X 116498  Y 370102
X 110085  Y 370168
X 121292  Y 370928
X 112564  Y 372086
X 106779  Y 372317
X 118581  Y 372317
X 101688  Y 372416
X 124895  Y 367887
X 129061  Y 364052
X 125887  Y 363556
X 132565  Y 361044
X 131738  Y 357936
X 124993  Y 354980
X 137887  Y 354796
X 135706  Y 354002
X 140301  Y 351622
X 133600  Y 349600
X 135900  Y 349500
X 139607  Y 348051
X 143772  Y 346597
X 133200  Y 346400
X 133600  Y 343200
X 142251  Y 343059
X 146185  Y 341935
X 133457  Y 340000
X 144665  Y 338630
X 140500  Y 337100
X 126523  Y 334766
X 146847  Y 334662
X 132081  Y 333113
X 132081  Y 331600
X 138800  Y 330000
X 141600  Y 328800
X 146730  Y 326574
X 136410  Y 326000
X 124496  Y 325735
X 133300  Y 325200
X 125387  Y 324157
X 135614  Y 323162
X 137329  Y 323145
X 139572  Y 323094
X 126985  Y 323003
X 132085  Y 323003
X 129029  Y 322983
X 130587  Y 322983
X 133764  Y 322963
X 144489  Y 322943
X 141352  Y 322700
X 139600  Y 321000
X 142877  Y 320629
X 144125  Y 319136
X 125415  Y 318824
X 126626  Y 317725
X 146200  Y 317600
X 138800  Y 317000
X 127972  Y 316918
X 141831  Y 316107
X 126095  Y 316043
X 124400  Y 316000
X 143600  Y 315200
X 128139  Y 313574
X 131830  Y 313127
X 144000  Y 312800
X 139200  Y 312000
X 132867  Y 311735
X 142263  Y 311632
X 128000  Y 310400
X 142518  Y 310284
X 132282  Y 310085
X 144791  Y 308321
X 138378  Y 308232
X 147800  Y 308200
X 142951  Y 308110
X 136101  Y 307422
X 134675  Y 307328
X 129954  Y 307328
X 140103  Y 307328
X 124908  Y 307165
X 132282  Y 304550
X 138400  Y 302800
X 129200  Y 301200
X 142571  Y 301004
X 148424  Y 300850
X 146165  Y 298642
X 142317  Y 288892
X 145326  Y 288859
X 148632  Y 288826
X 133700  Y 288731
X 126925  Y 274991
X 135505  Y 274988
X 137911  Y 274988
X 132720  Y 274893
X 129617  Y 274798
X 146173  Y 271728
X 142754  Y 271696
X 128520  Y 263588
X 142813  Y 263368
X 138013  Y 263368
X 134391  Y 263319
X 148684  Y 263099
X 136190  Y 260710
X 140990  Y 260710
X 131929  Y 260656
X 127129  Y 260656
X 146861  Y 260441
X 136190  Y 256459
X 140990  Y 256459
X 127129  Y 256405
X 131929  Y 256405
X 146861  Y 256190
X 135153  Y 253042
X 140326  Y 253042
X 145126  Y 253042
X 130353  Y 253042
X 126681  Y 252934
X 143035  Y 249449
X 138235  Y 249449
X 127601  Y 249375
X 131970  Y 249322
X 124042  Y 246549
X 129556  Y 245876
X 146400  Y 245600
X 135937  Y 244789
X 140306  Y 244736
X 124711  Y 243898
X 146400  Y 242400
X 136812  Y 239200
X 146400  Y 239200
X 143200  Y 239200
X 140000  Y 239200
X 130400  Y 239200
X 133600  Y 239200
X 127200  Y 239200
X 124000  Y 239200
X 127200  Y 236000
X 124000  Y 236000
X 136812  Y 236000
X 133600  Y 236000
X 140000  Y 236000
X 143200  Y 236000
X 146400  Y 236000
X 130400  Y 236000
X 124000  Y 232800
X 140000  Y 232800
X 146400  Y 232800
X 143200  Y 232800
X 133600  Y 232800
X 136800  Y 232800
X 127200  Y 232800
X 130400  Y 232800
X 130412  Y 229600
X 124000  Y 229600
X 140000  Y 229600
X 143200  Y 229600
X 127200  Y 229600
X 146400  Y 229600
X 133600  Y 229600
X 136812  Y 229600
X 130400  Y 226400
X 124000  Y 226400
X 143200  Y 226400
X 133600  Y 226400
X 140000  Y 226400
X 146400  Y 226400
X 127200  Y 226400
X 136812  Y 226400
X 130400  Y 223200
X 143200  Y 223200
X 124000  Y 223200
X 146400  Y 223200
X 133600  Y 223200
X 127200  Y 223200
X 139987  Y 223200
X 136800  Y 223200
X 124000  Y 220000
X 143200  Y 220000
X 127200  Y 220000
X 136800  Y 220000
X 139987  Y 220000
X 146400  Y 220000
X 130400  Y 220000
X 133600  Y 220000
X 146400  Y 216800
X 130327  Y 215122
X 135127  Y 215122
X 126066  Y 215068
X 140998  Y 214853
X 147613  Y 212209
X 142813  Y 212209
X 133918  Y 208379
X 138718  Y 208379
X 129657  Y 208325
X 124857  Y 208325
X 144589  Y 208110
X 136070  Y 202901
X 140870  Y 202901
X 146741  Y 202632
X 131276  Y 202433
X 126569  Y 201723
X 125765  Y 199642
X 144623  Y 199610
X 135777  Y 196525
X 140577  Y 196525
X 146448  Y 196256
X 125269  Y 196190
X 130069  Y 196190
X 144401  Y 193287
X 128083  Y 192784
X 136144  Y 190441
X 140944  Y 190441
X 127060  Y 190227
X 146815  Y 190172
X 132494  Y 188390
X 145582  Y 184837
X 139197  Y 184823
X 130372  Y 184796
X 125572  Y 184796
X 135172  Y 184796
X 136876  Y 180547
X 141676  Y 180547
X 147547  Y 180278
X 137463  Y 176296
X 142263  Y 176296
X 148134  Y 176027
X 124246  Y 175236
X 128775  Y 173285
X 133118  Y 164828
X 146012  Y 153600
X 141212  Y 153600
X 128560  Y 151910
X 129243  Y 148586
X 132146  Y 148550
X 129400  Y 145800
X 141513  Y 143882
X 140162  Y 143882
X 128976  Y 141661
X 144612  Y 140200
X 130200  Y 137800
X 148712  Y 137100
X 134093  Y 134700
X 132897  Y 131000
X 129089  Y 131000
X 137034  Y 130775
X 136412  Y 129600
X 127980  Y 126958
X 129952  Y 126938
X 131900  Y 126920
X 131932  Y 123991
X 129074  Y 122938
X 131882  Y 121075
X 131903  Y 119140
X 129604  Y 116496
X 136412  Y 115200
X 139007  Y 114144
X 131961  Y 113886
X 129808  Y 113825
X 141513  Y 110868
X 131828  Y 110741
X 129115  Y 110421
X 141513  Y 109244
X 131903  Y 108776
X 129564  Y 106201
X 132800  Y 105200
X 132048  Y 103810
X 140092  Y 102500
X 129564  Y 101900
X 138786  Y 101194
X 130950  Y 100126
X 131932  Y 98151
X 142979  Y 95197
X 131861  Y 94858
X 128259  Y 94805
X 142979  Y 93455
X 132108  Y 92698
X 136000  Y 92400
X 124247  Y 90659
X 129737  Y 90442
X 126560  Y 90395
X 131800  Y 90300
X 137800  Y 88800
X 123803  Y 88406
X 126595  Y 88302
X 129848  Y 87610
X 131934  Y 86662
X 126455  Y 85545
X 129792  Y 84861
X 132038  Y 84149
X 147041  Y 82289
X 126002  Y 82091
X 129037  Y 82056
X 131800  Y 81500
X 128212  Y 77300
X 131800  Y 77100
X 143400  Y 74400
X 131877  Y 74234
X 137400  Y 72000
X 144200  Y 72000
X 125900  Y 71200
X 131952  Y 70690
X 139800  Y 70400
X 137000  Y 70000
X 131961  Y 69137
X 146012  Y 67200
X 136412  Y 67200
X 141212  Y 67200
X 131932  Y 66137
X 132523  Y 64242
X 124480  Y 63986
X 129299  Y 63917
X 126924  Y 63917
X 135000  Y 62977
X 138896  Y 62977
X 137100  Y 62977
X 141212  Y 62400
X 146012  Y 62400
X 138896  Y 60743
X 136600  Y 60600
X 135000  Y 60600
X 137000  Y 58500
X 146012  Y 57600
X 141212  Y 57600
X 134800  Y 56500
X 136900  Y 54500
X 146012  Y 52800
X 134800  Y 52500
X 136812  Y 50600
X 134800  Y 48500
X 141212  Y 48000
X 136472  Y 44586
X 133800  Y 44528
X 132000  Y 44200
X 135139  Y 44037
X 138170  Y 44037
X 139309  Y 43088
X 133800  Y 43000
X 136400  Y 43000
X 130000  Y 42800
X 132000  Y 42400
X 138688  Y 41821
X 142600  Y 38200
X 147364  Y 35300
X 132512  Y 34200
X 132512  Y 33000
X 141700  Y 32500
X 141700  Y 31300
X 147900  Y 30800
X 141400  Y 28800
X 136412  Y 28800
X 146012  Y 28800
X 132512  Y 26300
X 132512  Y 25100
X 146012  Y 24000
X 136412  Y 24000
X 146012  Y 14400
X 141212  Y 14400
X 141212  Y 9600
X 150812  Y 24000
X 150812  Y 28800
X 154400  Y 29873
X 151930  Y 31008
X 154643  Y 35196
X 150554  Y 35300
X 155612  Y 38400
X 154854  Y 44037
X 155200  Y 48600
X 156400  Y 48600
X 155800  Y 56400
X 150812  Y 57600
X 154800  Y 58400
X 153789  Y 60754
X 155182  Y 60806
X 158176  Y 60892
X 150812  Y 62400
X 158176  Y 63274
X 156767  Y 63274
X 155273  Y 63274
X 153789  Y 63274
X 150812  Y 67200
X 155612  Y 67200
X 157668  Y 81367
X 157668  Y 91202
X 155612  Y 100800
X 157668  Y 103216
X 151112  Y 107200
X 157668  Y 111989
X 150812  Y 129600
X 150812  Y 134400
X 155612  Y 134400
X 160412  Y 134400
X 150812  Y 139200
X 160412  Y 139200
X 155612  Y 139200
X 160412  Y 144000
X 160412  Y 153600
X 155612  Y 153600
X 150812  Y 153600
X 165212  Y 153600
X 150812  Y 158400
X 155612  Y 158400
X 149725  Y 166996
X 155612  Y 168000
X 160412  Y 168000
X 151352  Y 173218
X 156702  Y 173584
X 151352  Y 178018
X 156702  Y 178384
X 151352  Y 182818
X 156702  Y 183184
X 151352  Y 187618
X 156702  Y 187984
X 150656  Y 203121
X 150656  Y 207921
X 153484  Y 211940
X 150656  Y 212721
X 159400  Y 216800
X 149600  Y 216800
X 156000  Y 216800
X 152800  Y 216800
X 159400  Y 220000
X 149600  Y 220000
X 152800  Y 220000
X 156000  Y 220000
X 159400  Y 223200
X 152800  Y 223200
X 149600  Y 223200
X 156000  Y 223200
X 159400  Y 226400
X 152800  Y 226400
X 149600  Y 226400
X 156000  Y 226400
X 149600  Y 229600
X 152800  Y 229600
X 159400  Y 229600
X 156000  Y 229600
X 152800  Y 232800
X 159400  Y 232800
X 156000  Y 232800
X 149600  Y 232800
X 152800  Y 236000
X 156000  Y 236000
X 149600  Y 236000
X 159400  Y 236000
X 159400  Y 239200
X 156000  Y 239200
X 152800  Y 239200
X 149600  Y 239200
X 152800  Y 242400
X 159400  Y 242400
X 156000  Y 242400
X 149600  Y 242400
X 156000  Y 245600
X 159400  Y 245600
X 152800  Y 245600
X 149600  Y 245600
X 152800  Y 248800
X 156000  Y 248800
X 159400  Y 248800
X 151389  Y 253078
X 161571  Y 271636
X 150888  Y 271713
X 155069  Y 271752
X 159675  Y 271791
X 157600  Y 271900
X 152400  Y 272400
X 163000  Y 272400
X 163767  Y 283499
X 158000  Y 283900
X 152100  Y 284000
X 156191  Y 284099
X 163000  Y 284100
X 160526  Y 284138
X 154217  Y 284138
X 150384  Y 287074
X 155574  Y 287206
X 158252  Y 288793
X 153525  Y 288826
X 156467  Y 292065
X 150932  Y 292400
X 158285  Y 294644
X 154072  Y 297255
X 156368  Y 297388
X 158252  Y 300363
X 156368  Y 303041
X 158417  Y 305289
X 156335  Y 307669
X 158417  Y 310446
X 152000  Y 312530
X 156434  Y 313223
X 153405  Y 314200
X 158087  Y 315736
X 150200  Y 316400
X 154880  Y 317240
X 150427  Y 318821
X 156897  Y 319653
X 150594  Y 320665
X 152996  Y 321075
X 155343  Y 323588
X 151508  Y 324612
X 153525  Y 327323
X 149491  Y 328431
X 152566  Y 330646
X 149524  Y 331968
X 148929  Y 337935

End of Listing
