Drill Listing
=============
Drill: .004  Tool: 1  Feed: 0  Speed: 0
X -39012  Y 31400
X -32937  Y 31469
X -43974  Y 33223
X -45800  Y 35000
X -44600  Y 36800
X -40400  Y 40200
X -44000  Y 41000
X -40400  Y 41800
X -43783  Y 43940
X -39400  Y 44800
X -43600  Y 47000
X -39400  Y 47600
X -47738  Y 50702
X -38400  Y 52100
X -38400  Y 54500
X -38400  Y 56900
X -38400  Y 59300
X -48600  Y 60000
X -48600  Y 61200
X -38600  Y 61700
X -48600  Y 62400
X -48600  Y 63600
X -35200  Y 64600
X -48600  Y 64800
X -48600  Y 66000
X -35200  Y 66600
X -48600  Y 67200
X -35200  Y 68400
X -48600  Y 68400
X -48600  Y 69600
X -48600  Y 70800
X -33800  Y 71800
X -48600  Y 72000
X -48600  Y 73200
X -48600  Y 74400
X -48600  Y 75600
X -48600  Y 76800
X -48600  Y 78000
X -48600  Y 79200
X -48600  Y 80400
X -32800  Y 81200
X -43400  Y 81200
X -48600  Y 81600
X -48600  Y 82800
X -32800  Y 83400
X -44000  Y 83400
X -46400  Y 86400
X -46400  Y 87600
X -46400  Y 88800
X -46400  Y 90000
X -46400  Y 91200
X -46400  Y 92400
X -48800  Y 92400
X -48800  Y 93600
X -46400  Y 93600
X -48800  Y 94800
X -46400  Y 94800
X -48800  Y 96000
X -46400  Y 96000
X -48800  Y 97200
X -46400  Y 97200
X -48800  Y 98400
X -46400  Y 98400
X -46400  Y 99600
X -48800  Y 99600
X -46400  Y 100800
X -48800  Y 100800
X -46400  Y 102000
X -48800  Y 102000
X -46400  Y 103200
X -48800  Y 103200
X -46400  Y 104400
X -48800  Y 104400
X -46400  Y 105600
X -48800  Y 105600
X -46400  Y 106800
X -48800  Y 106800
X -34400  Y 107400
X -46400  Y 108000
X -48800  Y 108000
X -46400  Y 109200
X -48800  Y 109200
X -48800  Y 110400
X -46400  Y 110400
X -46400  Y 111600
X -48800  Y 111600
X -34400  Y 112400
X -48800  Y 112800
X -46400  Y 112800
X -48800  Y 114000
X -46400  Y 114000
X -46400  Y 115200
X -48800  Y 115200
X -46400  Y 116400
X -48800  Y 116400
X -48800  Y 117600
X -46400  Y 117600
X -48800  Y 118800
X -46400  Y 118800
X -46400  Y 120000
X -48800  Y 120000
X -48800  Y 121200
X -46400  Y 121200
X -46400  Y 122400
X -48800  Y 122400
X -34400  Y 123600
X -46400  Y 123600
X -48800  Y 123600
X -48800  Y 124800
X -46400  Y 124800
X -46400  Y 126000
X -48800  Y 126000
X -46400  Y 127200
X -48800  Y 127200
X -46400  Y 128400
X -48800  Y 128400
X -46400  Y 129600
X -46400  Y 130800
X -49400  Y 133600
X -52600  Y 133800
X -55000  Y 134200
X -52600  Y 135000
X -43800  Y 135400
X -55000  Y 136200
X -55800  Y 137600
X -57600  Y 139600
X -50200  Y 142000
X -57600  Y 143000
X -57600  Y 146600
X -57600  Y 149800
X -48200  Y 152200
X -57600  Y 153200
X -57600  Y 156800
X -51600  Y 159200
X -50000  Y 162000
X -50000  Y 165600
X -48800  Y 168800
X -48800  Y 172200
X -48800  Y 175800
X -49000  Y 179200
X -49000  Y 182600
X -49000  Y 186200
X -49000  Y 189600
X -49000  Y 193000
X -49000  Y 196600
X -48800  Y 200600
X -48800  Y 204000
X -48800  Y 207600
X -48800  Y 210600
X -48800  Y 214000
X -48800  Y 217600
X -50800  Y 218000
X -50800  Y 221400
X -50800  Y 225000
X -48600  Y 226600
X -50800  Y 228200
X -50800  Y 231600
X -50800  Y 235200
X -50800  Y 238400
X -37000  Y 238800
X -50800  Y 241800
X -36600  Y 243000
X -50800  Y 245400
X -35000  Y 246600
X -37400  Y 247800
X -50800  Y 248600
X -35000  Y 249200
X -50800  Y 252000
X -35000  Y 253000
X -50800  Y 255600
X -35000  Y 256200
X -48800  Y 259200
X -35000  Y 261600
X -48800  Y 262600
X -35000  Y 265000
X -48800  Y 266200
X -35000  Y 268600
X -48800  Y 269800
X -35800  Y 270200
X -48800  Y 273200
X -35400  Y 274200
X -48800  Y 276800
X -35800  Y 279000
X -33400  Y 279800
X -48800  Y 280000
X -35800  Y 281400
X -48800  Y 283400
X -35600  Y 285400
X -48800  Y 287000
X -35800  Y 287600
X -35800  Y 289400
X -35800  Y 291000
X -49400  Y 293400
X -34200  Y 294800
X -37200  Y 295800
X -33600  Y 296400
X -49400  Y 296800
X -37400  Y 297400
X -35400  Y 297400
X -49400  Y 300200
X -41800  Y 302800
X -49400  Y 303400
X -49000  Y 307200
X -44600  Y 308000
X -46800  Y 310200
X -35800  Y 311800
X -46800  Y 313600
X -35800  Y 315200
X -43717  Y 315991
X -46200  Y 318000
X -45600  Y 319800
X -38772  Y 321385
X -34200  Y 322200
X -44400  Y 323400
X -38200  Y 325200
X -34800  Y 327200
X -42000  Y 330000
X -38741  Y 332707
X -36600  Y 338800
X -32800  Y 343800
X -8400  Y 371200
X -8400  Y 368000
X -12400  Y 365400
X -8400  Y 364200
X -8600  Y 362400
X -12400  Y 362200
X -15600  Y 362200
X -20800  Y 362000
X -12531  Y 359360
X -10297  Y 359360
X -19600  Y 356600
X -11458  Y 352906
X -12699  Y 351364
X -11981  Y 349883
X -28400  Y 349600
X -7958  Y 348473
X -14747  Y 347236
X -14407  Y 342680
X -16190  Y 342622
X -8049  Y 342559
X -22310  Y 342200
X -7685  Y 340284
X -12079  Y 339762
X -23800  Y 339600
X -19076  Y 339106
X -13086  Y 339020
X -15800  Y 338000
X -26600  Y 336200
X -14708  Y 335465
X -20605  Y 334953
X -9900  Y 334361
X -26600  Y 334200
X -23800  Y 332800
X -12319  Y 332724
X -19871  Y 331475
X -17800  Y 330000
X -11936  Y 328334
X -14006  Y 327649
X -14882  Y 326248
X -20600  Y 325800
X -18206  Y 322687
X -13600  Y 322200
X -10200  Y 322200
X -10200  Y 319000
X -19400  Y 315200
X -10991  Y 315195
X -24600  Y 315000
X -16200  Y 315000
X -29800  Y 311800
X -24600  Y 311800
X -20200  Y 311800
X -16200  Y 311600
X -11200  Y 311200
X -29800  Y 308400
X -24800  Y 308400
X -20200  Y 308000
X -16400  Y 308000
X -11200  Y 307000
X -9600  Y 307000
X -25000  Y 304600
X -27800  Y 292600
X -29517  Y 292349
X -26900  Y 291100
X -11400  Y 289200
X -13000  Y 289200
X -9600  Y 289200
X -26600  Y 287600
X -23200  Y 286600
X -7629  Y 284241
X -20600  Y 281800
X -15594  Y 281688
X -29400  Y 281400
X -11401  Y 281333
X -27600  Y 280200
X -10190  Y 280165
X -17538  Y 280085
X -23756  Y 276543
X -18000  Y 274400
X -20600  Y 274200
X -10200  Y 271800
X -25400  Y 271500
X -25600  Y 266000
X -23200  Y 263800
X -26400  Y 261800
X -26200  Y 259400
X -23800  Y 255600
X -24800  Y 253000
X -19600  Y 252200
X -14600  Y 248600
X -24800  Y 247200
X -19000  Y 246200
X -14600  Y 245400
X -20400  Y 244800
X -10000  Y 241600
X -15400  Y 241200
X -22000  Y 240200
X -18200  Y 240000
X -14600  Y 238600
X -10800  Y 238400
X -22000  Y 236800
X -18200  Y 236600
X -14600  Y 235400
X -10800  Y 235400
X -18200  Y 235000
X -24737  Y 234235
X -16200  Y 232400
X -10800  Y 232200
X -24727  Y 229583
X -10800  Y 229000
X -16200  Y 228800
X -19800  Y 226400
X -16200  Y 225400
X -24690  Y 224595
X -19800  Y 222800
X -24879  Y 220226
X -19800  Y 219400
X -19200  Y 215085
X -20153  Y 214132
X -22968  Y 213806
X -25067  Y 213350
X -22968  Y 212490
X -18400  Y 207000
X -29600  Y 206000
X -27152  Y 201245
X -15200  Y 200400
X -15200  Y 196800
X -27200  Y 196800
X -15200  Y 193400
X -27200  Y 193200
X -8015  Y 191835
X -17000  Y 190600
X -27200  Y 189800
X -17000  Y 187000
X -13124  Y 186933
X -8499  Y 186657
X -17000  Y 183600
X -8084  Y 182653
X -13814  Y 181825
X -7808  Y 177752
X -24452  Y 177537
X -13193  Y 177338
X -28000  Y 174200
X -8361  Y 172919
X -25800  Y 172600
X -27300  Y 166800
X -27034  Y 165050
X -21600  Y 163400
X -28400  Y 163000
X -27581  Y 161404
X -27380  Y 159044
X -15000  Y 158600
X -20821  Y 156904
X -27581  Y 156604
X -32600  Y 154700
X -26600  Y 154400
X -13400  Y 154200
X -27581  Y 151804
X -20890  Y 151726
X -15000  Y 151600
X -29800  Y 151200
X -21235  Y 147308
X -12387  Y 144000
X -20959  Y 142406
X -14787  Y 142200
X -26689  Y 141440
X -12387  Y 139200
X -14787  Y 137400
X -28800  Y 137000
X -26400  Y 136800
X -18200  Y 134400
X -21374  Y 133984
X -28400  Y 132600
X -21987  Y 129600
X -27034  Y 129221
X -28400  Y 127800
X -18187  Y 124800
X -26931  Y 124319
X -28600  Y 123400
X -28600  Y 118600
X -26793  Y 118037
X -28600  Y 115600
X -27276  Y 113343
X -28600  Y 110800
X -27069  Y 107751
X -28800  Y 106400
X -27800  Y 104800
X -28000  Y 102800
X -26800  Y 102800
X -28000  Y 101200
X -26800  Y 101200
X -12387  Y 100800
X -24800  Y 97400
X -22300  Y 95900
X -25600  Y 91400
X -22300  Y 91100
X -22300  Y 86300
X -25600  Y 86000
X -15687  Y 85300
X -14000  Y 81600
X -17200  Y 81600
X -22300  Y 81500
X -25600  Y 81000
X -12400  Y 80000
X -15600  Y 80000
X -9200  Y 78400
X -12400  Y 78400
X -15600  Y 78400
X -25600  Y 77800
X -22300  Y 76800
X -17187  Y 76800
X -15600  Y 75200
X -9200  Y 75200
X -12400  Y 75200
X -25600  Y 74000
X -12400  Y 73600
X -15600  Y 73600
X -9200  Y 73600
X -31142  Y 72337
X -15600  Y 72000
X -22300  Y 71800
X -15600  Y 70400
X -9200  Y 70400
X -12400  Y 70400
X -25600  Y 69600
X -15600  Y 68800
X -12400  Y 68800
X -9200  Y 68800
X -31211  Y 68195
X -15600  Y 67200
X -22300  Y 67100
X -12400  Y 65600
X -15600  Y 65600
X -9200  Y 65600
X -25600  Y 65400
X -15600  Y 64000
X -9200  Y 64000
X -31142  Y 63431
X -22300  Y 62400
X -12387  Y 62400
X -15600  Y 62400
X -25600  Y 62000
X -15600  Y 60800
X -9200  Y 60800
X -15600  Y 59200
X -12400  Y 59200
X -9200  Y 59200
X -21800  Y 58400
X -30590  Y 58116
X -25600  Y 57600
X -9200  Y 56000
X -12400  Y 56000
X -15600  Y 56000
X -12400  Y 54400
X -9200  Y 54400
X -30175  Y 53283
X -25600  Y 53000
X -22300  Y 53000
X -12400  Y 51200
X -9200  Y 51200
X -12400  Y 49600
X -9200  Y 49600
X -17187  Y 48000
X -29200  Y 47800
X -23400  Y 46800
X -12400  Y 46400
X -9200  Y 46400
X -31400  Y 45800
X -26200  Y 45200
X -29600  Y 45000
X -24000  Y 44800
X -9200  Y 44800
X -12400  Y 44800
X -25343  Y 42790
X -30400  Y 42600
X -20800  Y 41800
X -12400  Y 41600
X -9200  Y 41600
X -12400  Y 40000
X -9200  Y 40000
X -21408  Y 39684
X -24200  Y 38600
X -9200  Y 38400
X -17956  Y 36232
X -24307  Y 36163
X -30200  Y 35600
X -15200  Y 34400
X -17187  Y 33600
X -21987  Y 33600
X -26787  Y 33600
X -12387  Y 33600
X -20580  Y 31538
X -15885  Y 31538
X -29140  Y 31469
X -24000  Y 30800
X -21987  Y 28800
X -17187  Y 28800
X -14919  Y 26981
X -19130  Y 26567
X -14400  Y 24200
X -23200  Y 23800
X -19400  Y 22600
X -17200  Y 22200
X -15600  Y 22200
X -8800  Y 20200
X -18600  Y 19800
X -11851  Y 16959
X -14400  Y 16800
X -19751  Y 16557
X -19475  Y 11794
X -24446  Y 11449
X -15264  Y 11311
X 4548  Y 16764
X 9035  Y 16833
X 199  Y 16833
X 12970  Y 16833
X -5599  Y 16971
X 17112  Y 17300
X -2787  Y 19200
X 2012  Y 19200
X 6812  Y 19200
X 11612  Y 19200
X -6000  Y 20000
X 17112  Y 20600
X -491  Y 21528
X 4203  Y 21528
X 10071  Y 21528
X -2767  Y 23428
X 2032  Y 23428
X 6832  Y 23428
X 11632  Y 23428
X 6000  Y 27000
X 12400  Y 27000
X 1600  Y 27000
X 2012  Y 33600
X 6812  Y 33600
X -1600  Y 34400
X 5200  Y 35200
X 400  Y 36800
X 5200  Y 36800
X -6000  Y 36800
X -4400  Y 38400
X 400  Y 38400
X 5200  Y 38400
X 400  Y 40000
X 5200  Y 40000
X 6800  Y 40000
X -6000  Y 41600
X 6812  Y 41600
X 3600  Y 41600
X 400  Y 41600
X -2812  Y 41600
X -6000  Y 44800
X 6800  Y 44800
X 400  Y 44800
X 3587  Y 44800
X 10000  Y 44800
X -2812  Y 44800
X -6000  Y 46400
X 6800  Y 46400
X 400  Y 46400
X 3587  Y 46400
X 10000  Y 46400
X -2812  Y 46400
X -6000  Y 49600
X 13212  Y 49600
X 10000  Y 49600
X 412  Y 49600
X 3612  Y 49600
X 6800  Y 49600
X -2812  Y 49600
X -6000  Y 51200
X 13212  Y 51200
X 412  Y 51200
X 3612  Y 51200
X 6800  Y 51200
X 10000  Y 51200
X -2812  Y 51200
X 17000  Y 51600
X -6000  Y 54400
X 13212  Y 54400
X 400  Y 54400
X 3600  Y 54400
X 6800  Y 54400
X 10000  Y 54400
X -2800  Y 54400
X -6000  Y 56000
X 13212  Y 56000
X 400  Y 56000
X 3600  Y 56000
X 6800  Y 56000
X 10000  Y 56000
X -2800  Y 56000
X 6812  Y 59200
X 3600  Y 59200
X -6000  Y 59200
X -2800  Y 59200
X 10012  Y 59200
X 400  Y 59200
X -2800  Y 60800
X 3600  Y 60800
X -6000  Y 60800
X 6812  Y 60800
X 400  Y 60800
X -6000  Y 64000
X -2800  Y 64000
X 3587  Y 64000
X 400  Y 64000
X -6000  Y 65600
X 3587  Y 65600
X -2800  Y 65600
X 400  Y 65600
X -2800  Y 68800
X -6000  Y 68800
X -2800  Y 70400
X -6000  Y 70400
X -6000  Y 73600
X 16400  Y 74600
X -6000  Y 75200
X -1800  Y 89800
X -1287  Y 92600
X 2012  Y 96900
X -1687  Y 98000
X -7587  Y 100000
X 2012  Y 110400
X -2787  Y 110400
X 5512  Y 110400
X 5512  Y 115200
X 2012  Y 115200
X -392  Y 117744
X -2787  Y 120000
X -7587  Y 120000
X 13000  Y 122000
X -2400  Y 131000
X 13200  Y 132000
X -1087  Y 132500
X -2800  Y 138200
X 13200  Y 139000
X -2800  Y 141600
X -2800  Y 145200
X 4800  Y 147200
X 3000  Y 147200
X 6200  Y 148400
X -987  Y 150000
X 11612  Y 153600
X 6812  Y 153600
X 10000  Y 166000
X 3582  Y 173472
X 9887  Y 173726
X 14687  Y 173726
X -2079  Y 177476
X 9450  Y 179478
X 15041  Y 180306
X 3513  Y 181687
X -2700  Y 182101
X 9657  Y 184448
X 14972  Y 186450
X -2217  Y 186795
X 3444  Y 186864
X 9450  Y 190523
X 3996  Y 192042
X 15180  Y 193561
X 9657  Y 197081
X 14627  Y 200257
X -2700  Y 200499
X 11828  Y 200927
X 1754  Y 200984
X 9450  Y 203156
X 15041  Y 204468
X 11400  Y 204800
X 3651  Y 205780
X 9588  Y 208196
X 11000  Y 213600
X 16800  Y 216800
X 15200  Y 218400
X -3800  Y 218800
X -600  Y 218800
X 3200  Y 219000
X 6400  Y 219000
X 16800  Y 220000
X 15200  Y 221600
X 12000  Y 221600
X -600  Y 222000
X -3800  Y 222000
X 3200  Y 222200
X 6400  Y 222200
X 16800  Y 223200
X 15200  Y 224800
X -600  Y 225200
X -3800  Y 225200
X 3200  Y 225400
X 6400  Y 225400
X 10600  Y 226000
X 13800  Y 226000
X -600  Y 229000
X -3800  Y 229000
X -7600  Y 229000
X 10600  Y 229200
X 3200  Y 229200
X 13800  Y 229200
X 6400  Y 229200
X -600  Y 232200
X -7600  Y 232200
X -3800  Y 232200
X 10600  Y 232400
X 6400  Y 232400
X 3200  Y 232400
X 13800  Y 232400
X -7600  Y 235400
X 12200  Y 236000
X 6000  Y 237200
X -600  Y 237200
X 13800  Y 237200
X 10200  Y 237200
X 2800  Y 237200
X 4800  Y 241400
X -3800  Y 242600
X -7400  Y 243000
X 400  Y 247200
X 5600  Y 248800
X -1800  Y 249000
X -3400  Y 249200
X 0  Y 249600
X 12800  Y 256000
X 10400  Y 257800
X -1800  Y 259100
X 14000  Y 260200
X -400  Y 261200
X -4600  Y 263000
X 4000  Y 263000
X -2600  Y 266000
X 13400  Y 266200
X -7600  Y 269400
X 13400  Y 269600
X -1200  Y 269800
X 8800  Y 269800
X 4000  Y 270000
X -6000  Y 271800
X 15800  Y 273600
X 9200  Y 277400
X -5200  Y 277800
X -1800  Y 278000
X 2200  Y 279200
X -1600  Y 280400
X -4800  Y 281400
X 5131  Y 285215
X 6400  Y 286572
X -4400  Y 287600
X 3559  Y 287761
X 800  Y 290800
X 7222  Y 290919
X 5595  Y 290977
X 7200  Y 304600
X 5995  Y 305785
X 8400  Y 310000
X -3200  Y 311200
X 1200  Y 311200
X -7200  Y 311200
X 6615  Y 315716
X -1376  Y 317553
X 17000  Y 317600
X -6400  Y 319000
X 3048  Y 320625
X 16600  Y 321400
X -6400  Y 322200
X 4600  Y 324400
X -1600  Y 325400
X 14000  Y 327000
X 200  Y 328600
X -6800  Y 328600
X -3000  Y 328600
X 4000  Y 328600
X 7800  Y 328600
X 12568  Y 330713
X 10778  Y 331845
X 9380  Y 332839
X 15800  Y 333400
X -463  Y 335089
X -2199  Y 335089
X -3766  Y 335089
X 854  Y 336406
X -5865  Y 337726
X 1400  Y 338200
X 15800  Y 338800
X 3600  Y 339600
X -5839  Y 339846
X -1795  Y 349507
X -6900  Y 351700
X 14800  Y 354800
X 1489  Y 357387
X -4400  Y 358800
X -7100  Y 359000
X 9400  Y 359000
X 12600  Y 359000
X 16400  Y 359200
X 5400  Y 362800
X -1600  Y 362800
X 9400  Y 363000
X 2200  Y 363000
X 12600  Y 363000
X 16400  Y 363200
X -5200  Y 364200
X 12600  Y 366800
X 9400  Y 366800
X 16400  Y 367000
X -5200  Y 368000
X 12600  Y 370000
X -1600  Y 370000
X 9400  Y 370000
X 1600  Y 370000
X 16400  Y 370200
X 5400  Y 370200
X -5200  Y 371200
X 35400  Y 365400
X 27000  Y 365000
X 21800  Y 363200
X 35400  Y 362200
X 40800  Y 360800
X 35400  Y 358400
X 35400  Y 355200
X 29200  Y 354600
X 31200  Y 354600
X 33600  Y 351600
X 38600  Y 351600
X 33600  Y 348400
X 38600  Y 347800
X 33600  Y 344600
X 38600  Y 344600
X 27200  Y 339400
X 20400  Y 321400
X 23600  Y 321400
X 27400  Y 321400
X 31200  Y 321400
X 35600  Y 321400
X 39400  Y 321400
X 35200  Y 318200
X 39000  Y 318200
X 42200  Y 318200
X 20800  Y 317600
X 24000  Y 317600
X 27800  Y 317600
X 31600  Y 317600
X 18600  Y 313800
X 32107  Y 313402
X 26900  Y 313400
X 25000  Y 313300
X 29375  Y 305112
X 34515  Y 298884
X 36432  Y 298862
X 38659  Y 298814
X 40000  Y 296400
X 36200  Y 290800
X 41600  Y 290800
X 26000  Y 286800
X 25121  Y 285078
X 21600  Y 274600
X 20200  Y 274600
X 35400  Y 270000
X 18400  Y 269600
X 35000  Y 268400
X 18400  Y 266400
X 39000  Y 266200
X 35200  Y 264800
X 26400  Y 264400
X 26400  Y 261200
X 41800  Y 260200
X 41800  Y 258600
X 39600  Y 258600
X 41800  Y 257000
X 39600  Y 257000
X 18600  Y 256200
X 24800  Y 242800
X 40800  Y 242800
X 31200  Y 242800
X 34400  Y 242800
X 26400  Y 237200
X 18600  Y 237200
X 23200  Y 237200
X 39200  Y 237200
X 36000  Y 237200
X 29600  Y 237200
X 19400  Y 234600
X 21600  Y 234400
X 40800  Y 234400
X 37600  Y 234400
X 34400  Y 234400
X 31200  Y 234400
X 26800  Y 234400
X 39200  Y 232800
X 36000  Y 232800
X 32800  Y 232800
X 29600  Y 232800
X 26400  Y 232800
X 23200  Y 232800
X 40800  Y 231200
X 37600  Y 231200
X 34400  Y 231200
X 31200  Y 231200
X 21600  Y 231200
X 24800  Y 231200
X 28000  Y 231200
X 36000  Y 229600
X 39200  Y 229600
X 29600  Y 229600
X 26400  Y 229600
X 20000  Y 229600
X 23200  Y 229600
X 34400  Y 228000
X 31200  Y 228000
X 40800  Y 228000
X 37600  Y 228000
X 21600  Y 228000
X 24800  Y 228000
X 18400  Y 228000
X 28000  Y 228000
X 32800  Y 226400
X 29600  Y 226400
X 20000  Y 226400
X 26400  Y 226400
X 36000  Y 226400
X 23200  Y 226400
X 39200  Y 226400
X 40800  Y 224800
X 31200  Y 224800
X 37600  Y 224800
X 34400  Y 224800
X 21600  Y 224800
X 24800  Y 224800
X 18400  Y 224800
X 28000  Y 224800
X 29600  Y 223200
X 23200  Y 223200
X 26400  Y 223200
X 39200  Y 223200
X 32800  Y 223200
X 20000  Y 223200
X 36000  Y 223200
X 24800  Y 221600
X 21600  Y 221600
X 18400  Y 221600
X 34400  Y 221600
X 31200  Y 221600
X 40800  Y 221600
X 28000  Y 221600
X 37600  Y 221600
X 20000  Y 220000
X 32800  Y 220000
X 29600  Y 220000
X 36000  Y 220000
X 39200  Y 220000
X 26400  Y 220000
X 23200  Y 220000
X 40800  Y 218400
X 31200  Y 218400
X 37600  Y 218400
X 34400  Y 218400
X 21600  Y 218400
X 18400  Y 218400
X 28000  Y 218400
X 24800  Y 218400
X 26570  Y 214754
X 31195  Y 210336
X 26570  Y 209093
X 37132  Y 206953
X 21428  Y 205727
X 18976  Y 205365
X 39200  Y 202400
X 31610  Y 201085
X 26639  Y 199152
X 35900  Y 197700
X 37200  Y 187200
X 34800  Y 187200
X 21200  Y 185800
X 27600  Y 185800
X 32576  Y 184724
X 37339  Y 184034
X 21255  Y 180582
X 37201  Y 180375
X 26708  Y 180237
X 38400  Y 177600
X 34647  Y 177476
X 20978  Y 176095
X 27537  Y 174783
X 19487  Y 173726
X 38400  Y 172800
X 41965  Y 171884
X 38400  Y 170400
X 36000  Y 170400
X 38400  Y 168000
X 26700  Y 165100
X 28400  Y 164900
X 35612  Y 158400
X 18600  Y 158400
X 22000  Y 157800
X 35612  Y 153600
X 30812  Y 150500
X 30812  Y 146500
X 38513  Y 145513
X 35612  Y 144000
X 37961  Y 140681
X 35612  Y 139200
X 40412  Y 139200
X 26012  Y 134400
X 35612  Y 134400
X 35612  Y 129600
X 42172  Y 123215
X 35612  Y 120000
X 40412  Y 120000
X 37892  Y 118383
X 33543  Y 116864
X 35612  Y 115200
X 30812  Y 115200
X 39000  Y 115000
X 37823  Y 112929
X 33335  Y 112791
X 35612  Y 110400
X 30812  Y 110400
X 35612  Y 105600
X 35612  Y 100800
X 40412  Y 100800
X 30812  Y 100800
X 30812  Y 96000
X 35612  Y 91200
X 40412  Y 91200
X 30812  Y 91200
X 40412  Y 86400
X 18812  Y 85400
X 20412  Y 83400
X 35612  Y 81600
X 30812  Y 81600
X 20212  Y 79600
X 22712  Y 79300
X 21233  Y 77870
X 40412  Y 76800
X 20212  Y 76100
X 21212  Y 72000
X 27600  Y 69800
X 27600  Y 68600
X 30600  Y 49200
X 28579  Y 44966
X 32583  Y 44690
X 38037  Y 44621
X 30812  Y 43200
X 35612  Y 43200
X 33335  Y 41617
X 41689  Y 41064
X 21047  Y 34644
X 25811  Y 34575
X 32369  Y 34299
X 38400  Y 27000
X 35821  Y 21459
X 31264  Y 21459
X 24982  Y 21459
X 39812  Y 20600
X 24112  Y 19000
X 41343  Y 16005
X 66748  Y 16695
X 62261  Y 16764
X 64412  Y 19200
X 55112  Y 21500
X 55200  Y 26400
X 66200  Y 27000
X 60200  Y 27000
X 63200  Y 29800
X 66748  Y 36508
X 57600  Y 38400
X 64412  Y 38400
X 48109  Y 40926
X 53010  Y 40926
X 66748  Y 41410
X 48530  Y 44621
X 55700  Y 44900
X 42938  Y 44966
X 51913  Y 48913
X 65781  Y 48920
X 44795  Y 48982
X 65000  Y 56800
X 59200  Y 56800
X 58600  Y 59200
X 66000  Y 59200
X 48040  Y 63293
X 59499  Y 64053
X 60880  Y 69437
X 54253  Y 71785
X 64412  Y 72000
X 59612  Y 72000
X 61778  Y 73303
X 59612  Y 76800
X 45212  Y 76800
X 64412  Y 76800
X 67162  Y 78964
X 60673  Y 79102
X 64412  Y 81600
X 50012  Y 86400
X 58900  Y 88200
X 64412  Y 91200
X 45212  Y 91200
X 58800  Y 92400
X 64412  Y 96000
X 64412  Y 100800
X 50012  Y 100800
X 47200  Y 101400
X 57212  Y 103400
X 50012  Y 105600
X 59812  Y 105900
X 56000  Y 107600
X 60800  Y 109200
X 50012  Y 110400
X 66630  Y 111570
X 48800  Y 112200
X 56000  Y 112200
X 42655  Y 112653
X 65875  Y 112970
X 65550  Y 114530
X 56700  Y 115000
X 50012  Y 115200
X 44200  Y 115800
X 65200  Y 116000
X 47900  Y 116700
X 52734  Y 117071
X 65440  Y 117470
X 42862  Y 117899
X 66070  Y 118750
X 59400  Y 118800
X 50012  Y 120000
X 66720  Y 120020
X 57200  Y 120200
X 56000  Y 122500
X 48316  Y 124043
X 54812  Y 124800
X 55800  Y 133800
X 54600  Y 133800
X 53400  Y 133800
X 50012  Y 139200
X 54812  Y 139200
X 45212  Y 139200
X 48523  Y 141785
X 54736  Y 143442
X 65800  Y 144200
X 62000  Y 144200
X 60200  Y 144200
X 64000  Y 144200
X 47418  Y 146341
X 57540  Y 148120
X 50012  Y 148800
X 54812  Y 148800
X 60360  Y 151820
X 62770  Y 153290
X 54812  Y 153600
X 50012  Y 153600
X 57130  Y 154815
X 60595  Y 155875
X 45212  Y 158400
X 50012  Y 158400
X 54812  Y 158400
X 60655  Y 159690
X 51905  Y 160515
X 55426  Y 161046
X 58715  Y 162275
X 52800  Y 163200
X 48000  Y 163200
X 61360  Y 163685
X 60595  Y 166035
X 55219  Y 167466
X 48000  Y 168000
X 43200  Y 168000
X 61300  Y 168680
X 46728  Y 170227
X 62125  Y 173205
X 55979  Y 173886
X 48000  Y 177600
X 52800  Y 177600
X 64885  Y 178020
X 60880  Y 178580
X 55564  Y 179685
X 67200  Y 182400
X 57600  Y 182400
X 61294  Y 183965
X 49282  Y 184862
X 55357  Y 185415
X 42793  Y 186795
X 57600  Y 187200
X 52800  Y 187200
X 61018  Y 189073
X 62400  Y 192000
X 48937  Y 193077
X 43000  Y 193215
X 62400  Y 196800
X 62000  Y 214800
X 56800  Y 218400
X 53600  Y 218400
X 60000  Y 218400
X 63200  Y 218400
X 66400  Y 218400
X 50400  Y 218400
X 47200  Y 218400
X 44000  Y 218400
X 52000  Y 220000
X 61600  Y 220000
X 55200  Y 220000
X 58400  Y 220000
X 45600  Y 220000
X 64800  Y 220000
X 48800  Y 220000
X 42400  Y 220000
X 66400  Y 221600
X 60000  Y 221600
X 63200  Y 221600
X 56800  Y 221600
X 53600  Y 221600
X 47200  Y 221600
X 50400  Y 221600
X 44000  Y 221600
X 64800  Y 223200
X 58400  Y 223200
X 61600  Y 223200
X 48800  Y 223200
X 45600  Y 223200
X 66400  Y 224800
X 60000  Y 224800
X 63200  Y 224800
X 56800  Y 224800
X 44000  Y 224800
X 47200  Y 224800
X 55200  Y 226400
X 61600  Y 226400
X 42400  Y 226400
X 64800  Y 226400
X 45600  Y 226400
X 56800  Y 228000
X 53600  Y 228000
X 63200  Y 228000
X 47200  Y 228000
X 44000  Y 228000
X 66400  Y 228000
X 52000  Y 229600
X 55200  Y 229600
X 61600  Y 229600
X 45600  Y 229600
X 42400  Y 229600
X 48800  Y 229600
X 64800  Y 229600
X 53600  Y 231200
X 60000  Y 231200
X 50400  Y 231200
X 47200  Y 231200
X 66400  Y 231200
X 63200  Y 231200
X 55200  Y 232800
X 52000  Y 232800
X 58400  Y 232800
X 64800  Y 232800
X 48800  Y 232800
X 42400  Y 232800
X 61600  Y 232800
X 56800  Y 234400
X 60000  Y 234400
X 53600  Y 234400
X 66400  Y 234400
X 50400  Y 234400
X 63200  Y 234400
X 58400  Y 237200
X 48800  Y 237200
X 61600  Y 237200
X 64800  Y 237200
X 42400  Y 237200
X 52000  Y 237200
X 55200  Y 237200
X 64200  Y 239600
X 44000  Y 242800
X 50400  Y 242800
X 53600  Y 242800
X 66400  Y 242800
X 63200  Y 242800
X 56800  Y 242800
X 60000  Y 242800
X 61600  Y 252400
X 43000  Y 252400
X 44000  Y 257000
X 50600  Y 257000
X 48400  Y 258600
X 44000  Y 258600
X 46200  Y 258600
X 44000  Y 260200
X 44000  Y 261800
X 44000  Y 263400
X 64600  Y 264600
X 47800  Y 268200
X 46800  Y 269200
X 66600  Y 270600
X 42600  Y 270800
X 66600  Y 276200
X 54400  Y 280000
X 66016  Y 280700
X 63400  Y 282400
X 56400  Y 285200
X 45800  Y 286000
X 64400  Y 290000
X 56400  Y 290800
X 51000  Y 290800
X 64800  Y 298000
X 60600  Y 299000
X 61400  Y 300400
X 60000  Y 302400
X 67192  Y 302784
X 63526  Y 303109
X 46400  Y 303400
X 65608  Y 303515
X 54400  Y 303600
X 50200  Y 303600
X 59800  Y 305000
X 46394  Y 305897
X 67200  Y 307400
X 64887  Y 310344
X 64938  Y 312136
X 59800  Y 315200
X 46000  Y 318200
X 49800  Y 318200
X 46400  Y 321400
X 42600  Y 321400
X 50200  Y 321400
X 64800  Y 321600
X 57800  Y 321600
X 54000  Y 321600
X 61000  Y 321600
X 48600  Y 323800
X 66000  Y 323800
X 50600  Y 325000
X 64000  Y 325000
X 58600  Y 325800
X 45600  Y 326200
X 59800  Y 344600
X 63600  Y 344600
X 66800  Y 344600
X 49400  Y 344600
X 45600  Y 344600
X 42400  Y 344600
X 53200  Y 344600
X 56400  Y 344600
X 63600  Y 347800
X 66800  Y 347800
X 59800  Y 347800
X 45600  Y 347800
X 53200  Y 347800
X 56400  Y 347800
X 42400  Y 347800
X 49400  Y 347800
X 56400  Y 351600
X 66800  Y 351600
X 42400  Y 351600
X 45600  Y 351600
X 63600  Y 351600
X 53200  Y 351600
X 49400  Y 351600
X 59800  Y 351600
X 59600  Y 355200
X 56400  Y 355200
X 63400  Y 355200
X 42400  Y 355200
X 45600  Y 355200
X 66600  Y 355200
X 52600  Y 355400
X 49400  Y 355400
X 42400  Y 358400
X 45600  Y 358400
X 56400  Y 358400
X 59600  Y 358400
X 63400  Y 358400
X 66600  Y 358400
X 49400  Y 358600
X 52600  Y 358600
X 56400  Y 362200
X 59600  Y 362200
X 63400  Y 362200
X 45600  Y 362200
X 66600  Y 362200
X 42400  Y 362200
X 52600  Y 362400
X 49400  Y 362400
X 45600  Y 365400
X 63400  Y 365400
X 42400  Y 365400
X 59600  Y 365400
X 66600  Y 365400
X 56400  Y 365400
X 52600  Y 365600
X 49400  Y 365600
X 70400  Y 365600
X 73600  Y 365600
X 77600  Y 365600
X 70400  Y 362400
X 73600  Y 362400
X 77600  Y 362400
X 91499  Y 359162
X 70400  Y 358600
X 73600  Y 358600
X 79200  Y 356200
X 70400  Y 355400
X 73600  Y 355400
X 91127  Y 348269
X 78600  Y 346800
X 79000  Y 339200
X 78800  Y 333600
X 91526  Y 325641
X 68600  Y 321600
X 91516  Y 321271
X 69800  Y 318000
X 91339  Y 316495
X 70000  Y 315200
X 91339  Y 311806
X 73016  Y 311536
X 81625  Y 310326
X 79123  Y 309854
X 91250  Y 306234
X 81625  Y 305526
X 72019  Y 301976
X 91427  Y 301457
X 81625  Y 300726
X 68100  Y 299300
X 70800  Y 299000
X 78114  Y 298091
X 81498  Y 294934
X 73830  Y 291706
X 90631  Y 291019
X 81498  Y 290134
X 78955  Y 285909
X 81498  Y 285334
X 90720  Y 284474
X 72905  Y 283052
X 81435  Y 280049
X 88508  Y 278459
X 81435  Y 275249
X 90896  Y 272975
X 81435  Y 270449
X 92200  Y 254800
X 71000  Y 252400
X 79000  Y 252400
X 72800  Y 242800
X 76000  Y 242800
X 79200  Y 242800
X 85600  Y 242800
X 82400  Y 242800
X 92000  Y 242800
X 88800  Y 242800
X 71800  Y 241200
X 92000  Y 240800
X 88800  Y 240800
X 85600  Y 240800
X 82400  Y 240800
X 76000  Y 240800
X 79200  Y 240800
X 71200  Y 239600
X 84000  Y 239600
X 80800  Y 239600
X 77600  Y 239600
X 90400  Y 239600
X 87200  Y 239600
X 68000  Y 239600
X 90400  Y 237200
X 68000  Y 237200
X 71200  Y 237200
X 74400  Y 237200
X 77600  Y 237200
X 80800  Y 237200
X 84000  Y 237200
X 87200  Y 237200
X 72800  Y 234400
X 69600  Y 234400
X 76000  Y 234400
X 88800  Y 234400
X 92000  Y 234400
X 85600  Y 234400
X 82400  Y 234400
X 79200  Y 234400
X 68000  Y 232800
X 71200  Y 232800
X 77600  Y 232800
X 87200  Y 232800
X 90400  Y 232800
X 84000  Y 232800
X 80800  Y 232800
X 74400  Y 232800
X 79200  Y 231400
X 72800  Y 231200
X 69600  Y 231200
X 76000  Y 231200
X 88800  Y 231200
X 92000  Y 231200
X 85600  Y 231200
X 82400  Y 231200
X 71200  Y 229600
X 87200  Y 229600
X 90400  Y 229600
X 68000  Y 229600
X 84000  Y 229600
X 74400  Y 229600
X 69600  Y 228000
X 72800  Y 228000
X 76000  Y 228000
X 88800  Y 228000
X 92000  Y 228000
X 85600  Y 228000
X 82400  Y 228000
X 71200  Y 226400
X 87200  Y 226400
X 90400  Y 226400
X 84000  Y 226400
X 68000  Y 226400
X 80800  Y 226400
X 77600  Y 226400
X 74400  Y 226400
X 69600  Y 224800
X 72800  Y 224800
X 88800  Y 224800
X 92000  Y 224800
X 85600  Y 224800
X 79200  Y 224800
X 82400  Y 224800
X 76000  Y 224800
X 68000  Y 223200
X 71200  Y 223200
X 87200  Y 223200
X 90400  Y 223200
X 84000  Y 223200
X 80800  Y 223200
X 74400  Y 223200
X 77600  Y 223200
X 69600  Y 221600
X 88800  Y 221600
X 72800  Y 221600
X 92000  Y 221600
X 85600  Y 221600
X 79200  Y 221600
X 68000  Y 220000
X 87200  Y 220000
X 71200  Y 220000
X 90400  Y 220000
X 84000  Y 220000
X 77600  Y 220000
X 88800  Y 218400
X 69600  Y 218400
X 72800  Y 218400
X 92000  Y 218400
X 85600  Y 218400
X 79200  Y 218400
X 82400  Y 218400
X 76000  Y 218400
X 76800  Y 206400
X 76800  Y 201600
X 86400  Y 201600
X 73200  Y 201000
X 76800  Y 199200
X 76800  Y 196800
X 72000  Y 196800
X 80420  Y 195465
X 91460  Y 195420
X 72000  Y 194400
X 76800  Y 194400
X 84005  Y 194100
X 92215  Y 192540
X 89430  Y 192355
X 72000  Y 192000
X 76800  Y 192000
X 81137  Y 189932
X 85937  Y 189932
X 91885  Y 187020
X 89430  Y 186690
X 87215  Y 183625
X 72000  Y 182400
X 91980  Y 178720
X 70995  Y 177845
X 84155  Y 164100
X 91615  Y 163510
X 87500  Y 162455
X 82685  Y 161160
X 84210  Y 149825
X 90850  Y 148825
X 77985  Y 138660
X 91025  Y 138485
X 85855  Y 138485
X 81100  Y 138425
X 72405  Y 123810
X 73790  Y 123795
X 75125  Y 123735
X 76560  Y 123665
X 79340  Y 123640
X 77955  Y 123640
X 86305  Y 123630
X 83510  Y 123625
X 87650  Y 123615
X 84895  Y 123615
X 88985  Y 123610
X 80735  Y 123610
X 82110  Y 123610
X 90360  Y 123600
X 91745  Y 123585
X 70985  Y 123575
X 69715  Y 122970
X 68485  Y 122205
X 67450  Y 121210
X 67550  Y 110385
X 68555  Y 109280
X 69785  Y 108510
X 88940  Y 108150
X 79755  Y 107840
X 74745  Y 107840
X 73210  Y 107820
X 78090  Y 107820
X 85005  Y 107800
X 83490  Y 107765
X 83612  Y 105600
X 74012  Y 105600
X 88412  Y 105600
X 78812  Y 105600
X 69212  Y 105600
X 78812  Y 100800
X 83612  Y 100800
X 74012  Y 100800
X 69212  Y 100800
X 78800  Y 97400
X 69212  Y 96000
X 83612  Y 96000
X 74012  Y 96000
X 88412  Y 96000
X 69212  Y 91200
X 78812  Y 91200
X 74012  Y 91200
X 83612  Y 91200
X 84766  Y 88698
X 83612  Y 86400
X 90772  Y 85867
X 70600  Y 82900
X 69212  Y 81600
X 74012  Y 81600
X 78812  Y 81600
X 80762  Y 78895
X 70543  Y 78848
X 69212  Y 76800
X 78812  Y 76800
X 72600  Y 75700
X 75377  Y 72889
X 80952  Y 71498
X 74618  Y 69575
X 68267  Y 69299
X 75400  Y 59200
X 89184  Y 57563
X 72600  Y 56800
X 90496  Y 53214
X 85525  Y 51350
X 73600  Y 49000
X 78678  Y 48446
X 88412  Y 48000
X 83612  Y 48000
X 86285  Y 46380
X 69233  Y 44378
X 86354  Y 43550
X 83612  Y 43200
X 71097  Y 41548
X 86492  Y 39960
X 83612  Y 38400
X 69212  Y 38400
X 88412  Y 38400
X 81383  Y 36922
X 86285  Y 36163
X 69212  Y 33600
X 83612  Y 33600
X 78812  Y 33600
X 81659  Y 30985
X 78812  Y 28800
X 74012  Y 28800
X 82200  Y 26200
X 76620  Y 26153
X 86561  Y 26084
X 69800  Y 23400
X 73000  Y 20400
X 77600  Y 20200
X 90200  Y 18400
X 86992  Y 17656
X 83928  Y 17618
X 79700  Y 17594
X 69501  Y 17340
X 76400  Y 10800
X 93257  Y 15729
X 107600  Y 19000
X 115400  Y 19400
X 100800  Y 26400
X 97261  Y 26429
X 103336  Y 27603
X 93212  Y 28800
X 106235  Y 31261
X 93212  Y 33600
X 98012  Y 33600
X 110999  Y 35749
X 97600  Y 38200
X 102812  Y 38400
X 107612  Y 38400
X 104786  Y 40029
X 114934  Y 40167
X 110447  Y 40374
X 115200  Y 44200
X 109963  Y 45897
X 101058  Y 46863
X 107612  Y 48000
X 103800  Y 48400
X 110170  Y 50315
X 104233  Y 50522
X 114727  Y 50936
X 117212  Y 52800
X 107612  Y 52800
X 98012  Y 52800
X 116800  Y 55400
X 114934  Y 55492
X 102812  Y 57600
X 112412  Y 57600
X 107612  Y 57600
X 115555  Y 59980
X 117005  Y 60877
X 102812  Y 62400
X 107612  Y 62400
X 114942  Y 62930
X 112103  Y 63638
X 105614  Y 64122
X 99401  Y 64122
X 95742  Y 64398
X 103543  Y 66400
X 108790  Y 67090
X 117212  Y 67200
X 112412  Y 67200
X 110170  Y 70818
X 117000  Y 71000
X 117212  Y 76800
X 115210  Y 80069
X 112034  Y 80483
X 117212  Y 81600
X 93212  Y 81600
X 97212  Y 82200
X 115831  Y 84418
X 97000  Y 86200
X 103000  Y 88800
X 93671  Y 90286
X 102812  Y 91200
X 104600  Y 93200
X 93212  Y 96000
X 98012  Y 96000
X 109200  Y 98000
X 106333  Y 99198
X 93212  Y 100800
X 98012  Y 100800
X 102812  Y 100800
X 113208  Y 101055
X 106057  Y 103064
X 93212  Y 105600
X 102812  Y 105600
X 98012  Y 105600
X 113967  Y 106302
X 106126  Y 107206
X 92900  Y 108150
X 98330  Y 108300
X 97075  Y 108300
X 101510  Y 108875
X 102765  Y 109315
X 103810  Y 110210
X 113415  Y 111410
X 105840  Y 112670
X 105990  Y 113915
X 104600  Y 114000
X 113415  Y 116311
X 106390  Y 116570
X 106185  Y 117960
X 105480  Y 119420
X 104590  Y 120625
X 106200  Y 121000
X 103015  Y 122360
X 101680  Y 123150
X 95910  Y 123540
X 97405  Y 123560
X 94440  Y 123585
X 93100  Y 123600
X 100290  Y 123615
X 98700  Y 123615
X 96195  Y 129320
X 95375  Y 134200
X 95315  Y 137075
X 100545  Y 137840
X 113200  Y 139200
X 104770  Y 139780
X 105970  Y 143570
X 100250  Y 155050
X 105830  Y 155525
X 98430  Y 159165
X 105540  Y 159800
X 93905  Y 161220
X 109925  Y 166220
X 101675  Y 168910
X 105825  Y 169240
X 102430  Y 173955
X 106215  Y 174565
X 101745  Y 178530
X 98065  Y 178580
X 103200  Y 180000
X 95705  Y 180560
X 105600  Y 182400
X 116276  Y 192600
X 115251  Y 192600
X 114400  Y 218400
X 104800  Y 218400
X 101600  Y 218400
X 98400  Y 218400
X 95200  Y 218400
X 106400  Y 220000
X 100000  Y 220000
X 103200  Y 220000
X 116000  Y 220000
X 93600  Y 220000
X 96800  Y 220000
X 109600  Y 220000
X 104800  Y 221600
X 101600  Y 221600
X 95200  Y 221600
X 98400  Y 221600
X 114400  Y 221600
X 106400  Y 223200
X 100000  Y 223200
X 103200  Y 223200
X 93600  Y 223200
X 96800  Y 223200
X 116000  Y 223200
X 109600  Y 223200
X 104800  Y 224800
X 101600  Y 224800
X 98400  Y 224800
X 95200  Y 224800
X 114400  Y 224800
X 100000  Y 226400
X 103200  Y 226400
X 106400  Y 226400
X 93600  Y 226400
X 96800  Y 226400
X 116000  Y 226400
X 109600  Y 226400
X 104800  Y 228000
X 101600  Y 228000
X 98400  Y 228000
X 95200  Y 228000
X 114400  Y 228000
X 100000  Y 229600
X 103200  Y 229600
X 106400  Y 229600
X 93600  Y 229600
X 96800  Y 229600
X 116000  Y 229600
X 109600  Y 229600
X 101600  Y 231200
X 104800  Y 231200
X 98400  Y 231200
X 95200  Y 231200
X 114400  Y 231200
X 103200  Y 232800
X 96800  Y 232800
X 93600  Y 232800
X 100000  Y 232800
X 109600  Y 232800
X 98400  Y 234400
X 108000  Y 234400
X 95200  Y 234400
X 114400  Y 234400
X 101600  Y 234400
X 115600  Y 235000
X 106400  Y 236000
X 109600  Y 237200
X 93600  Y 237200
X 112800  Y 237200
X 96800  Y 237200
X 103200  Y 237200
X 100000  Y 237200
X 109600  Y 239600
X 93600  Y 239600
X 96800  Y 239600
X 100000  Y 239600
X 103200  Y 239600
X 106400  Y 239600
X 108000  Y 240800
X 104800  Y 240800
X 101600  Y 240800
X 95200  Y 240800
X 98400  Y 240800
X 95200  Y 242800
X 98400  Y 242800
X 101600  Y 242800
X 104800  Y 242800
X 108000  Y 242800
X 104800  Y 244400
X 107000  Y 245000
X 112400  Y 251000
X 115400  Y 251800
X 112200  Y 254800
X 95000  Y 255800
X 95800  Y 257200
X 101069  Y 257481
X 99200  Y 258600
X 99400  Y 260200
X 102426  Y 260762
X 101200  Y 262000
X 102800  Y 262400
X 107600  Y 263000
X 102042  Y 272267
X 116814  Y 272532
X 97088  Y 272709
X 111330  Y 272798
X 115752  Y 276247
X 108853  Y 276955
X 94789  Y 278459
X 97531  Y 283766
X 102661  Y 283943
X 109207  Y 284031
X 115399  Y 290754
X 97000  Y 290754
X 108588  Y 291196
X 109207  Y 296061
X 115752  Y 296504
X 102484  Y 300573
X 108853  Y 300926
X 96646  Y 301369
X 108941  Y 305968
X 115399  Y 306322
X 96735  Y 306853
X 101200  Y 308000
X 103103  Y 311187
X 96911  Y 315875
X 103192  Y 316495
X 115399  Y 316760
X 108764  Y 317291
X 97088  Y 321360
X 108322  Y 321448
X 103280  Y 321625
X 100043  Y 329365
X 109312  Y 332861
X 104891  Y 334805
X 116487  Y 335590
X 106014  Y 338443
X 109295  Y 339696
X 104697  Y 339923
X 104946  Y 347392
X 110531  Y 347451
X 94169  Y 347690
X 98330  Y 347747
X 95505  Y 348232
X 102072  Y 348306
X 99800  Y 349600
X 95200  Y 349600
X 108417  Y 350828
X 113208  Y 351527
X 116352  Y 351926
X 106200  Y 352800
X 108567  Y 353373
X 114555  Y 353573
X 111461  Y 353772
X 109615  Y 355669
X 113357  Y 355818
X 105622  Y 355868
X 117300  Y 357365
X 94194  Y 359212
X 97238  Y 359412
X 103476  Y 359661
X 107868  Y 359661
X 112412  Y 360000
X 117212  Y 360000
X 109814  Y 361158
X 112210  Y 362256
X 94493  Y 362456
X 104574  Y 362506
X 104424  Y 364652
X 107612  Y 364800
X 115653  Y 364951
X 99084  Y 365151
X 110513  Y 365949
X 101979  Y 366698
X 96639  Y 366748
X 113258  Y 366947
X 118148  Y 366698
X 120494  Y 363404
X 117749  Y 362406
X 123239  Y 361408
X 122012  Y 360000
X 126982  Y 357815
X 122341  Y 357565
X 119296  Y 357316
X 128928  Y 356717
X 124536  Y 356268
X 130475  Y 355669
X 120145  Y 354571
X 129776  Y 353772
X 130775  Y 351776
X 125645  Y 350176
X 127680  Y 348682
X 131623  Y 347933
X 134567  Y 346436
X 122690  Y 346187
X 129427  Y 346187
X 125135  Y 346037
X 137562  Y 345937
X 137312  Y 342593
X 130874  Y 342044
X 126433  Y 341645
X 135416  Y 341096
X 138859  Y 339849
X 129427  Y 339150
X 141305  Y 338202
X 138360  Y 336904
X 126386  Y 336038
X 140556  Y 336006
X 124616  Y 332139
X 137582  Y 330142
X 140697  Y 326844
X 140078  Y 322421
X 139812  Y 317025
X 128932  Y 316848
X 122829  Y 316495
X 133886  Y 316406
X 134505  Y 311806
X 122210  Y 311276
X 134505  Y 306676
X 139989  Y 306588
X 128844  Y 302430
X 139901  Y 301899
X 122829  Y 301192
X 134063  Y 299069
X 139901  Y 296769
X 128844  Y 296592
X 139547  Y 291285
X 128844  Y 291108
X 134417  Y 287481
X 128844  Y 277751
X 123094  Y 277751
X 128844  Y 272975
X 142289  Y 272621
X 132596  Y 267934
X 140600  Y 263400
X 138800  Y 258600
X 122200  Y 257600
X 125400  Y 257600
X 137600  Y 257400
X 141800  Y 256400
X 120600  Y 256000
X 123800  Y 256000
X 122200  Y 254400
X 125400  Y 254400
X 120600  Y 252800
X 123800  Y 252800
X 122200  Y 251200
X 125400  Y 251200
X 140200  Y 250200
X 136400  Y 250200
X 120600  Y 249600
X 123800  Y 249600
X 122200  Y 248000
X 125400  Y 248000
X 123800  Y 246400
X 120600  Y 246400
X 140000  Y 240800
X 127200  Y 240800
X 133600  Y 240800
X 130400  Y 240800
X 140000  Y 237600
X 127200  Y 237600
X 133600  Y 237600
X 130400  Y 237600
X 140000  Y 234400
X 133600  Y 234400
X 130400  Y 234400
X 118800  Y 231800
X 133600  Y 231200
X 130400  Y 231200
X 140000  Y 231200
X 122000  Y 228600
X 140000  Y 228000
X 133600  Y 228000
X 130400  Y 228000
X 117600  Y 228000
X 119200  Y 226400
X 133600  Y 224800
X 130400  Y 224800
X 117600  Y 224800
X 140000  Y 224800
X 119200  Y 223200
X 133600  Y 221600
X 130400  Y 221600
X 140000  Y 221600
X 117600  Y 221600
X 119200  Y 220000
X 117600  Y 218400
X 120941  Y 190180
X 118874  Y 190152
X 120941  Y 188834
X 118874  Y 188824
X 134900  Y 183916
X 123600  Y 182400
X 133104  Y 180747
X 123600  Y 177600
X 130919  Y 177437
X 131633  Y 175530
X 123600  Y 175200
X 123628  Y 171916
X 132300  Y 170500
X 123600  Y 170400
X 123600  Y 168000
X 129127  Y 162616
X 123600  Y 161600
X 120326  Y 161147
X 118991  Y 161147
X 123600  Y 159800
X 120326  Y 159691
X 119092  Y 159671
X 123600  Y 154800
X 123600  Y 152200
X 123600  Y 149800
X 125200  Y 146400
X 132300  Y 144300
X 126800  Y 139400
X 132300  Y 139300
X 121800  Y 135800
X 120800  Y 133200
X 119600  Y 133200
X 119214  Y 116242
X 121423  Y 115552
X 118800  Y 110996
X 122113  Y 109339
X 141200  Y 103600
X 138198  Y 95325
X 137800  Y 93000
X 135023  Y 90009
X 138889  Y 89250
X 124737  Y 87455
X 122942  Y 85246
X 138800  Y 83600
X 128400  Y 82800
X 129200  Y 79800
X 138612  Y 78343
X 137800  Y 76000
X 137800  Y 73600
X 127222  Y 73510
X 123011  Y 70266
X 127153  Y 68195
X 131612  Y 67200
X 122804  Y 65433
X 138100  Y 65400
X 128800  Y 61800
X 137600  Y 60800
X 128000  Y 59200
X 137600  Y 58600
X 122666  Y 56321
X 127360  Y 55354
X 136500  Y 54500
X 136000  Y 52500
X 136500  Y 50500
X 123999  Y 50044
X 127774  Y 49556
X 136000  Y 48500
X 128000  Y 41800
X 129200  Y 41800
X 136200  Y 33800
X 124184  Y 26015
X 146000  Y 31800
X 145792  Y 33609
X 153800  Y 34100
X 152600  Y 34100
X 150600  Y 34600
X 155200  Y 41000
X 155200  Y 46200
X 142800  Y 46800
X 147800  Y 54800
X 158400  Y 55800
X 158400  Y 68800
X 145600  Y 77200
X 155200  Y 77200
X 149800  Y 78800
X 149000  Y 79600
X 150600  Y 79700
X 150600  Y 80900
X 156000  Y 81000
X 145600  Y 84500
X 158770  Y 85384
X 160496  Y 87731
X 148800  Y 88600
X 145800  Y 90300
X 159047  Y 91804
X 150800  Y 93000
X 158200  Y 94400
X 160412  Y 100800
X 160412  Y 105600
X 153200  Y 132200
X 153200  Y 135400
X 153200  Y 138600
X 153200  Y 141800
X 152400  Y 164000
X 151600  Y 167600
X 154800  Y 194000
X 154800  Y 195100
X 158000  Y 197800
X 153400  Y 201800
X 153400  Y 205000
X 153400  Y 211400
X 153400  Y 214600
X 159400  Y 215200
X 156000  Y 215200
X 154400  Y 216800
X 153400  Y 217800
X 159400  Y 218400
X 156000  Y 218400
X 154400  Y 220000
X 156000  Y 221600
X 159400  Y 221600
X 154400  Y 223200
X 156000  Y 224800
X 159400  Y 224800
X 154400  Y 226400
X 156000  Y 228000
X 159400  Y 228000
X 154400  Y 229600
X 156000  Y 231200
X 159400  Y 231200
X 154400  Y 232800
X 159400  Y 234400
X 156000  Y 234400
X 154400  Y 236000
X 156000  Y 237600
X 159400  Y 237600
X 157800  Y 239200
X 156000  Y 240800
X 159400  Y 240800
X 157800  Y 242400
X 143800  Y 244000
X 159400  Y 244000
X 156000  Y 244000
X 157800  Y 245600
X 144043  Y 245671
X 156000  Y 247200
X 159400  Y 247200
X 151400  Y 250400
X 154000  Y 253800
X 150105  Y 255409
X 145400  Y 257800
X 152073  Y 258092
X 152600  Y 259800
X 144600  Y 263000
X 148400  Y 266800
X 149631  Y 272798
X 155380  Y 272798
X 154761  Y 278459
X 146535  Y 278547
X 156619  Y 284739
X 152992  Y 284916
X 148746  Y 285535
X 152727  Y 290400
X 146712  Y 290577
X 146623  Y 295531
X 152904  Y 301369
X 146446  Y 301546
X 153169  Y 311276
X 153434  Y 317821
X 146977  Y 321802
X 146535  Y 326667

End of Listing
