Drill Listing
=============
Drill: .012  Tool: 1  Feed: 95  Speed: 300
X -36387  Y 14400
X -41187  Y 24000
X -36387  Y 24000
X -41187  Y 28800
X -36387  Y 28800
X -37000  Y 32400
X -41187  Y 33600
X -33800  Y 35600
X -47000  Y 38400
X -44600  Y 38400
X -42000  Y 41800
X -45987  Y 43200
X -33400  Y 44600
X -36900  Y 44900
X -42000  Y 47000
X -38000  Y 47400
X -45987  Y 48000
X -43000  Y 49400
X -34000  Y 49600
X -34400  Y 52100
X -36800  Y 52100
X -34400  Y 54500
X -36800  Y 54500
X -43339  Y 56193
X -34400  Y 56900
X -36800  Y 56900
X -46200  Y 59000
X -34400  Y 59300
X -36800  Y 59300
X -43200  Y 61600
X -34600  Y 61700
X -37000  Y 61700
X -46200  Y 61800
X -42800  Y 64000
X -36800  Y 64100
X -46200  Y 64200
X -43200  Y 66400
X -36800  Y 66500
X -46200  Y 66600
X -36800  Y 68900
X -43200  Y 69000
X -46000  Y 69000
X -36800  Y 71300
X -46000  Y 71400
X -43200  Y 71400
X -46000  Y 73800
X -43000  Y 74200
X -37800  Y 75600
X -46000  Y 76200
X -36400  Y 77600
X -46000  Y 78600
X -43258  Y 79080
X -45000  Y 81000
X -36800  Y 81100
X -45600  Y 83400
X -42000  Y 83400
X -36800  Y 83500
X -36800  Y 85900
X -48400  Y 86800
X -44800  Y 86800
X -36800  Y 88300
X -48400  Y 88800
X -36800  Y 90700
X -48400  Y 90800
X -38400  Y 93200
X -41900  Y 96700
X -33000  Y 99800
X -34400  Y 102800
X -36400  Y 105400
X -33600  Y 105400
X -36400  Y 107800
X -32600  Y 112200
X -34400  Y 114400
X -34800  Y 117000
X -34800  Y 119600
X -33547  Y 122126
X -34200  Y 125800
X -34800  Y 129200
X -49400  Y 130000
X -49400  Y 132000
X -34400  Y 132000
X -51000  Y 133600
X -56600  Y 134200
X -35600  Y 134400
X -51000  Y 135600
X -33900  Y 136500
X -57400  Y 137600
X -52000  Y 138800
X -55600  Y 139600
X -34800  Y 139600
X -57400  Y 141200
X -47200  Y 142000
X -32600  Y 143600
X -57400  Y 144800
X -57400  Y 148200
X -46800  Y 151000
X -57400  Y 151400
X -33400  Y 153400
X -46800  Y 153600
X -57200  Y 155000
X -34000  Y 157000
X -56800  Y 158200
X -53000  Y 158400
X -50200  Y 160200
X -32800  Y 163000
X -50000  Y 163800
X -50000  Y 167400
X -35600  Y 169600
X -50000  Y 170600
X -50000  Y 173800
X -32800  Y 177400
X -35800  Y 181400
X -33000  Y 185400
X -36400  Y 189800
X -36400  Y 202000
X -32600  Y 204400
X -34200  Y 206000
X -35800  Y 207600
X -35400  Y 211200
X -50400  Y 213000
X -35600  Y 217000
X -50400  Y 219800
X -35800  Y 222000
X -50400  Y 223200
X -50200  Y 226600
X -35800  Y 227000
X -50400  Y 230000
X -35800  Y 231200
X -50400  Y 233400
X -50400  Y 236800
X -33600  Y 238200
X -50400  Y 240200
X -36400  Y 240800
X -50400  Y 243600
X -36600  Y 244800
X -50400  Y 247000
X -50400  Y 250400
X -35000  Y 250800
X -50400  Y 253800
X -49600  Y 257600
X -36200  Y 263400
X -32831  Y 269349
X -34700  Y 271700
X -32600  Y 276200
X -36200  Y 277000
X -33800  Y 281800
X -36894  Y 284125
X -38518  Y 286039
X -32997  Y 286362
X -38589  Y 288574
X -38730  Y 290973
X -40988  Y 291908
X -34302  Y 292656
X -41129  Y 294502
X -41470  Y 297841
X -34600  Y 298600
X -40918  Y 300537
X -43450  Y 301045
X -34032  Y 302885
X -43363  Y 306190
X -40700  Y 306300
X -38400  Y 308600
X -43088  Y 308710
X -35800  Y 309600
X -40400  Y 312600
X -42756  Y 313624
X -40400  Y 315000
X -37200  Y 316000
X -40222  Y 319935
X -36400  Y 327200
X -38741  Y 329210
X -36730  Y 333017
X -38400  Y 336400
X -34323  Y 337694
X -32800  Y 345600
X -10800  Y 370600
X -13400  Y 367600
X -16200  Y 365800
X -10800  Y 363800
X -18400  Y 362200
X -21600  Y 356600
X -17800  Y 356600
X -8200  Y 355400
X -12973  Y 354421
X -14342  Y 352249
X -25542  Y 352236
X -9788  Y 351691
X -14327  Y 349568
X -10962  Y 347968
X -28400  Y 347800
X -22400  Y 347000
X -25200  Y 345400
X -17150  Y 344953
X -14747  Y 344876
X -28400  Y 343200
X -9780  Y 342774
X -18283  Y 342622
X -24000  Y 342200
X -14419  Y 340550
X -9724  Y 340284
X -30800  Y 338400
X -7655  Y 337726
X -19830  Y 337336
X -28200  Y 336200
X -22651  Y 335397
X -15536  Y 332860
X -21271  Y 332844
X -29200  Y 332200
X -30800  Y 331000
X -12673  Y 330498
X -8553  Y 330324
X -16318  Y 327762
X -11905  Y 326250
X -16339  Y 325098
X -16311  Y 322687
X -23200  Y 322400
X -29400  Y 322400
X -20892  Y 317163
X -29400  Y 316200
X -13085  Y 315475
X -21751  Y 314421
X -29400  Y 305800
X -12950  Y 304381
X -31600  Y 303000
X -21112  Y 302519
X -12826  Y 301690
X -31200  Y 296800
X -26800  Y 294600
X -29345  Y 294529
X -32285  Y 292656
X -17876  Y 290923
X -7624  Y 290253
X -28500  Y 290100
X -30860  Y 288525
X -15034  Y 286746
X -8903  Y 286405
X -29957  Y 285537
X -18967  Y 284813
X -15594  Y 283866
X -30400  Y 283000
X -17538  Y 282430
X -24843  Y 278575
X -27000  Y 277400
X -12941  Y 277199
X -10587  Y 276025
X -8823  Y 276025
X -21852  Y 275819
X -28800  Y 275600
X -19200  Y 275600
X -13000  Y 274600
X -23836  Y 274386
X -10700  Y 273600
X -8301  Y 272928
X -28000  Y 271200
X -13022  Y 265489
X -23200  Y 265400
X -29059  Y 264799
X -19400  Y 264400
X -26400  Y 263400
X -31761  Y 261800
X -22400  Y 261800
X -15255  Y 261750
X -19200  Y 261000
X -28200  Y 260600
X -21400  Y 259400
X -8568  Y 257813
X -14804  Y 257638
X -26400  Y 257400
X -21600  Y 257000
X -32000  Y 252200
X -27435  Y 251949
X -21600  Y 251900
X -17600  Y 250600
X -26400  Y 249200
X -12800  Y 248000
X -21600  Y 246200
X -26400  Y 245800
X -26800  Y 243400
X -29200  Y 236600
X -25105  Y 236352
X -19971  Y 232079
X -25012  Y 231383
X -31600  Y 231200
X -15200  Y 230600
X -21778  Y 229222
X -31600  Y 227000
X -26013  Y 226161
X -8646  Y 224126
X -12800  Y 223400
X -31400  Y 221800
X -26223  Y 221717
X -16022  Y 220095
X -10354  Y 220090
X -26200  Y 217836
X -23461  Y 217584
X -31000  Y 216400
X -17539  Y 215085
X -24007  Y 215082
X -29400  Y 214800
X -27800  Y 213200
X -18400  Y 212200
X -15600  Y 211800
X -29400  Y 211600
X -8827  Y 210339
X -29400  Y 209600
X -19600  Y 209400
X -21600  Y 209400
X -17144  Y 208238
X -29400  Y 207600
X -21600  Y 205000
X -19600  Y 205000
X -17600  Y 205000
X -15600  Y 205000
X -9200  Y 205000
X -29400  Y 204400
X -25180  Y 203217
X -32200  Y 201600
X -30432  Y 196335
X -8600  Y 193800
X -24000  Y 185000
X -15600  Y 184800
X -20400  Y 184000
X -28572  Y 183765
X -26400  Y 178400
X -8954  Y 178130
X -21800  Y 177600
X -28400  Y 176400
X -24000  Y 176000
X -24000  Y 173600
X -19600  Y 173000
X -27900  Y 172000
X -21200  Y 171200
X -26000  Y 169900
X -8200  Y 169700
X -10600  Y 169600
X -15142  Y 169419
X -18900  Y 169100
X -24200  Y 168000
X -7800  Y 166000
X -22000  Y 165600
X -17200  Y 165500
X -11500  Y 163500
X -29600  Y 161800
X -14202  Y 161311
X -29800  Y 159000
X -25800  Y 159000
X -18287  Y 155000
X -28400  Y 154800
X -25600  Y 152800
X -12587  Y 152100
X -31624  Y 151158
X -13087  Y 149300
X -25600  Y 148800
X -31236  Y 141795
X -29400  Y 141000
X -15600  Y 131600
X -13000  Y 129600
X -23000  Y 127400
X -15400  Y 127200
X -9073  Y 126596
X -12039  Y 123070
X -25000  Y 122400
X -10800  Y 120400
X -23000  Y 118600
X -11945  Y 117032
X -24200  Y 114400
X -10300  Y 113500
X -7587  Y 110400
X -12387  Y 110400
X -25000  Y 109200
X -23600  Y 107800
X -11600  Y 107600
X -26100  Y 106100
X -23400  Y 105200
X -12950  Y 104400
X -9687  Y 103200
X -23700  Y 102300
X -9687  Y 100000
X -23800  Y 99800
X -13000  Y 98050
X -26100  Y 97300
X -24000  Y 96000
X -10680  Y 95163
X -13000  Y 93800
X -7582  Y 92128
X -12500  Y 91100
X -15400  Y 89600
X -9500  Y 89100
X -7587  Y 86400
X -13887  Y 85300
X -15600  Y 81600
X -12387  Y 81600
X -7587  Y 81600
X -9187  Y 76800
X -12387  Y 76800
X -15600  Y 76800
X -9187  Y 72000
X -12387  Y 72000
X -9187  Y 67200
X -12400  Y 67200
X -19300  Y 65200
X -12400  Y 64000
X -9187  Y 62400
X -12400  Y 60800
X -19900  Y 59400
X -15600  Y 57600
X -12387  Y 57600
X -9187  Y 57600
X -21821  Y 56121
X -9187  Y 52800
X -12387  Y 52800
X -21400  Y 51200
X -30800  Y 50200
X -17200  Y 49400
X -12387  Y 48000
X -9187  Y 48000
X -32200  Y 47800
X -20000  Y 44600
X -12387  Y 43200
X -9187  Y 43200
X -30400  Y 41000
X -17160  Y 39305
X -31587  Y 38400
X -12400  Y 38400
X -9400  Y 36400
X -13600  Y 36000
X -31587  Y 33600
X -9400  Y 33200
X -31587  Y 28800
X -26787  Y 28800
X -22000  Y 27200
X -16400  Y 24200
X -26787  Y 24000
X -21200  Y 22800
X -14000  Y 22200
X -10507  Y 20163
X -20200  Y 20100
X -26787  Y 19200
X -14400  Y 18800
X -17200  Y 18200
X -9400  Y 16800
X -17187  Y 14400
X -21987  Y 14400
X -31587  Y 14400
X -12387  Y 14400
X -26787  Y 14400
X -9400  Y 13600
X -12387  Y 9600
X -17187  Y 9600
X -31587  Y 9600
X -26787  Y 9600
X -21987  Y 9600
X -7587  Y 9600
X -6800  Y 12400
X 15600  Y 12400
X 9200  Y 12400
X 6000  Y 12400
X -400  Y 12400
X 12400  Y 12400
X 2800  Y 12400
X -3600  Y 12400
X 15512  Y 17300
X 15512  Y 20600
X 16312  Y 26600
X -1087  Y 27000
X 8875  Y 27187
X -4177  Y 27650
X 9600  Y 30600
X 16312  Y 31000
X 4749  Y 31734
X -1608  Y 31860
X 11812  Y 34900
X -4687  Y 34900
X 16553  Y 34923
X 9612  Y 39010
X 2710  Y 39305
X -1930  Y 39325
X -6648  Y 39344
X 14193  Y 39403
X 13012  Y 42900
X 3600  Y 43200
X -5987  Y 43200
X 16412  Y 43200
X 412  Y 43200
X -2787  Y 43200
X 6812  Y 43200
X 15912  Y 45800
X 3600  Y 48000
X -5987  Y 48000
X 10000  Y 48000
X 412  Y 48000
X 6812  Y 48000
X -2787  Y 48000
X 3600  Y 52800
X -5987  Y 52800
X 6812  Y 52800
X -2787  Y 52800
X 412  Y 52800
X 10000  Y 52800
X 3600  Y 57600
X -5987  Y 57600
X 16412  Y 57600
X -2787  Y 57600
X 400  Y 57600
X 10000  Y 57600
X 6812  Y 57600
X 11600  Y 61400
X 3600  Y 62400
X -5987  Y 62400
X -2787  Y 62400
X 412  Y 62400
X 6812  Y 62400
X 16412  Y 62400
X 11600  Y 65400
X -5987  Y 67200
X -2787  Y 67200
X 6812  Y 67200
X 412  Y 67200
X -5987  Y 72000
X 16412  Y 72000
X 6812  Y 72000
X 2012  Y 72000
X 11612  Y 72000
X -2787  Y 72000
X -2787  Y 76800
X 6812  Y 76800
X 2012  Y 76800
X 11612  Y 76800
X -2787  Y 81600
X 2012  Y 81600
X 6812  Y 81600
X 11612  Y 81600
X -4200  Y 84000
X 16512  Y 84300
X 11612  Y 86400
X 2012  Y 86400
X 6812  Y 86400
X -2787  Y 86400
X 16412  Y 88800
X 1792  Y 89054
X 8900  Y 89100
X 4500  Y 89700
X 11612  Y 91200
X -3900  Y 92400
X 612  Y 92600
X 3012  Y 92700
X 17200  Y 94200
X -6100  Y 94900
X -3587  Y 98000
X 2012  Y 98400
X 14212  Y 100700
X -2200  Y 106300
X 8012  Y 106800
X 13400  Y 107600
X 11600  Y 113000
X -5954  Y 113495
X 16412  Y 114600
X -2787  Y 115200
X 2397  Y 117408
X 2012  Y 120000
X -392  Y 120000
X -4681  Y 122456
X 434  Y 126576
X -4319  Y 126596
X 5267  Y 126654
X 14990  Y 126694
X 10119  Y 126694
X -4087  Y 131100
X -2487  Y 133200
X -7200  Y 147600
X -2787  Y 148800
X 1400  Y 149200
X 3800  Y 149200
X 6200  Y 149800
X -987  Y 151400
X 15600  Y 158600
X -2400  Y 161000
X 7260  Y 161834
X 9989  Y 161945
X 2400  Y 162000
X 0  Y 162000
X 4800  Y 162000
X -4800  Y 162000
X -1800  Y 165800
X 1600  Y 165800
X 11600  Y 166800
X -1400  Y 168800
X 1000  Y 169600
X 800  Y 178400
X 2800  Y 178400
X 13000  Y 178400
X 16600  Y 178400
X 13200  Y 190000
X 15200  Y 191400
X 11200  Y 192800
X -3600  Y 193600
X 17110  Y 197287
X 5000  Y 200200
X 5000  Y 202200
X -3800  Y 203600
X 11800  Y 207200
X -3684  Y 208238
X 15723  Y 209005
X 14400  Y 214600
X 1000  Y 216000
X -1800  Y 220600
X 14200  Y 223000
X 9400  Y 223400
X -2000  Y 226800
X 2200  Y 227400
X 9000  Y 227600
X 17000  Y 230400
X 9000  Y 231000
X -5200  Y 233800
X -2200  Y 233800
X 2000  Y 234000
X 13800  Y 234000
X 9200  Y 234200
X -2200  Y 237000
X -5200  Y 237000
X 1400  Y 238800
X 12200  Y 240200
X -3800  Y 241000
X 4800  Y 243000
X 11455  Y 245480
X 2600  Y 245600
X -2200  Y 247400
X -4600  Y 248200
X -7000  Y 248600
X 3200  Y 248600
X 8800  Y 249200
X 7400  Y 251200
X 3000  Y 251600
X -7321  Y 255538
X 3200  Y 255600
X 8200  Y 257000
X -3800  Y 257400
X 14078  Y 258442
X 0  Y 259200
X 5800  Y 261100
X -2000  Y 261400
X 16600  Y 261500
X 13870  Y 262386
X 1200  Y 262600
X -919  Y 264070
X -3400  Y 264600
X 6616  Y 272178
X -1400  Y 272800
X 10040  Y 273809
X 16800  Y 275000
X 6919  Y 275656
X -3202  Y 276000
X 218  Y 276967
X 7345  Y 278460
X 9776  Y 278800
X -3114  Y 279807
X 925  Y 280221
X 15712  Y 280320
X 12986  Y 282255
X -6125  Y 282381
X -3063  Y 282647
X 1364  Y 283940
X 10317  Y 284112
X 15515  Y 284307
X -382  Y 285689
X -4632  Y 286112
X 15677  Y 286743
X 11400  Y 287300
X 1301  Y 287446
X -2630  Y 288809
X 13800  Y 290800
X 2400  Y 291000
X 17244  Y 291030
X -3363  Y 291220
X -7198  Y 292671
X 17356  Y 293439
X -1211  Y 293662
X 10842  Y 294848
X 1410  Y 297617
X 2910  Y 300256
X -1098  Y 302435
X 14800  Y 308800
X -2211  Y 315656
X 8740  Y 315716
X 2929  Y 315964
X 273  Y 321735
X 4292  Y 321869
X 8463  Y 321873
X 14800  Y 324600
X -7022  Y 326524
X 13780  Y 332579
X 9731  Y 334441
X 10821  Y 336588
X 13487  Y 336682
X -3580  Y 337235
X -183  Y 338808
X 14719  Y 339939
X 400  Y 341200
X -2600  Y 344800
X 1600  Y 347400
X 17348  Y 347810
X 10622  Y 348430
X -4194  Y 349740
X 7229  Y 350876
X 4405  Y 351819
X 15600  Y 352200
X 11367  Y 353453
X 17427  Y 353968
X -1800  Y 354200
X -4180  Y 356966
X 3289  Y 357387
X 15002  Y 357697
X 6739  Y 358482
X -4468  Y 360902
X 2980  Y 361070
X -3000  Y 364800
X 14600  Y 365000
X 7200  Y 365000
X -6695  Y 366013
X 1800  Y 366800
X 7200  Y 368400
X 14400  Y 368600
X 0  Y 371600
X 22800  Y 367600
X 29600  Y 367200
X 19200  Y 365000
X 32400  Y 364400
X 40200  Y 363800
X 31200  Y 360800
X 39199  Y 360721
X 29000  Y 359400
X 20423  Y 357817
X 38439  Y 357520
X 17800  Y 356800
X 22823  Y 354416
X 21110  Y 352251
X 24400  Y 351800
X 26600  Y 350500
X 35685  Y 349756
X 40862  Y 340539
X 36463  Y 339999
X 32423  Y 339981
X 27600  Y 337800
X 17854  Y 337220
X 32071  Y 335932
X 36380  Y 334969
X 21611  Y 331583
X 34306  Y 329979
X 23252  Y 324706
X 31685  Y 324368
X 36528  Y 323567
X 40702  Y 315271
X 24514  Y 314650
X 27835  Y 314641
X 31162  Y 314531
X 39400  Y 307800
X 42200  Y 307600
X 37407  Y 306274
X 40000  Y 305000
X 22959  Y 304505
X 25450  Y 304464
X 37354  Y 303041
X 24986  Y 300891
X 26238  Y 296847
X 30523  Y 296011
X 24976  Y 291243
X 29700  Y 289600
X 32481  Y 288249
X 20736  Y 288047
X 29318  Y 287126
X 23479  Y 285584
X 30692  Y 285077
X 26257  Y 282959
X 17754  Y 282736
X 19458  Y 280682
X 41000  Y 279100
X 28506  Y 278576
X 24483  Y 277391
X 19191  Y 275800
X 33400  Y 271800
X 28600  Y 269700
X 31000  Y 269400
X 33400  Y 269400
X 24600  Y 268600
X 38400  Y 264000
X 22200  Y 263200
X 32000  Y 263000
X 23800  Y 261400
X 39400  Y 260600
X 32200  Y 260600
X 20000  Y 259400
X 28000  Y 259400
X 17600  Y 259000
X 35000  Y 258400
X 37400  Y 258400
X 32600  Y 257400
X 25200  Y 256600
X 39000  Y 252600
X 20200  Y 252400
X 39000  Y 250363
X 36200  Y 250000
X 23800  Y 245600
X 32800  Y 245600
X 35400  Y 245000
X 27106  Y 242903
X 36225  Y 242489
X 29200  Y 240800
X 32800  Y 237600
X 24800  Y 236000
X 40800  Y 236000
X 28400  Y 234500
X 24800  Y 233600
X 40800  Y 232800
X 24800  Y 229600
X 40800  Y 229600
X 33500  Y 229000
X 26400  Y 228000
X 24800  Y 226400
X 40800  Y 226400
X 26400  Y 224800
X 33000  Y 224800
X 42200  Y 223200
X 37600  Y 223200
X 18400  Y 214600
X 33600  Y 208900
X 29064  Y 207959
X 33200  Y 202800
X 28600  Y 202800
X 37600  Y 202400
X 21261  Y 200406
X 19205  Y 198573
X 27600  Y 197000
X 36400  Y 195200
X 39600  Y 195200
X 27600  Y 193800
X 21200  Y 191400
X 27600  Y 190600
X 24140  Y 190359
X 21200  Y 189400
X 29200  Y 189000
X 18000  Y 187400
X 21200  Y 187400
X 24400  Y 187400
X 27600  Y 187400
X 33800  Y 178400
X 41000  Y 178400
X 30200  Y 178400
X 37400  Y 178400
X 20200  Y 178400
X 26600  Y 178400
X 19200  Y 167400
X 26700  Y 166700
X 29100  Y 166400
X 18400  Y 160200
X 20600  Y 158600
X 18400  Y 151400
X 33200  Y 150400
X 38100  Y 150400
X 27700  Y 149800
X 40412  Y 148800
X 35612  Y 148800
X 30812  Y 148800
X 19800  Y 147800
X 19568  Y 126752
X 24284  Y 126752
X 28959  Y 126733
X 41200  Y 126700
X 32600  Y 126600
X 36800  Y 126600
X 41200  Y 114800
X 22700  Y 114800
X 20012  Y 114600
X 35550  Y 112050
X 19912  Y 107900
X 32312  Y 107200
X 40412  Y 105600
X 36200  Y 102800
X 40412  Y 96000
X 36012  Y 95500
X 20600  Y 95000
X 39312  Y 93200
X 24000  Y 89800
X 34200  Y 89400
X 39500  Y 88300
X 23000  Y 86600
X 30300  Y 84600
X 18912  Y 83400
X 24400  Y 83400
X 41700  Y 81800
X 18612  Y 79600
X 31800  Y 77800
X 18612  Y 76100
X 26812  Y 74400
X 24200  Y 72200
X 20200  Y 70400
X 25800  Y 69200
X 32012  Y 69000
X 17600  Y 67600
X 20600  Y 67600
X 25800  Y 67200
X 32012  Y 64200
X 18812  Y 62400
X 37800  Y 60000
X 32012  Y 58800
X 18812  Y 57600
X 30312  Y 55800
X 39112  Y 54200
X 19000  Y 53400
X 35200  Y 48800
X 22600  Y 48800
X 18812  Y 48000
X 19400  Y 45200
X 23512  Y 43500
X 40412  Y 43200
X 26212  Y 41900
X 21212  Y 41400
X 26212  Y 38700
X 28412  Y 38400
X 18812  Y 38400
X 33212  Y 38400
X 40412  Y 38400
X 40412  Y 33600
X 38012  Y 28800
X 18812  Y 28800
X 28412  Y 28800
X 23612  Y 28800
X 28412  Y 24000
X 33212  Y 24000
X 38012  Y 24000
X 22312  Y 22900
X 28412  Y 19200
X 33212  Y 19200
X 38012  Y 19200
X 22612  Y 19000
X 30912  Y 17300
X 34112  Y 17300
X 27712  Y 17300
X 20012  Y 16700
X 41200  Y 12400
X 38000  Y 12400
X 31600  Y 12400
X 34800  Y 12400
X 22000  Y 12400
X 18800  Y 12400
X 25200  Y 12400
X 28400  Y 12400
X 60400  Y 12400
X 66800  Y 12400
X 63600  Y 12400
X 50800  Y 12400
X 44400  Y 12400
X 57200  Y 12400
X 54000  Y 12400
X 47600  Y 12400
X 46600  Y 17400
X 65045  Y 22443
X 56149  Y 23684
X 62146  Y 23957
X 66812  Y 24000
X 51624  Y 24419
X 46791  Y 24419
X 50012  Y 26400
X 45212  Y 26400
X 57312  Y 26500
X 47612  Y 28800
X 42812  Y 28800
X 52412  Y 28800
X 57413  Y 31062
X 47612  Y 31200
X 42812  Y 31200
X 52412  Y 31200
X 62900  Y 32900
X 59900  Y 33400
X 50012  Y 33600
X 54812  Y 33600
X 45212  Y 33600
X 42812  Y 36000
X 63100  Y 36000
X 47612  Y 36000
X 52412  Y 36000
X 60100  Y 36500
X 63000  Y 38000
X 50012  Y 38400
X 54812  Y 38400
X 60200  Y 38800
X 63400  Y 40900
X 60400  Y 41400
X 50012  Y 43200
X 45212  Y 43200
X 60400  Y 43400
X 63500  Y 45500
X 53000  Y 45700
X 59900  Y 46800
X 61000  Y 48600
X 63600  Y 48800
X 64200  Y 54100
X 43012  Y 54200
X 47012  Y 54200
X 50912  Y 54200
X 54812  Y 55200
X 61100  Y 56900
X 54812  Y 60000
X 57312  Y 62100
X 54112  Y 62100
X 44512  Y 62100
X 50912  Y 62100
X 61000  Y 62400
X 63400  Y 66800
X 67598  Y 66995
X 43400  Y 67000
X 53117  Y 67143
X 57930  Y 67143
X 47903  Y 67164
X 42812  Y 74400
X 47612  Y 74400
X 64412  Y 74400
X 57212  Y 74400
X 52200  Y 74600
X 50012  Y 80400
X 45212  Y 80700
X 62300  Y 81100
X 66500  Y 81500
X 42712  Y 84000
X 45112  Y 85200
X 52800  Y 85600
X 64412  Y 86400
X 59612  Y 86400
X 54000  Y 90400
X 50012  Y 91900
X 47200  Y 93900
X 59900  Y 95300
X 45212  Y 96000
X 49100  Y 96100
X 57100  Y 97200
X 63000  Y 98800
X 59400  Y 99100
X 54900  Y 100200
X 44400  Y 101400
X 52412  Y 103200
X 58812  Y 103400
X 45212  Y 105600
X 63212  Y 106800
X 58600  Y 107100
X 54712  Y 108500
X 59600  Y 110400
X 64412  Y 110400
X 54400  Y 112200
X 46200  Y 113800
X 67212  Y 116300
X 55812  Y 119500
X 46012  Y 120400
X 62212  Y 120400
X 52500  Y 126600
X 56000  Y 126700
X 60500  Y 126700
X 64978  Y 126713
X 54812  Y 129600
X 61900  Y 129900
X 48600  Y 133300
X 59612  Y 134400
X 64412  Y 134400
X 55800  Y 136600
X 53800  Y 136600
X 65000  Y 140400
X 60600  Y 147600
X 63000  Y 147600
X 45212  Y 148800
X 42812  Y 148900
X 66200  Y 149200
X 47200  Y 150800
X 65600  Y 151600
X 49800  Y 176800
X 44600  Y 178400
X 49014  Y 181359
X 43200  Y 195200
X 46400  Y 195600
X 50600  Y 197200
X 67400  Y 199000
X 47600  Y 201400
X 63000  Y 202800
X 54400  Y 203000
X 44200  Y 203800
X 52400  Y 206000
X 50100  Y 208800
X 55200  Y 223200
X 52400  Y 224800
X 44000  Y 226400
X 50400  Y 226600
X 59900  Y 227700
X 57700  Y 229900
X 45000  Y 232000
X 45400  Y 234400
X 56800  Y 236000
X 53600  Y 236000
X 43400  Y 238200
X 53600  Y 239200
X 50400  Y 239200
X 46800  Y 243800
X 55400  Y 245800
X 66110  Y 249012
X 47179  Y 250532
X 66700  Y 251800
X 56200  Y 251900
X 50400  Y 253800
X 46917  Y 256418
X 59930  Y 256949
X 47600  Y 261600
X 50000  Y 262200
X 64800  Y 262600
X 47400  Y 264000
X 53600  Y 264000
X 62600  Y 264200
X 54400  Y 270400
X 44200  Y 270800
X 59800  Y 270800
X 60000  Y 273200
X 59400  Y 276600
X 52857  Y 278491
X 59800  Y 282400
X 45800  Y 284000
X 65993  Y 284849
X 60000  Y 285700
X 60497  Y 289865
X 47200  Y 290400
X 44900  Y 290400
X 46096  Y 292187
X 66600  Y 297400
X 61878  Y 297955
X 45400  Y 298400
X 62990  Y 300122
X 65400  Y 301400
X 61600  Y 302400
X 64028  Y 305091
X 64887  Y 308492
X 59000  Y 309600
X 66685  Y 312449
X 46800  Y 315600
X 62284  Y 318140
X 65200  Y 319200
X 48000  Y 319200
X 62800  Y 321600
X 66070  Y 325510
X 48624  Y 325530
X 49001  Y 327911
X 66226  Y 328408
X 61955  Y 328523
X 58600  Y 331200
X 66000  Y 332600
X 49790  Y 333517
X 44890  Y 334314
X 58600  Y 334800
X 62600  Y 336800
X 43485  Y 337504
X 67000  Y 338600
X 43407  Y 339978
X 62600  Y 342600
X 67000  Y 342600
X 57000  Y 343000
X 59600  Y 353400
X 65200  Y 353400
X 59600  Y 356800
X 54400  Y 356800
X 65000  Y 357000
X 47600  Y 357000
X 54600  Y 360200
X 59600  Y 360200
X 65000  Y 360400
X 59600  Y 363800
X 47400  Y 363800
X 54400  Y 363800
X 65000  Y 363800
X 88225  Y 371750
X 90975  Y 370480
X 87810  Y 369710
X 86085  Y 368670
X 88025  Y 365905
X 86295  Y 364905
X 92295  Y 364576
X 72000  Y 364000
X 79800  Y 364000
X 68400  Y 363800
X 88060  Y 363075
X 86070  Y 362975
X 92248  Y 361236
X 87170  Y 360590
X 68600  Y 360400
X 72000  Y 360400
X 79800  Y 359000
X 87300  Y 357000
X 71954  Y 355579
X 86865  Y 353085
X 76181  Y 352681
X 88110  Y 349850
X 92152  Y 348736
X 70800  Y 348600
X 86180  Y 347750
X 80000  Y 346800
X 88000  Y 345500
X 88000  Y 343500
X 82070  Y 336933
X 72148  Y 336478
X 91409  Y 336453
X 88237  Y 332500
X 91400  Y 332400
X 83108  Y 329604
X 91526  Y 328041
X 70600  Y 325600
X 83108  Y 325297
X 88018  Y 323509
X 83108  Y 321490
X 73061  Y 321119
X 71600  Y 319000
X 83108  Y 317730
X 71400  Y 316600
X 86571  Y 316202
X 71910  Y 314230
X 83108  Y 313969
X 69000  Y 310400
X 83108  Y 309783
X 71720  Y 308200
X 76555  Y 308075
X 83108  Y 306448
X 68000  Y 305500
X 71750  Y 303965
X 83108  Y 302806
X 76617  Y 301673
X 69781  Y 301581
X 88349  Y 300342
X 83108  Y 299104
X 70800  Y 297400
X 90968  Y 295604
X 76617  Y 295406
X 82991  Y 294491
X 69000  Y 294200
X 86398  Y 291662
X 81524  Y 291476
X 76617  Y 289658
X 67700  Y 289600
X 81524  Y 287861
X 70029  Y 287148
X 76575  Y 283921
X 82700  Y 282291
X 86329  Y 281667
X 89776  Y 281184
X 69000  Y 281000
X 72226  Y 279307
X 76596  Y 278837
X 81550  Y 277769
X 68079  Y 276796
X 91233  Y 276392
X 76575  Y 273255
X 82916  Y 272992
X 72618  Y 271394
X 91731  Y 269586
X 76534  Y 268607
X 82221  Y 268236
X 70991  Y 263853
X 76573  Y 263251
X 86714  Y 263195
X 83257  Y 263031
X 67975  Y 262631
X 72814  Y 259950
X 90354  Y 259514
X 81487  Y 258797
X 91200  Y 256000
X 68956  Y 255895
X 79074  Y 255479
X 83001  Y 255203
X 87466  Y 255154
X 89800  Y 251700
X 69937  Y 251186
X 72011  Y 248991
X 70648  Y 246886
X 86891  Y 246804
X 69372  Y 244269
X 73152  Y 240489
X 82400  Y 239200
X 85600  Y 239200
X 92000  Y 239200
X 88800  Y 239200
X 92000  Y 236000
X 85600  Y 236000
X 88800  Y 236000
X 85600  Y 232800
X 92000  Y 232800
X 88800  Y 232800
X 92000  Y 229600
X 85600  Y 229600
X 88800  Y 229600
X 79037  Y 229287
X 85600  Y 226400
X 88800  Y 226400
X 92000  Y 226400
X 75668  Y 221238
X 81600  Y 220800
X 88800  Y 220000
X 85600  Y 220000
X 92000  Y 220000
X 80400  Y 215600
X 69500  Y 215321
X 89200  Y 213500
X 86400  Y 211200
X 72200  Y 210600
X 74200  Y 208400
X 88897  Y 206507
X 84000  Y 206400
X 71200  Y 205400
X 70600  Y 202600
X 87482  Y 202593
X 82300  Y 199400
X 86800  Y 198800
X 83800  Y 181200
X 78200  Y 180900
X 88400  Y 178800
X 81500  Y 177600
X 77600  Y 177400
X 86000  Y 174800
X 78400  Y 174300
X 89700  Y 173500
X 87925  Y 165623
X 76373  Y 165623
X 81997  Y 165623
X 79714  Y 160754
X 85242  Y 160705
X 90600  Y 160600
X 74900  Y 160200
X 88226  Y 156009
X 82454  Y 155862
X 76975  Y 155862
X 85633  Y 153123
X 92286  Y 152927
X 79812  Y 152340
X 68600  Y 150800
X 78812  Y 149600
X 74012  Y 149600
X 72041  Y 139631
X 87400  Y 136800
X 78900  Y 135000
X 74012  Y 134400
X 91421  Y 133930
X 84600  Y 133400
X 69800  Y 132500
X 77000  Y 131900
X 83600  Y 129700
X 69212  Y 129600
X 88412  Y 129600
X 74012  Y 129600
X 78812  Y 129600
X 89198  Y 126400
X 79788  Y 126381
X 84464  Y 126341
X 75034  Y 126341
X 70162  Y 126322
X 74012  Y 120000
X 78812  Y 120000
X 83612  Y 120000
X 88412  Y 120000
X 76500  Y 118400
X 90500  Y 118100
X 81100  Y 117800
X 86100  Y 117800
X 82512  Y 103600
X 92200  Y 103600
X 87012  Y 101800
X 81500  Y 101200
X 78800  Y 95400
X 78812  Y 86400
X 69212  Y 86400
X 74012  Y 86400
X 83400  Y 83300
X 72200  Y 82900
X 75400  Y 82200
X 89300  Y 80400
X 85718  Y 79208
X 76412  Y 79200
X 72500  Y 78900
X 74900  Y 75800
X 69212  Y 74400
X 85200  Y 74200
X 82200  Y 73200
X 79000  Y 70700
X 83900  Y 70065
X 70600  Y 67000
X 78628  Y 66932
X 73900  Y 65900
X 77000  Y 64300
X 70012  Y 62700
X 88012  Y 62700
X 75000  Y 61800
X 69212  Y 60000
X 84912  Y 59900
X 69212  Y 55200
X 81212  Y 55200
X 92200  Y 53300
X 81584  Y 51913
X 76500  Y 50000
X 80800  Y 48000
X 90912  Y 47700
X 76800  Y 46400
X 74012  Y 43200
X 89612  Y 43200
X 78812  Y 43200
X 81700  Y 42200
X 74012  Y 38400
X 78812  Y 38400
X 91412  Y 37100
X 72712  Y 35300
X 74012  Y 33600
X 89612  Y 33300
X 90112  Y 29200
X 71612  Y 28800
X 86012  Y 28800
X 92500  Y 26600
X 69112  Y 26500
X 83800  Y 26000
X 89612  Y 25200
X 86012  Y 24000
X 81212  Y 24000
X 82012  Y 19200
X 76412  Y 17300
X 73200  Y 12400
X 79600  Y 12400
X 76400  Y 12400
X 70000  Y 12400
X 86000  Y 12400
X 89200  Y 12400
X 92400  Y 12400
X 82800  Y 12400
X 108400  Y 12400
X 95600  Y 12400
X 105200  Y 12400
X 111600  Y 12400
X 102000  Y 12400
X 98800  Y 12400
X 114800  Y 12600
X 111412  Y 16600
X 102812  Y 16800
X 97712  Y 19700
X 100812  Y 22500
X 112412  Y 24000
X 107612  Y 24000
X 100412  Y 28800
X 112412  Y 28800
X 107612  Y 28800
X 99000  Y 32000
X 117200  Y 32400
X 112412  Y 33600
X 107312  Y 35000
X 100112  Y 35400
X 116500  Y 37100
X 109200  Y 38100
X 99100  Y 38700
X 113100  Y 39500
X 117300  Y 41300
X 93000  Y 41500
X 100112  Y 42000
X 112412  Y 43200
X 117312  Y 45700
X 104200  Y 46200
X 114400  Y 46800
X 98800  Y 47200
X 95612  Y 48000
X 117312  Y 50100
X 92700  Y 50500
X 98200  Y 50500
X 110400  Y 52000
X 100412  Y 52800
X 95612  Y 52800
X 98300  Y 56100
X 107312  Y 56100
X 104312  Y 56100
X 101300  Y 56100
X 95312  Y 56100
X 117000  Y 58400
X 111612  Y 60600
X 96612  Y 60600
X 99612  Y 60600
X 102612  Y 60600
X 105612  Y 60600
X 108612  Y 60600
X 114700  Y 64900
X 115400  Y 68600
X 103712  Y 69500
X 94712  Y 69500
X 97712  Y 69500
X 106712  Y 69500
X 100712  Y 69500
X 94712  Y 71900
X 103712  Y 71900
X 100712  Y 71900
X 97712  Y 71900
X 114000  Y 72400
X 110600  Y 72400
X 116100  Y 72600
X 107000  Y 73100
X 98012  Y 74400
X 93212  Y 74400
X 109500  Y 75100
X 113200  Y 75100
X 107100  Y 76400
X 95700  Y 76500
X 93212  Y 79200
X 98012  Y 79200
X 95912  Y 83700
X 104600  Y 85800
X 101800  Y 87200
X 99000  Y 87200
X 117000  Y 91600
X 111600  Y 91800
X 111800  Y 95800
X 107900  Y 96000
X 114906  Y 97753
X 105240  Y 111210
X 116198  Y 115234
X 108900  Y 115300
X 117212  Y 120000
X 112412  Y 120000
X 93212  Y 120000
X 112412  Y 124800
X 108352  Y 126322
X 93972  Y 126341
X 98785  Y 126361
X 103480  Y 126361
X 93212  Y 129600
X 98012  Y 129600
X 117212  Y 129600
X 112412  Y 129600
X 102812  Y 129600
X 107612  Y 129600
X 98012  Y 134400
X 107612  Y 134400
X 102812  Y 134400
X 112412  Y 134400
X 101482  Y 143046
X 96101  Y 143095
X 116108  Y 143193
X 117212  Y 148800
X 112412  Y 148800
X 95612  Y 149112
X 106471  Y 149161
X 100846  Y 149258
X 103781  Y 152389
X 97911  Y 152634
X 116827  Y 153595
X 107612  Y 153600
X 112412  Y 153600
X 94927  Y 156498
X 110400  Y 158400
X 115200  Y 158400
X 102622  Y 160648
X 108430  Y 160648
X 96527  Y 162448
X 112412  Y 163200
X 117212  Y 163200
X 106303  Y 165761
X 94400  Y 165843
X 100168  Y 165884
X 111016  Y 172828
X 95899  Y 172843
X 98800  Y 175200
X 104561  Y 177762
X 94905  Y 177976
X 109493  Y 178031
X 93212  Y 182400
X 98012  Y 182400
X 107612  Y 182400
X 102812  Y 182400
X 116000  Y 182500
X 112300  Y 182900
X 113800  Y 192600
X 107405  Y 197177
X 112809  Y 197177
X 99408  Y 197521
X 94004  Y 197521
X 103875  Y 202675
X 98471  Y 202675
X 112584  Y 203166
X 93212  Y 206400
X 116781  Y 207093
X 107276  Y 207973
X 104410  Y 210922
X 109814  Y 210922
X 93212  Y 211200
X 101062  Y 215699
X 93212  Y 216000
X 114400  Y 220000
X 111200  Y 220000
X 104800  Y 220000
X 98400  Y 220000
X 95200  Y 220000
X 101600  Y 220000
X 108000  Y 220000
X 111200  Y 223200
X 114400  Y 223200
X 108000  Y 223200
X 104800  Y 223200
X 98400  Y 223200
X 95200  Y 223200
X 101600  Y 223200
X 108000  Y 226400
X 114400  Y 226400
X 111200  Y 226400
X 98400  Y 226400
X 104800  Y 226400
X 101600  Y 226400
X 98400  Y 229600
X 114400  Y 229600
X 111200  Y 229600
X 95200  Y 229600
X 101600  Y 229600
X 108000  Y 229600
X 104800  Y 229600
X 114400  Y 232800
X 108000  Y 232800
X 104800  Y 232800
X 101600  Y 232800
X 111200  Y 232800
X 111200  Y 236000
X 98400  Y 236000
X 101600  Y 236000
X 114400  Y 236000
X 108000  Y 236000
X 104800  Y 236000
X 101600  Y 239200
X 108000  Y 239200
X 111200  Y 239200
X 98400  Y 239200
X 114400  Y 239200
X 104800  Y 239200
X 114988  Y 243678
X 108600  Y 245000
X 104738  Y 246386
X 98143  Y 250144
X 102943  Y 250144
X 93343  Y 250144
X 113800  Y 250400
X 116200  Y 250400
X 112200  Y 253000
X 101200  Y 255800
X 98060  Y 256150
X 93692  Y 256873
X 97484  Y 258772
X 103800  Y 259800
X 98049  Y 261158
X 99859  Y 262816
X 94093  Y 262975
X 104182  Y 263563
X 107557  Y 264690
X 117300  Y 265000
X 103297  Y 268590
X 108830  Y 269586
X 96822  Y 269586
X 99829  Y 274737
X 105063  Y 274737
X 94498  Y 275175
X 112353  Y 277634
X 99549  Y 279130
X 103848  Y 279223
X 108522  Y 279316
X 116372  Y 279597
X 112260  Y 282214
X 94758  Y 286575
X 107020  Y 286631
X 112540  Y 286700
X 101000  Y 286854
X 94194  Y 290468
X 102728  Y 290867
X 101600  Y 295600
X 97378  Y 297555
X 92912  Y 298900
X 115438  Y 303336
X 101842  Y 304600
X 97600  Y 304884
X 99600  Y 308000
X 113101  Y 309318
X 117027  Y 309785
X 104703  Y 310979
X 109643  Y 311468
X 95483  Y 312269
X 113382  Y 313150
X 109737  Y 314365
X 95200  Y 318800
X 112167  Y 320814
X 116372  Y 320907
X 97768  Y 323889
X 100600  Y 332600
X 106894  Y 333422
X 93867  Y 333670
X 114653  Y 336016
X 103619  Y 337001
X 102219  Y 341008
X 109423  Y 341771
X 98497  Y 342773
X 105463  Y 343727
X 114003  Y 343775
X 107467  Y 348498
X 113096  Y 349357
X 104223  Y 351981
X 94400  Y 352400
X 99070  Y 352744
X 116675  Y 358374
X 109375  Y 359709
X 95349  Y 361236
X 114623  Y 361713
X 100644  Y 362906
X 117212  Y 364800
X 112412  Y 364800
X 104747  Y 365912
X 108946  Y 366055
X 99642  Y 366150
X 114885  Y 370280
X 111525  Y 370522
X 94105  Y 370600
X 108575  Y 371045
X 105941  Y 371211
X 96800  Y 371385
X 102800  Y 371395
X 99325  Y 371775
X 117935  Y 370453
X 120465  Y 370235
X 123060  Y 367375
X 125255  Y 365240
X 127173  Y 363284
X 120157  Y 361332
X 130035  Y 360805
X 121255  Y 356608
X 127695  Y 355559
X 136350  Y 354655
X 118917  Y 353889
X 132300  Y 352600
X 122100  Y 352600
X 128173  Y 351217
X 124018  Y 350481
X 139295  Y 350100
X 134232  Y 348832
X 140400  Y 348215
X 135600  Y 344400
X 121064  Y 343536
X 127171  Y 343107
X 132609  Y 342964
X 138048  Y 341055
X 133277  Y 339004
X 123736  Y 337429
X 136283  Y 336666
X 131274  Y 334567
X 125071  Y 334090
X 137582  Y 328103
X 139200  Y 325400
X 133000  Y 323600
X 129815  Y 323443
X 136000  Y 323000
X 124130  Y 322942
X 142000  Y 321200
X 128285  Y 321080
X 137800  Y 320800
X 132936  Y 320434
X 126554  Y 314370
X 118989  Y 312683
X 140181  Y 311711
X 124818  Y 311672
X 130754  Y 310280
X 136893  Y 309593
X 127879  Y 305570
X 121463  Y 305145
X 118685  Y 302000
X 136000  Y 301200
X 126400  Y 299600
X 122541  Y 297635
X 135667  Y 296775
X 126186  Y 293523
X 121513  Y 292775
X 135427  Y 291167
X 131765  Y 290644
X 124036  Y 288850
X 117868  Y 287822
X 121232  Y 286700
X 126186  Y 285392
X 140018  Y 284644
X 135158  Y 284550
X 130205  Y 284550
X 118055  Y 283522
X 123600  Y 282800
X 120391  Y 279971
X 131139  Y 279877
X 126279  Y 279877
X 139645  Y 279784
X 135158  Y 279784
X 122941  Y 272906
X 131961  Y 272906
X 137218  Y 272574
X 124900  Y 265100
X 140600  Y 265000
X 131400  Y 265000
X 137600  Y 259800
X 135200  Y 258200
X 141000  Y 257800
X 138513  Y 250003
X 134600  Y 249600
X 142200  Y 244200
X 138869  Y 243718
X 134069  Y 243718
X 129269  Y 243718
X 119788  Y 243678
X 124588  Y 243678
X 133600  Y 239200
X 130400  Y 239200
X 127200  Y 239200
X 136812  Y 239200
X 120800  Y 239200
X 117600  Y 239200
X 124000  Y 239200
X 140000  Y 239200
X 117600  Y 236000
X 133600  Y 236000
X 130400  Y 236000
X 136812  Y 236000
X 140000  Y 236000
X 120800  Y 236000
X 127200  Y 236000
X 124000  Y 236000
X 124000  Y 232800
X 127200  Y 232800
X 130400  Y 232800
X 133600  Y 232800
X 140000  Y 232800
X 120800  Y 232800
X 117600  Y 232800
X 136800  Y 232800
X 117600  Y 229600
X 136812  Y 229600
X 120800  Y 229600
X 133600  Y 229600
X 130412  Y 229600
X 124000  Y 229600
X 127200  Y 229600
X 140000  Y 229600
X 117600  Y 226400
X 130400  Y 226400
X 127200  Y 226400
X 133600  Y 226400
X 136812  Y 226400
X 140000  Y 226400
X 120800  Y 226400
X 124000  Y 226400
X 117600  Y 223200
X 130400  Y 223200
X 127200  Y 223200
X 120800  Y 223200
X 133600  Y 223200
X 136800  Y 223200
X 139987  Y 223200
X 124000  Y 223200
X 127200  Y 220000
X 139987  Y 220000
X 120800  Y 220000
X 136800  Y 220000
X 133600  Y 220000
X 130400  Y 220000
X 117600  Y 220000
X 124000  Y 220000
X 139238  Y 216469
X 124400  Y 214400
X 117885  Y 212738
X 129323  Y 210578
X 134727  Y 210578
X 140171  Y 209596
X 122185  Y 207093
X 132800  Y 206200
X 126966  Y 205473
X 140367  Y 205031
X 117988  Y 203166
X 140417  Y 199386
X 130211  Y 198797
X 124807  Y 198797
X 118874  Y 192124
X 120941  Y 192124
X 126377  Y 191581
X 131781  Y 191581
X 137373  Y 191237
X 121282  Y 187212
X 118902  Y 187212
X 138748  Y 186132
X 132400  Y 185400
X 124200  Y 184300
X 131805  Y 182844
X 120000  Y 182400
X 136800  Y 180200
X 140814  Y 180045
X 128640  Y 177437
X 119000  Y 175500
X 123600  Y 173700
X 141599  Y 173468
X 136800  Y 173400
X 126632  Y 166497
X 141006  Y 164730
X 126812  Y 163200
X 122874  Y 163100
X 131547  Y 162616
X 130200  Y 158700
X 126812  Y 158400
X 141212  Y 158400
X 122874  Y 158300
X 119556  Y 157665
X 141212  Y 153600
X 126812  Y 153600
X 122563  Y 153581
X 130334  Y 150195
X 122012  Y 148800
X 141735  Y 148675
X 125200  Y 144800
X 136412  Y 144000
X 141212  Y 144000
X 142100  Y 139300
X 126800  Y 137800
X 141212  Y 134400
X 126812  Y 134400
X 136412  Y 134400
X 132000  Y 133800
X 122200  Y 133200
X 136800  Y 129800
X 141212  Y 129600
X 125180  Y 126958
X 141431  Y 125038
X 119922  Y 124886
X 126812  Y 124800
X 131932  Y 121191
X 141212  Y 120000
X 125318  Y 119946
X 120900  Y 118700
X 128300  Y 116500
X 131903  Y 116340
X 125090  Y 115234
X 121400  Y 114000
X 141203  Y 113030
X 127800  Y 111700
X 131961  Y 111086
X 125394  Y 108774
X 141203  Y 106190
X 131903  Y 105976
X 128300  Y 105500
X 119162  Y 102542
X 125698  Y 102466
X 132048  Y 101010
X 128900  Y 99300
X 140671  Y 99121
X 120000  Y 98300
X 126812  Y 96000
X 131932  Y 95351
X 123400  Y 95000
X 120226  Y 92129
X 131800  Y 91900
X 123900  Y 91600
X 126937  Y 90442
X 120500  Y 88400
X 127048  Y 87610
X 131800  Y 87500
X 123000  Y 87000
X 138400  Y 85400
X 126992  Y 84861
X 131800  Y 83100
X 139600  Y 82800
X 136412  Y 81600
X 127000  Y 81200
X 139600  Y 80000
X 123800  Y 79600
X 127000  Y 78800
X 131800  Y 78700
X 129400  Y 75600
X 136412  Y 72000
X 131877  Y 71434
X 120400  Y 69200
X 124600  Y 67600
X 136412  Y 67200
X 139600  Y 67200
X 120400  Y 66000
X 129723  Y 64242
X 139600  Y 63400
X 130400  Y 61800
X 130000  Y 58500
X 139800  Y 58500
X 125800  Y 57800
X 137600  Y 56500
X 122300  Y 54600
X 130500  Y 54600
X 139800  Y 54500
X 137600  Y 52500
X 126700  Y 51300
X 139700  Y 50500
X 122300  Y 50300
X 137600  Y 48500
X 131612  Y 48000
X 125800  Y 47200
X 122300  Y 46900
X 135400  Y 44700
X 126000  Y 44000
X 122012  Y 43200
X 131612  Y 43200
X 141212  Y 43200
X 135000  Y 39800
X 122012  Y 38400
X 126812  Y 38400
X 135600  Y 37300
X 141000  Y 35300
X 126812  Y 33600
X 131612  Y 33600
X 122012  Y 33600
X 141400  Y 32000
X 131612  Y 28800
X 122012  Y 28800
X 126812  Y 28800
X 117600  Y 28600
X 136600  Y 28400
X 117600  Y 25400
X 122012  Y 24000
X 131612  Y 24000
X 126812  Y 24000
X 117600  Y 22200
X 136412  Y 19200
X 126812  Y 19200
X 131612  Y 19200
X 117600  Y 19000
X 117600  Y 15800
X 141212  Y 14400
X 126812  Y 14400
X 131612  Y 14400
X 121200  Y 12600
X 118000  Y 12600
X 141000  Y 9600
X 146012  Y 14400
X 146012  Y 24000
X 148000  Y 28600
X 145000  Y 30800
X 153183  Y 32520
X 150541  Y 33001
X 147600  Y 34200
X 156000  Y 34800
X 144059  Y 35198
X 146100  Y 36900
X 151287  Y 39297
X 154912  Y 39710
X 159000  Y 42200
X 150812  Y 43200
X 146012  Y 43200
X 146012  Y 48000
X 150812  Y 48000
X 155612  Y 48000
X 151000  Y 52400
X 146012  Y 52800
X 155612  Y 52800
X 149400  Y 54800
X 155400  Y 56400
X 150400  Y 57200
X 146012  Y 57600
X 154200  Y 58600
X 158000  Y 59000
X 155400  Y 62000
X 150600  Y 63000
X 158000  Y 65000
X 155612  Y 67200
X 150600  Y 67200
X 150600  Y 71800
X 155612  Y 72000
X 149400  Y 75300
X 153600  Y 77200
X 154400  Y 79600
X 160400  Y 80000
X 149000  Y 81200
X 156400  Y 84200
X 152500  Y 84500
X 151600  Y 88600
X 159100  Y 90300
X 148800  Y 91800
X 156099  Y 93633
X 146000  Y 93800
X 146000  Y 96400
X 156100  Y 97200
X 155612  Y 100800
X 150171  Y 100869
X 159600  Y 103200
X 142800  Y 103600
X 155612  Y 105600
X 150171  Y 112802
X 143500  Y 116100
X 165212  Y 120000
X 155612  Y 120000
X 160412  Y 120000
X 150400  Y 121600
X 165200  Y 124700
X 160412  Y 134400
X 155612  Y 134400
X 150812  Y 134400
X 165212  Y 134400
X 155612  Y 139200
X 150812  Y 139200
X 160412  Y 139200
X 165212  Y 139200
X 160412  Y 144000
X 160412  Y 148800
X 164900  Y 148800
X 151200  Y 149800
X 150812  Y 153600
X 155612  Y 153600
X 160412  Y 153600
X 165300  Y 155000
X 155612  Y 158400
X 152300  Y 159500
X 155612  Y 163200
X 152000  Y 165600
X 159700  Y 165800
X 151600  Y 169200
X 159700  Y 170700
X 158100  Y 174900
X 154460  Y 175382
X 149056  Y 175382
X 149200  Y 179800
X 152595  Y 179947
X 156400  Y 181500
X 152600  Y 184000
X 143600  Y 186000
X 149891  Y 186181
X 155295  Y 186181
X 149800  Y 190800
X 153920  Y 190943
X 142777  Y 191237
X 152995  Y 194661
X 156800  Y 195300
X 153700  Y 198600
X 156400  Y 199700
X 158821  Y 201986
X 150400  Y 202700
X 158771  Y 207631
X 158575  Y 212196
X 149841  Y 212934
X 149600  Y 216800
X 152800  Y 216800
X 156000  Y 216800
X 159400  Y 216800
X 143200  Y 220000
X 156000  Y 220000
X 152800  Y 220000
X 159400  Y 220000
X 149600  Y 220000
X 156000  Y 223200
X 152800  Y 223200
X 149600  Y 223200
X 143200  Y 223200
X 159400  Y 223200
X 143200  Y 226400
X 156000  Y 226400
X 152800  Y 226400
X 159400  Y 226400
X 149600  Y 226400
X 156000  Y 229600
X 152800  Y 229600
X 149600  Y 229600
X 143200  Y 229600
X 159400  Y 229600
X 156000  Y 232800
X 159400  Y 232800
X 143200  Y 232800
X 152800  Y 232800
X 149600  Y 232800
X 156000  Y 236000
X 152800  Y 236000
X 149600  Y 236000
X 159400  Y 236000
X 143200  Y 236000
X 159400  Y 239200
X 152800  Y 239200
X 149600  Y 239200
X 156000  Y 239200
X 143200  Y 239200
X 156000  Y 242400
X 159400  Y 242400
X 149600  Y 242400
X 152800  Y 242400
X 156000  Y 245600
X 152800  Y 245600
X 159400  Y 245600
X 149600  Y 245600
X 143600  Y 247200
X 147800  Y 248200
X 156000  Y 248800
X 152800  Y 248800
X 159400  Y 248800
X 152726  Y 251456
X 151973  Y 253800
X 145000  Y 255200
X 150105  Y 257221
X 143800  Y 257800
X 150270  Y 259700
X 152600  Y 261400
X 151300  Y 264400
X 144600  Y 264600
X 159000  Y 265300
X 145000  Y 267000
X 161982  Y 275671
X 157215  Y 275671
X 152823  Y 275765
X 147495  Y 275765
X 143009  Y 277073
X 161889  Y 280438
X 157496  Y 280531
X 152542  Y 280812
X 143570  Y 280905
X 148337  Y 281466
X 145065  Y 284550
X 143414  Y 292650
X 152585  Y 294621
X 151049  Y 297388
X 143804  Y 298614
X 146423  Y 304912
X 152387  Y 307866
X 146560  Y 310275
X 145364  Y 313439
X 154000  Y 314000
X 150323  Y 315012
X 142800  Y 317500
X 148541  Y 318455
X 155800  Y 318800
X 150800  Y 320800
X 152418  Y 325253
X 144200  Y 326200
X 148800  Y 328400
X 145309  Y 330075
X 149600  Y 332600
X 148286  Y 336100
X 145170  Y 339535
X 144880  Y 342440
X 142715  Y 344240

End of Listing
